Calling target program-options parser
Adding interface s2-eth1 as port 1
[20:42:47.200] [bmv2] [D] [thread 15212] Adding interface s2-eth1 as port 1
Adding interface s2-eth2 as port 2
[20:42:47.232] [bmv2] [D] [thread 15212] Adding interface s2-eth2 as port 2
Adding interface s2-eth3 as port 3
[20:42:47.264] [bmv2] [D] [thread 15212] Adding interface s2-eth3 as port 3
I1115 20:42:47.296580992   15212 server_builder.cc:247]      Synchronous server. Num CQs: 1, Min pollers: 1, Max Pollers: 2147483647, CQ timeout (msec): 1000
Server listening on 0.0.0.0:50052
Thrift server was started
New connection
P4Runtime SetForwardingPipelineConfig
[20:42:49.657] [bmv2] [D] [thread 15265] Set default default entry for table 'MyIngress.ipv4_lpm': MyIngress.drop - 
[20:42:49.661] [bmv2] [D] [thread 15270] [0.0] [cxt 0] Processing packet received on port 1
[20:42:49.661] [bmv2] [D] [thread 15270] [0.0] [cxt 0] Parser 'parser': start
[20:42:49.661] [bmv2] [D] [thread 15270] [0.0] [cxt 0] Parser 'parser' entering state 'start'
[20:42:49.661] [bmv2] [D] [thread 15270] [0.0] [cxt 0] Extracting header 'ethernet'
[20:42:49.661] [bmv2] [D] [thread 15270] [0.0] [cxt 0] Parser state 'start': key is 86dd
P4Runtime Write
[20:42:49.661] [bmv2] [T] [thread 15270] [0.0] [cxt 0] Bytes parsed: 14
[20:42:49.661] [bmv2] [T] [thread 15270] [0.0] [cxt 0] Skipping checksum 'cksum' verification because target field invalid
[20:42:49.661] [bmv2] [D] [thread 15270] [0.0] [cxt 0] Parser 'parser': end
[20:42:49.661] [bmv2] [D] [thread 15270] [0.0] [cxt 0] Pipeline 'ingress': start
[20:42:49.661] [bmv2] [T] [thread 15270] [0.0] [cxt 0] basic.p4(114) Condition "hdr.ipv4.isValid()" (node_2) is false
[20:42:49.661] [bmv2] [D] [thread 15270] [0.0] [cxt 0] Pipeline 'ingress': end
[20:42:49.661] [bmv2] [D] [thread 15270] [0.0] [cxt 0] Egress port is 0
[20:42:49.661] [bmv2] [D] [thread 15270] [1.0] [cxt 0] Processing packet received on port 2
[20:42:49.661] [bmv2] [D] [thread 15270] [1.0] [cxt 0] Parser 'parser': start
[20:42:49.661] [bmv2] [D] [thread 15270] [1.0] [cxt 0] Parser 'parser' entering state 'start'
[20:42:49.661] [bmv2] [D] [thread 15270] [1.0] [cxt 0] Extracting header 'ethernet'
[20:42:49.661] [bmv2] [D] [thread 15270] [1.0] [cxt 0] Parser state 'start': key is 86dd
[20:42:49.661] [bmv2] [T] [thread 15270] [1.0] [cxt 0] Bytes parsed: 14
[20:42:49.661] [bmv2] [T] [thread 15270] [1.0] [cxt 0] Skipping checksum 'cksum' verification because target field invalid
[20:42:49.661] [bmv2] [D] [thread 15270] [1.0] [cxt 0] Parser 'parser': end
[20:42:49.661] [bmv2] [D] [thread 15270] [1.0] [cxt 0] Pipeline 'ingress': start
[20:42:49.661] [bmv2] [T] [thread 15270] [1.0] [cxt 0] basic.p4(114) Condition "hdr.ipv4.isValid()" (node_2) is false
[20:42:49.661] [bmv2] [D] [thread 15270] [1.0] [cxt 0] Pipeline 'ingress': end
[20:42:49.661] [bmv2] [D] [thread 15270] [1.0] [cxt 0] Egress port is 0
[20:42:49.661] [bmv2] [D] [thread 15270] [2.0] [cxt 0] Processing packet received on port 3
[20:42:49.661] [bmv2] [D] [thread 15270] [2.0] [cxt 0] Parser 'parser': start
[20:42:49.661] [bmv2] [D] [thread 15270] [2.0] [cxt 0] Parser 'parser' entering state 'start'
[20:42:49.661] [bmv2] [D] [thread 15270] [2.0] [cxt 0] Extracting header 'ethernet'
[20:42:49.661] [bmv2] [D] [thread 15270] [2.0] [cxt 0] Parser state 'start': key is 86dd
[20:42:49.661] [bmv2] [T] [thread 15270] [2.0] [cxt 0] Bytes parsed: 14
[20:42:49.661] [bmv2] [T] [thread 15270] [2.0] [cxt 0] Skipping checksum 'cksum' verification because target field invalid
[20:42:49.661] [bmv2] [D] [thread 15270] [2.0] [cxt 0] Parser 'parser': end
[20:42:49.661] [bmv2] [D] [thread 15270] [2.0] [cxt 0] Pipeline 'ingress': start
[20:42:49.661] [bmv2] [T] [thread 15270] [2.0] [cxt 0] basic.p4(114) Condition "hdr.ipv4.isValid()" (node_2) is false
[20:42:49.661] [bmv2] [D] [thread 15270] [2.0] [cxt 0] Pipeline 'ingress': end
[20:42:49.661] [bmv2] [D] [thread 15270] [2.0] [cxt 0] Egress port is 0
[20:42:49.661] [bmv2] [D] [thread 15270] [3.0] [cxt 0] Processing packet received on port 1
[20:42:49.661] [bmv2] [D] [thread 15270] [3.0] [cxt 0] Parser 'parser': start
[20:42:49.661] [bmv2] [D] [thread 15270] [3.0] [cxt 0] Parser 'parser' entering state 'start'
[20:42:49.661] [bmv2] [D] [thread 15270] [3.0] [cxt 0] Extracting header 'ethernet'
[20:42:49.661] [bmv2] [D] [thread 15270] [3.0] [cxt 0] Parser state 'start': key is 86dd
[20:42:49.662] [bmv2] [T] [thread 15270] [3.0] [cxt 0] Bytes parsed: 14
[20:42:49.662] [bmv2] [T] [thread 15270] [3.0] [cxt 0] Skipping checksum 'cksum' verification because target field invalid
[20:42:49.662] [bmv2] [D] [thread 15270] [3.0] [cxt 0] Parser 'parser': end
[20:42:49.662] [bmv2] [D] [thread 15270] [3.0] [cxt 0] Pipeline 'ingress': start
[20:42:49.662] [bmv2] [T] [thread 15270] [3.0] [cxt 0] basic.p4(114) Condition "hdr.ipv4.isValid()" (node_2) is false
[20:42:49.662] [bmv2] [D] [thread 15270] [3.0] [cxt 0] Pipeline 'ingress': end
[20:42:49.662] [bmv2] [D] [thread 15270] [3.0] [cxt 0] Egress port is 0
[20:42:49.662] [bmv2] [D] [thread 15271] [0.0] [cxt 0] Pipeline 'egress': start
[20:42:49.662] [bmv2] [D] [thread 15271] [0.0] [cxt 0] Pipeline 'egress': end
[20:42:49.662] [bmv2] [D] [thread 15271] [0.0] [cxt 0] Deparser 'deparser': start
[20:42:49.662] [bmv2] [T] [thread 15271] [0.0] [cxt 0] Skipping checksum 'cksum' update because condition not met
[20:42:49.662] [bmv2] [D] [thread 15271] [0.0] [cxt 0] Deparsing header 'ethernet'
[20:42:49.662] [bmv2] [D] [thread 15271] [0.0] [cxt 0] Deparser 'deparser': end
[20:42:49.662] [bmv2] [D] [thread 15275] [0.0] [cxt 0] Transmitting packet of size 90 out of port 0
[20:42:49.662] [bmv2] [D] [thread 15271] [1.0] [cxt 0] Pipeline 'egress': start
[20:42:49.662] [bmv2] [D] [thread 15271] [1.0] [cxt 0] Pipeline 'egress': end
[20:42:49.662] [bmv2] [D] [thread 15271] [1.0] [cxt 0] Deparser 'deparser': start
[20:42:49.662] [bmv2] [T] [thread 15271] [1.0] [cxt 0] Skipping checksum 'cksum' update because condition not met
[20:42:49.662] [bmv2] [D] [thread 15271] [1.0] [cxt 0] Deparsing header 'ethernet'
[20:42:49.662] [bmv2] [D] [thread 15271] [1.0] [cxt 0] Deparser 'deparser': end
[20:42:49.662] [bmv2] [D] [thread 15275] [1.0] [cxt 0] Transmitting packet of size 90 out of port 0
[20:42:49.662] [bmv2] [D] [thread 15271] [2.0] [cxt 0] Pipeline 'egress': start
[20:42:49.662] [bmv2] [D] [thread 15271] [2.0] [cxt 0] Pipeline 'egress': end
[20:42:49.662] [bmv2] [D] [thread 15271] [2.0] [cxt 0] Deparser 'deparser': start
[20:42:49.662] [bmv2] [T] [thread 15271] [2.0] [cxt 0] Skipping checksum 'cksum' update because condition not met
[20:42:49.662] [bmv2] [D] [thread 15271] [2.0] [cxt 0] Deparsing header 'ethernet'
[20:42:49.662] [bmv2] [D] [thread 15271] [2.0] [cxt 0] Deparser 'deparser': end
[20:42:49.662] [bmv2] [D] [thread 15275] [2.0] [cxt 0] Transmitting packet of size 90 out of port 0
[20:42:49.662] [bmv2] [D] [thread 15271] [3.0] [cxt 0] Pipeline 'egress': start
[20:42:49.662] [bmv2] [D] [thread 15271] [3.0] [cxt 0] Pipeline 'egress': end
[20:42:49.662] [bmv2] [D] [thread 15271] [3.0] [cxt 0] Deparser 'deparser': start
[20:42:49.662] [bmv2] [T] [thread 15271] [3.0] [cxt 0] Skipping checksum 'cksum' update because condition not met
[20:42:49.662] [bmv2] [D] [thread 15271] [3.0] [cxt 0] Deparsing header 'ethernet'
[20:42:49.662] [bmv2] [D] [thread 15271] [3.0] [cxt 0] Deparser 'deparser': end
[20:42:49.662] [bmv2] [D] [thread 15275] [3.0] [cxt 0] Transmitting packet of size 70 out of port 0
[20:42:49.665] [bmv2] [D] [thread 15270] [4.0] [cxt 0] Processing packet received on port 2
[20:42:49.665] [bmv2] [D] [thread 15270] [4.0] [cxt 0] Parser 'parser': start
[20:42:49.665] [bmv2] [D] [thread 15270] [4.0] [cxt 0] Parser 'parser' entering state 'start'
[20:42:49.665] [bmv2] [D] [thread 15270] [4.0] [cxt 0] Extracting header 'ethernet'
[20:42:49.665] [bmv2] [D] [thread 15270] [4.0] [cxt 0] Parser state 'start': key is 86dd
[20:42:49.665] [bmv2] [T] [thread 15270] [4.0] [cxt 0] Bytes parsed: 14
[20:42:49.665] [bmv2] [T] [thread 15270] [4.0] [cxt 0] Skipping checksum 'cksum' verification because target field invalid
[20:42:49.665] [bmv2] [D] [thread 15270] [4.0] [cxt 0] Parser 'parser': end
[20:42:49.665] [bmv2] [D] [thread 15270] [4.0] [cxt 0] Pipeline 'ingress': start
[20:42:49.665] [bmv2] [T] [thread 15270] [4.0] [cxt 0] basic.p4(114) Condition "hdr.ipv4.isValid()" (node_2) is false
[20:42:49.665] [bmv2] [D] [thread 15270] [4.0] [cxt 0] Pipeline 'ingress': end
[20:42:49.665] [bmv2] [D] [thread 15270] [4.0] [cxt 0] Egress port is 0
[20:42:49.665] [bmv2] [D] [thread 15270] [5.0] [cxt 0] Processing packet received on port 3
[20:42:49.665] [bmv2] [D] [thread 15270] [5.0] [cxt 0] Parser 'parser': start
[20:42:49.665] [bmv2] [D] [thread 15270] [5.0] [cxt 0] Parser 'parser' entering state 'start'
[20:42:49.665] [bmv2] [D] [thread 15270] [5.0] [cxt 0] Extracting header 'ethernet'
[20:42:49.665] [bmv2] [D] [thread 15270] [5.0] [cxt 0] Parser state 'start': key is 86dd
[20:42:49.665] [bmv2] [T] [thread 15270] [5.0] [cxt 0] Bytes parsed: 14
[20:42:49.665] [bmv2] [T] [thread 15270] [5.0] [cxt 0] Skipping checksum 'cksum' verification because target field invalid
[20:42:49.665] [bmv2] [D] [thread 15270] [5.0] [cxt 0] Parser 'parser': end
[20:42:49.665] [bmv2] [D] [thread 15270] [5.0] [cxt 0] Pipeline 'ingress': start
[20:42:49.665] [bmv2] [T] [thread 15270] [5.0] [cxt 0] basic.p4(114) Condition "hdr.ipv4.isValid()" (node_2) is false
[20:42:49.665] [bmv2] [D] [thread 15271] [4.0] [cxt 0] Pipeline 'egress': start
[20:42:49.665] [bmv2] [D] [thread 15271] [4.0] [cxt 0] Pipeline 'egress': end
[20:42:49.665] [bmv2] [D] [thread 15271] [4.0] [cxt 0] Deparser 'deparser': start
[20:42:49.665] [bmv2] [D] [thread 15270] [5.0] [cxt 0] Pipeline 'ingress': end
[20:42:49.665] [bmv2] [D] [thread 15270] [5.0] [cxt 0] Egress port is 0
[20:42:49.665] [bmv2] [T] [thread 15271] [4.0] [cxt 0] Skipping checksum 'cksum' update because condition not met
[20:42:49.665] [bmv2] [D] [thread 15271] [4.0] [cxt 0] Deparsing header 'ethernet'
[20:42:49.666] [bmv2] [D] [thread 15271] [4.0] [cxt 0] Deparser 'deparser': end
[20:42:49.666] [bmv2] [D] [thread 15275] [4.0] [cxt 0] Transmitting packet of size 70 out of port 0
[20:42:49.666] [bmv2] [D] [thread 15271] [5.0] [cxt 0] Pipeline 'egress': start
[20:42:49.666] [bmv2] [D] [thread 15271] [5.0] [cxt 0] Pipeline 'egress': end
[20:42:49.666] [bmv2] [D] [thread 15271] [5.0] [cxt 0] Deparser 'deparser': start
[20:42:49.666] [bmv2] [T] [thread 15271] [5.0] [cxt 0] Skipping checksum 'cksum' update because condition not met
[20:42:49.666] [bmv2] [D] [thread 15271] [5.0] [cxt 0] Deparsing header 'ethernet'
[20:42:49.666] [bmv2] [D] [thread 15271] [5.0] [cxt 0] Deparser 'deparser': end
[20:42:49.666] [bmv2] [D] [thread 15275] [5.0] [cxt 0] Transmitting packet of size 90 out of port 0
[20:42:49.665] [bmv2] [D] [thread 15270] [6.0] [cxt 0] Processing packet received on port 1
[20:42:49.667] [bmv2] [D] [thread 15270] [6.0] [cxt 0] Parser 'parser': start
[20:42:49.667] [bmv2] [D] [thread 15270] [6.0] [cxt 0] Parser 'parser' entering state 'start'
[20:42:49.667] [bmv2] [D] [thread 15270] [6.0] [cxt 0] Extracting header 'ethernet'
[20:42:49.667] [bmv2] [D] [thread 15270] [6.0] [cxt 0] Parser state 'start': key is 86dd
[20:42:49.667] [bmv2] [T] [thread 15270] [6.0] [cxt 0] Bytes parsed: 14
[20:42:49.667] [bmv2] [T] [thread 15270] [6.0] [cxt 0] Skipping checksum 'cksum' verification because target field invalid
[20:42:49.667] [bmv2] [D] [thread 15270] [6.0] [cxt 0] Parser 'parser': end
[20:42:49.667] [bmv2] [D] [thread 15270] [6.0] [cxt 0] Pipeline 'ingress': start
[20:42:49.667] [bmv2] [T] [thread 15270] [6.0] [cxt 0] basic.p4(114) Condition "hdr.ipv4.isValid()" (node_2) is false
[20:42:49.667] [bmv2] [D] [thread 15270] [6.0] [cxt 0] Pipeline 'ingress': end
[20:42:49.667] [bmv2] [D] [thread 15270] [6.0] [cxt 0] Egress port is 0
[20:42:49.667] [bmv2] [D] [thread 15270] [7.0] [cxt 0] Processing packet received on port 2
[20:42:49.667] [bmv2] [D] [thread 15270] [7.0] [cxt 0] Parser 'parser': start
[20:42:49.667] [bmv2] [D] [thread 15270] [7.0] [cxt 0] Parser 'parser' entering state 'start'
[20:42:49.667] [bmv2] [D] [thread 15270] [7.0] [cxt 0] Extracting header 'ethernet'
[20:42:49.667] [bmv2] [D] [thread 15270] [7.0] [cxt 0] Parser state 'start': key is 86dd
[20:42:49.667] [bmv2] [T] [thread 15270] [7.0] [cxt 0] Bytes parsed: 14
[20:42:49.667] [bmv2] [T] [thread 15270] [7.0] [cxt 0] Skipping checksum 'cksum' verification because target field invalid
[20:42:49.667] [bmv2] [D] [thread 15270] [7.0] [cxt 0] Parser 'parser': end
[20:42:49.667] [bmv2] [D] [thread 15270] [7.0] [cxt 0] Pipeline 'ingress': start
[20:42:49.667] [bmv2] [T] [thread 15270] [7.0] [cxt 0] basic.p4(114) Condition "hdr.ipv4.isValid()" (node_2) is false
[20:42:49.667] [bmv2] [D] [thread 15270] [7.0] [cxt 0] Pipeline 'ingress': end
[20:42:49.667] [bmv2] [D] [thread 15270] [7.0] [cxt 0] Egress port is 0
[20:42:49.667] [bmv2] [D] [thread 15270] [8.0] [cxt 0] Processing packet received on port 3
[20:42:49.667] [bmv2] [D] [thread 15271] [6.0] [cxt 0] Pipeline 'egress': start
[20:42:49.668] [bmv2] [D] [thread 15271] [6.0] [cxt 0] Pipeline 'egress': end
[20:42:49.668] [bmv2] [D] [thread 15271] [6.0] [cxt 0] Deparser 'deparser': start
[20:42:49.668] [bmv2] [T] [thread 15271] [6.0] [cxt 0] Skipping checksum 'cksum' update because condition not met
[20:42:49.668] [bmv2] [D] [thread 15271] [6.0] [cxt 0] Deparsing header 'ethernet'
[20:42:49.668] [bmv2] [D] [thread 15271] [6.0] [cxt 0] Deparser 'deparser': end
[20:42:49.668] [bmv2] [D] [thread 15275] [6.0] [cxt 0] Transmitting packet of size 90 out of port 0
[20:42:49.668] [bmv2] [D] [thread 15271] [7.0] [cxt 0] Pipeline 'egress': start
[20:42:49.668] [bmv2] [D] [thread 15271] [7.0] [cxt 0] Pipeline 'egress': end
[20:42:49.668] [bmv2] [D] [thread 15271] [7.0] [cxt 0] Deparser 'deparser': start
[20:42:49.668] [bmv2] [T] [thread 15271] [7.0] [cxt 0] Skipping checksum 'cksum' update because condition not met
[20:42:49.668] [bmv2] [D] [thread 15271] [7.0] [cxt 0] Deparsing header 'ethernet'
[20:42:49.668] [bmv2] [D] [thread 15271] [7.0] [cxt 0] Deparser 'deparser': end
[20:42:49.668] [bmv2] [D] [thread 15275] [7.0] [cxt 0] Transmitting packet of size 90 out of port 0
device_id: 1
election_id {
  low: 1
}
updates {
  type: INSERT
  entity {
    table_entry {
      table_id: 33574068
      action {
        action {
          action_id: 16805608
        }
      }
      is_default_action: true
    }
  }
}
[20:42:49.668] [bmv2] [D] [thread 15265] Set default entry for table 'MyIngress.ipv4_lpm': MyIngress.drop - 
[20:42:49.668] [bmv2] [D] [thread 15270] [8.0] [cxt 0] Parser 'parser': start
[20:42:49.668] [bmv2] [D] [thread 15270] [8.0] [cxt 0] Parser 'parser' entering state 'start'
[20:42:49.668] [bmv2] [D] [thread 15270] [8.0] [cxt 0] Extracting header 'ethernet'
[20:42:49.668] [bmv2] [D] [thread 15270] [8.0] [cxt 0] Parser state 'start': key is 86dd
[20:42:49.668] [bmv2] [T] [thread 15270] [8.0] [cxt 0] Bytes parsed: 14
[20:42:49.668] [bmv2] [T] [thread 15270] [8.0] [cxt 0] Skipping checksum 'cksum' verification because target field invalid
[20:42:49.668] [bmv2] [D] [thread 15270] [8.0] [cxt 0] Parser 'parser': end
[20:42:49.668] [bmv2] [D] [thread 15270] [8.0] [cxt 0] Pipeline 'ingress': start
[20:42:49.668] [bmv2] [T] [thread 15270] [8.0] [cxt 0] basic.p4(114) Condition "hdr.ipv4.isValid()" (node_2) is false
[20:42:49.669] [bmv2] [D] [thread 15270] [8.0] [cxt 0] Pipeline 'ingress': end
[20:42:49.669] [bmv2] [D] [thread 15270] [8.0] [cxt 0] Egress port is 0
[20:42:49.669] [bmv2] [D] [thread 15270] [9.0] [cxt 0] Processing packet received on port 1
[20:42:49.669] [bmv2] [D] [thread 15270] [9.0] [cxt 0] Parser 'parser': start
[20:42:49.669] [bmv2] [D] [thread 15270] [9.0] [cxt 0] Parser 'parser' entering state 'start'
[20:42:49.669] [bmv2] [D] [thread 15270] [9.0] [cxt 0] Extracting header 'ethernet'
[20:42:49.669] [bmv2] [D] [thread 15270] [9.0] [cxt 0] Parser state 'start': key is 86dd
[20:42:49.669] [bmv2] [T] [thread 15270] [9.0] [cxt 0] Bytes parsed: 14
[20:42:49.669] [bmv2] [T] [thread 15270] [9.0] [cxt 0] Skipping checksum 'cksum' verification because target field invalid
[20:42:49.669] [bmv2] [D] [thread 15270] [9.0] [cxt 0] Parser 'parser': end
[20:42:49.669] [bmv2] [D] [thread 15270] [9.0] [cxt 0] Pipeline 'ingress': start
[20:42:49.669] [bmv2] [T] [thread 15270] [9.0] [cxt 0] basic.p4(114) Condition "hdr.ipv4.isValid()" (node_2) is false
[20:42:49.669] [bmv2] [D] [thread 15270] [9.0] [cxt 0] Pipeline 'ingress': end
[20:42:49.669] [bmv2] [D] [thread 15270] [9.0] [cxt 0] Egress port is 0
[20:42:49.669] [bmv2] [D] [thread 15270] [10.0] [cxt 0] Processing packet received on port 2
[20:42:49.669] [bmv2] [D] [thread 15270] [10.0] [cxt 0] Parser 'parser': start
[20:42:49.669] [bmv2] [D] [thread 15270] [10.0] [cxt 0] Parser 'parser' entering state 'start'
[20:42:49.669] [bmv2] [D] [thread 15270] [10.0] [cxt 0] Extracting header 'ethernet'
[20:42:49.669] [bmv2] [D] [thread 15270] [10.0] [cxt 0] Parser state 'start': key is 86dd
[20:42:49.669] [bmv2] [T] [thread 15270] [10.0] [cxt 0] Bytes parsed: 14
[20:42:49.669] [bmv2] [T] [thread 15270] [10.0] [cxt 0] Skipping checksum 'cksum' verification because target field invalid
[20:42:49.669] [bmv2] [D] [thread 15270] [10.0] [cxt 0] Parser 'parser': end
[20:42:49.669] [bmv2] [D] [thread 15270] [10.0] [cxt 0] Pipeline 'ingress': start
[20:42:49.669] [bmv2] [T] [thread 15270] [10.0] [cxt 0] basic.p4(114) Condition "hdr.ipv4.isValid()" (node_2) is false
[20:42:49.669] [bmv2] [D] [thread 15270] [10.0] [cxt 0] Pipeline 'ingress': end
[20:42:49.669] [bmv2] [D] [thread 15270] [10.0] [cxt 0] Egress port is 0
[20:42:49.669] [bmv2] [D] [thread 15270] [11.0] [cxt 0] Processing packet received on port 3
[20:42:49.669] [bmv2] [D] [thread 15270] [11.0] [cxt 0] Parser 'parser': start
[20:42:49.669] [bmv2] [D] [thread 15270] [11.0] [cxt 0] Parser 'parser' entering state 'start'
[20:42:49.669] [bmv2] [D] [thread 15270] [11.0] [cxt 0] Extracting header 'ethernet'
[20:42:49.669] [bmv2] [D] [thread 15270] [11.0] [cxt 0] Parser state 'start': key is 86dd
[20:42:49.669] [bmv2] [T] [thread 15270] [11.0] [cxt 0] Bytes parsed: 14
[20:42:49.669] [bmv2] [T] [thread 15270] [11.0] [cxt 0] Skipping checksum 'cksum' verification because target field invalid
[20:42:49.669] [bmv2] [D] [thread 15270] [11.0] [cxt 0] Parser 'parser': end
[20:42:49.669] [bmv2] [D] [thread 15270] [11.0] [cxt 0] Pipeline 'ingress': start
[20:42:49.669] [bmv2] [T] [thread 15270] [11.0] [cxt 0] basic.p4(114) Condition "hdr.ipv4.isValid()" (node_2) is false
[20:42:49.669] [bmv2] [D] [thread 15270] [11.0] [cxt 0] Pipeline 'ingress': end
[20:42:49.669] [bmv2] [D] [thread 15270] [11.0] [cxt 0] Egress port is 0
[20:42:49.669] [bmv2] [D] [thread 15270] [12.0] [cxt 0] Processing packet received on port 1
[20:42:49.669] [bmv2] [D] [thread 15270] [12.0] [cxt 0] Parser 'parser': start
[20:42:49.669] [bmv2] [D] [thread 15270] [12.0] [cxt 0] Parser 'parser' entering state 'start'
[20:42:49.669] [bmv2] [D] [thread 15270] [12.0] [cxt 0] Extracting header 'ethernet'
[20:42:49.669] [bmv2] [D] [thread 15270] [12.0] [cxt 0] Parser state 'start': key is 86dd
[20:42:49.669] [bmv2] [T] [thread 15270] [12.0] [cxt 0] Bytes parsed: 14
[20:42:49.669] [bmv2] [T] [thread 15270] [12.0] [cxt 0] Skipping checksum 'cksum' verification because target field invalid
[20:42:49.669] [bmv2] [D] [thread 15270] [12.0] [cxt 0] Parser 'parser': end
[20:42:49.669] [bmv2] [D] [thread 15270] [12.0] [cxt 0] Pipeline 'ingress': start
[20:42:49.669] [bmv2] [T] [thread 15270] [12.0] [cxt 0] basic.p4(114) Condition "hdr.ipv4.isValid()" (node_2) is false
[20:42:49.669] [bmv2] [D] [thread 15270] [12.0] [cxt 0] Pipeline 'ingress': end
[20:42:49.669] [bmv2] [D] [thread 15270] [12.0] [cxt 0] Egress port is 0
[20:42:49.669] [bmv2] [D] [thread 15270] [13.0] [cxt 0] Processing packet received on port 2
[20:42:49.669] [bmv2] [D] [thread 15270] [13.0] [cxt 0] Parser 'parser': start
[20:42:49.669] [bmv2] [D] [thread 15270] [13.0] [cxt 0] Parser 'parser' entering state 'start'
[20:42:49.669] [bmv2] [D] [thread 15270] [13.0] [cxt 0] Extracting header 'ethernet'
[20:42:49.669] [bmv2] [D] [thread 15270] [13.0] [cxt 0] Parser state 'start': key is 86dd
[20:42:49.669] [bmv2] [T] [thread 15270] [13.0] [cxt 0] Bytes parsed: 14
[20:42:49.669] [bmv2] [T] [thread 15270] [13.0] [cxt 0] Skipping checksum 'cksum' verification because target field invalid
[20:42:49.670] [bmv2] [D] [thread 15270] [13.0] [cxt 0] Parser 'parser': end
[20:42:49.670] [bmv2] [D] [thread 15270] [13.0] [cxt 0] Pipeline 'ingress': start
[20:42:49.670] [bmv2] [T] [thread 15270] [13.0] [cxt 0] basic.p4(114) Condition "hdr.ipv4.isValid()" (node_2) is false
[20:42:49.670] [bmv2] [D] [thread 15270] [13.0] [cxt 0] Pipeline 'ingress': end
[20:42:49.670] [bmv2] [D] [thread 15270] [13.0] [cxt 0] Egress port is 0
[20:42:49.670] [bmv2] [D] [thread 15270] [14.0] [cxt 0] Processing packet received on port 3
[20:42:49.670] [bmv2] [D] [thread 15270] [14.0] [cxt 0] Parser 'parser': start
[20:42:49.670] [bmv2] [D] [thread 15270] [14.0] [cxt 0] Parser 'parser' entering state 'start'
[20:42:49.670] [bmv2] [D] [thread 15270] [14.0] [cxt 0] Extracting header 'ethernet'
[20:42:49.670] [bmv2] [D] [thread 15270] [14.0] [cxt 0] Parser state 'start': key is 86dd
[20:42:49.670] [bmv2] [T] [thread 15270] [14.0] [cxt 0] Bytes parsed: 14
[20:42:49.670] [bmv2] [T] [thread 15270] [14.0] [cxt 0] Skipping checksum 'cksum' verification because target field invalid
[20:42:49.670] [bmv2] [D] [thread 15270] [14.0] [cxt 0] Parser 'parser': end
[20:42:49.670] [bmv2] [D] [thread 15270] [14.0] [cxt 0] Pipeline 'ingress': start
[20:42:49.670] [bmv2] [T] [thread 15270] [14.0] [cxt 0] basic.p4(114) Condition "hdr.ipv4.isValid()" (node_2) is false
[20:42:49.670] [bmv2] [D] [thread 15270] [14.0] [cxt 0] Pipeline 'ingress': end
[20:42:49.670] [bmv2] [D] [thread 15270] [14.0] [cxt 0] Egress port is 0
[20:42:49.670] [bmv2] [D] [thread 15270] [15.0] [cxt 0] Processing packet received on port 1
[20:42:49.670] [bmv2] [D] [thread 15270] [15.0] [cxt 0] Parser 'parser': start
[20:42:49.670] [bmv2] [D] [thread 15270] [15.0] [cxt 0] Parser 'parser' entering state 'start'
[20:42:49.670] [bmv2] [D] [thread 15270] [15.0] [cxt 0] Extracting header 'ethernet'
[20:42:49.670] [bmv2] [D] [thread 15270] [15.0] [cxt 0] Parser state 'start': key is 86dd
[20:42:49.670] [bmv2] [T] [thread 15270] [15.0] [cxt 0] Bytes parsed: 14
[20:42:49.670] [bmv2] [T] [thread 15270] [15.0] [cxt 0] Skipping checksum 'cksum' verification because target field invalid
[20:42:49.670] [bmv2] [D] [thread 15270] [15.0] [cxt 0] Parser 'parser': end
[20:42:49.670] [bmv2] [D] [thread 15270] [15.0] [cxt 0] Pipeline 'ingress': start
[20:42:49.670] [bmv2] [T] [thread 15270] [15.0] [cxt 0] basic.p4(114) Condition "hdr.ipv4.isValid()" (node_2) is false
[20:42:49.670] [bmv2] [D] [thread 15270] [15.0] [cxt 0] Pipeline 'ingress': end
[20:42:49.670] [bmv2] [D] [thread 15270] [15.0] [cxt 0] Egress port is 0
[20:42:49.670] [bmv2] [D] [thread 15270] [16.0] [cxt 0] Processing packet received on port 2
[20:42:49.670] [bmv2] [D] [thread 15270] [16.0] [cxt 0] Parser 'parser': start
[20:42:49.670] [bmv2] [D] [thread 15270] [16.0] [cxt 0] Parser 'parser' entering state 'start'
[20:42:49.670] [bmv2] [D] [thread 15270] [16.0] [cxt 0] Extracting header 'ethernet'
[20:42:49.670] [bmv2] [D] [thread 15270] [16.0] [cxt 0] Parser state 'start': key is 86dd
[20:42:49.670] [bmv2] [T] [thread 15270] [16.0] [cxt 0] Bytes parsed: 14
[20:42:49.670] [bmv2] [T] [thread 15270] [16.0] [cxt 0] Skipping checksum 'cksum' verification because target field invalid
[20:42:49.670] [bmv2] [D] [thread 15270] [16.0] [cxt 0] Parser 'parser': end
[20:42:49.670] [bmv2] [D] [thread 15270] [16.0] [cxt 0] Pipeline 'ingress': start
[20:42:49.670] [bmv2] [T] [thread 15270] [16.0] [cxt 0] basic.p4(114) Condition "hdr.ipv4.isValid()" (node_2) is false
[20:42:49.670] [bmv2] [D] [thread 15270] [16.0] [cxt 0] Pipeline 'ingress': end
[20:42:49.670] [bmv2] [D] [thread 15270] [16.0] [cxt 0] Egress port is 0
[20:42:49.670] [bmv2] [D] [thread 15270] [17.0] [cxt 0] Processing packet received on port 3
[20:42:49.670] [bmv2] [D] [thread 15270] [17.0] [cxt 0] Parser 'parser': start
[20:42:49.670] [bmv2] [D] [thread 15270] [17.0] [cxt 0] Parser 'parser' entering state 'start'
[20:42:49.670] [bmv2] [D] [thread 15270] [17.0] [cxt 0] Extracting header 'ethernet'
[20:42:49.670] [bmv2] [D] [thread 15270] [17.0] [cxt 0] Parser state 'start': key is 86dd
[20:42:49.670] [bmv2] [T] [thread 15270] [17.0] [cxt 0] Bytes parsed: 14
[20:42:49.670] [bmv2] [T] [thread 15270] [17.0] [cxt 0] Skipping checksum 'cksum' verification because target field invalid
[20:42:49.670] [bmv2] [D] [thread 15270] [17.0] [cxt 0] Parser 'parser': end
[20:42:49.670] [bmv2] [D] [thread 15270] [17.0] [cxt 0] Pipeline 'ingress': start
[20:42:49.670] [bmv2] [T] [thread 15270] [17.0] [cxt 0] basic.p4(114) Condition "hdr.ipv4.isValid()" (node_2) is false
[20:42:49.670] [bmv2] [D] [thread 15270] [17.0] [cxt 0] Pipeline 'ingress': end
[20:42:49.670] [bmv2] [D] [thread 15270] [17.0] [cxt 0] Egress port is 0
[20:42:49.670] [bmv2] [D] [thread 15270] [18.0] [cxt 0] Processing packet received on port 1
[20:42:49.670] [bmv2] [D] [thread 15270] [18.0] [cxt 0] Parser 'parser': start
[20:42:49.670] [bmv2] [D] [thread 15270] [18.0] [cxt 0] Parser 'parser' entering state 'start'
[20:42:49.670] [bmv2] [D] [thread 15270] [18.0] [cxt 0] Extracting header 'ethernet'
[20:42:49.670] [bmv2] [D] [thread 15270] [18.0] [cxt 0] Parser state 'start': key is 86dd
[20:42:49.670] [bmv2] [T] [thread 15270] [18.0] [cxt 0] Bytes parsed: 14
[20:42:49.670] [bmv2] [T] [thread 15270] [18.0] [cxt 0] Skipping checksum 'cksum' verification because target field invalid
[20:42:49.670] [bmv2] [D] [thread 15270] [18.0] [cxt 0] Parser 'parser': end
[20:42:49.670] [bmv2] [D] [thread 15270] [18.0] [cxt 0] Pipeline 'ingress': start
[20:42:49.670] [bmv2] [T] [thread 15270] [18.0] [cxt 0] basic.p4(114) Condition "hdr.ipv4.isValid()" (node_2) is false
[20:42:49.670] [bmv2] [D] [thread 15270] [18.0] [cxt 0] Pipeline 'ingress': end
[20:42:49.670] [bmv2] [D] [thread 15270] [18.0] [cxt 0] Egress port is 0
[20:42:49.670] [bmv2] [D] [thread 15270] [19.0] [cxt 0] Processing packet received on port 2
[20:42:49.670] [bmv2] [D] [thread 15270] [19.0] [cxt 0] Parser 'parser': start
[20:42:49.670] [bmv2] [D] [thread 15270] [19.0] [cxt 0] Parser 'parser' entering state 'start'
[20:42:49.670] [bmv2] [D] [thread 15270] [19.0] [cxt 0] Extracting header 'ethernet'
[20:42:49.670] [bmv2] [D] [thread 15270] [19.0] [cxt 0] Parser state 'start': key is 86dd
[20:42:49.670] [bmv2] [T] [thread 15270] [19.0] [cxt 0] Bytes parsed: 14
[20:42:49.670] [bmv2] [T] [thread 15270] [19.0] [cxt 0] Skipping checksum 'cksum' verification because target field invalid
[20:42:49.670] [bmv2] [D] [thread 15270] [19.0] [cxt 0] Parser 'parser': end
[20:42:49.670] [bmv2] [D] [thread 15270] [19.0] [cxt 0] Pipeline 'ingress': start
[20:42:49.670] [bmv2] [T] [thread 15270] [19.0] [cxt 0] basic.p4(114) Condition "hdr.ipv4.isValid()" (node_2) is false
[20:42:49.670] [bmv2] [D] [thread 15270] [19.0] [cxt 0] Pipeline 'ingress': end
[20:42:49.670] [bmv2] [D] [thread 15270] [19.0] [cxt 0] Egress port is 0
[20:42:49.670] [bmv2] [D] [thread 15270] [20.0] [cxt 0] Processing packet received on port 3
[20:42:49.670] [bmv2] [D] [thread 15270] [20.0] [cxt 0] Parser 'parser': start
[20:42:49.670] [bmv2] [D] [thread 15270] [20.0] [cxt 0] Parser 'parser' entering state 'start'
[20:42:49.670] [bmv2] [D] [thread 15270] [20.0] [cxt 0] Extracting header 'ethernet'
[20:42:49.670] [bmv2] [D] [thread 15270] [20.0] [cxt 0] Parser state 'start': key is 86dd
[20:42:49.670] [bmv2] [T] [thread 15270] [20.0] [cxt 0] Bytes parsed: 14
[20:42:49.670] [bmv2] [T] [thread 15270] [20.0] [cxt 0] Skipping checksum 'cksum' verification because target field invalid
[20:42:49.671] [bmv2] [D] [thread 15270] [20.0] [cxt 0] Parser 'parser': end
[20:42:49.671] [bmv2] [D] [thread 15270] [20.0] [cxt 0] Pipeline 'ingress': start
[20:42:49.671] [bmv2] [T] [thread 15270] [20.0] [cxt 0] basic.p4(114) Condition "hdr.ipv4.isValid()" (node_2) is false
[20:42:49.671] [bmv2] [D] [thread 15270] [20.0] [cxt 0] Pipeline 'ingress': end
[20:42:49.671] [bmv2] [D] [thread 15270] [20.0] [cxt 0] Egress port is 0
[20:42:49.671] [bmv2] [D] [thread 15271] [8.0] [cxt 0] Pipeline 'egress': start
[20:42:49.671] [bmv2] [D] [thread 15271] [8.0] [cxt 0] Pipeline 'egress': end
[20:42:49.671] [bmv2] [D] [thread 15271] [8.0] [cxt 0] Deparser 'deparser': start
[20:42:49.671] [bmv2] [T] [thread 15271] [8.0] [cxt 0] Skipping checksum 'cksum' update because condition not met
[20:42:49.671] [bmv2] [D] [thread 15271] [8.0] [cxt 0] Deparsing header 'ethernet'
[20:42:49.671] [bmv2] [D] [thread 15271] [8.0] [cxt 0] Deparser 'deparser': end
[20:42:49.671] [bmv2] [D] [thread 15271] [9.0] [cxt 0] Pipeline 'egress': start
[20:42:49.671] [bmv2] [D] [thread 15271] [9.0] [cxt 0] Pipeline 'egress': end
[20:42:49.671] [bmv2] [D] [thread 15271] [9.0] [cxt 0] Deparser 'deparser': start
[20:42:49.671] [bmv2] [T] [thread 15271] [9.0] [cxt 0] Skipping checksum 'cksum' update because condition not met
[20:42:49.671] [bmv2] [D] [thread 15271] [9.0] [cxt 0] Deparsing header 'ethernet'
[20:42:49.671] [bmv2] [D] [thread 15271] [9.0] [cxt 0] Deparser 'deparser': end
[20:42:49.671] [bmv2] [D] [thread 15271] [10.0] [cxt 0] Pipeline 'egress': start
[20:42:49.671] [bmv2] [D] [thread 15271] [10.0] [cxt 0] Pipeline 'egress': end
[20:42:49.671] [bmv2] [D] [thread 15271] [10.0] [cxt 0] Deparser 'deparser': start
[20:42:49.671] [bmv2] [T] [thread 15271] [10.0] [cxt 0] Skipping checksum 'cksum' update because condition not met
[20:42:49.671] [bmv2] [D] [thread 15271] [10.0] [cxt 0] Deparsing header 'ethernet'
[20:42:49.671] [bmv2] [D] [thread 15271] [10.0] [cxt 0] Deparser 'deparser': end
[20:42:49.671] [bmv2] [D] [thread 15271] [11.0] [cxt 0] Pipeline 'egress': start
[20:42:49.671] [bmv2] [D] [thread 15271] [11.0] [cxt 0] Pipeline 'egress': end
[20:42:49.671] [bmv2] [D] [thread 15271] [11.0] [cxt 0] Deparser 'deparser': start
[20:42:49.671] [bmv2] [T] [thread 15271] [11.0] [cxt 0] Skipping checksum 'cksum' update because condition not met
[20:42:49.671] [bmv2] [D] [thread 15271] [11.0] [cxt 0] Deparsing header 'ethernet'
[20:42:49.671] [bmv2] [D] [thread 15271] [11.0] [cxt 0] Deparser 'deparser': end
[20:42:49.671] [bmv2] [D] [thread 15271] [12.0] [cxt 0] Pipeline 'egress': start
[20:42:49.671] [bmv2] [D] [thread 15271] [12.0] [cxt 0] Pipeline 'egress': end
[20:42:49.671] [bmv2] [D] [thread 15271] [12.0] [cxt 0] Deparser 'deparser': start
[20:42:49.671] [bmv2] [T] [thread 15271] [12.0] [cxt 0] Skipping checksum 'cksum' update because condition not met
[20:42:49.671] [bmv2] [D] [thread 15271] [12.0] [cxt 0] Deparsing header 'ethernet'
[20:42:49.671] [bmv2] [D] [thread 15271] [12.0] [cxt 0] Deparser 'deparser': end
[20:42:49.671] [bmv2] [D] [thread 15271] [13.0] [cxt 0] Pipeline 'egress': start
[20:42:49.671] [bmv2] [D] [thread 15271] [13.0] [cxt 0] Pipeline 'egress': end
[20:42:49.671] [bmv2] [D] [thread 15271] [13.0] [cxt 0] Deparser 'deparser': start
[20:42:49.671] [bmv2] [T] [thread 15271] [13.0] [cxt 0] Skipping checksum 'cksum' update because condition not met
[20:42:49.671] [bmv2] [D] [thread 15271] [13.0] [cxt 0] Deparsing header 'ethernet'
[20:42:49.671] [bmv2] [D] [thread 15271] [13.0] [cxt 0] Deparser 'deparser': end
[20:42:49.671] [bmv2] [D] [thread 15271] [14.0] [cxt 0] Pipeline 'egress': start
[20:42:49.671] [bmv2] [D] [thread 15271] [14.0] [cxt 0] Pipeline 'egress': end
[20:42:49.671] [bmv2] [D] [thread 15271] [14.0] [cxt 0] Deparser 'deparser': start
[20:42:49.671] [bmv2] [T] [thread 15271] [14.0] [cxt 0] Skipping checksum 'cksum' update because condition not met
[20:42:49.671] [bmv2] [D] [thread 15271] [14.0] [cxt 0] Deparsing header 'ethernet'
[20:42:49.671] [bmv2] [D] [thread 15271] [14.0] [cxt 0] Deparser 'deparser': end
[20:42:49.671] [bmv2] [D] [thread 15271] [15.0] [cxt 0] Pipeline 'egress': start
[20:42:49.671] [bmv2] [D] [thread 15271] [15.0] [cxt 0] Pipeline 'egress': end
[20:42:49.671] [bmv2] [D] [thread 15271] [15.0] [cxt 0] Deparser 'deparser': start
[20:42:49.671] [bmv2] [T] [thread 15271] [15.0] [cxt 0] Skipping checksum 'cksum' update because condition not met
[20:42:49.671] [bmv2] [D] [thread 15271] [15.0] [cxt 0] Deparsing header 'ethernet'
[20:42:49.671] [bmv2] [D] [thread 15271] [15.0] [cxt 0] Deparser 'deparser': end
[20:42:49.671] [bmv2] [D] [thread 15271] [16.0] [cxt 0] Pipeline 'egress': start
[20:42:49.671] [bmv2] [D] [thread 15271] [16.0] [cxt 0] Pipeline 'egress': end
[20:42:49.671] [bmv2] [D] [thread 15271] [16.0] [cxt 0] Deparser 'deparser': start
[20:42:49.671] [bmv2] [T] [thread 15271] [16.0] [cxt 0] Skipping checksum 'cksum' update because condition not met
[20:42:49.671] [bmv2] [D] [thread 15271] [16.0] [cxt 0] Deparsing header 'ethernet'
[20:42:49.671] [bmv2] [D] [thread 15271] [16.0] [cxt 0] Deparser 'deparser': end
[20:42:49.671] [bmv2] [D] [thread 15271] [17.0] [cxt 0] Pipeline 'egress': start
[20:42:49.671] [bmv2] [D] [thread 15271] [17.0] [cxt 0] Pipeline 'egress': end
[20:42:49.671] [bmv2] [D] [thread 15271] [17.0] [cxt 0] Deparser 'deparser': start
[20:42:49.671] [bmv2] [T] [thread 15271] [17.0] [cxt 0] Skipping checksum 'cksum' update because condition not met
[20:42:49.671] [bmv2] [D] [thread 15271] [17.0] [cxt 0] Deparsing header 'ethernet'
[20:42:49.671] [bmv2] [D] [thread 15271] [17.0] [cxt 0] Deparser 'deparser': end
[20:42:49.672] [bmv2] [D] [thread 15271] [18.0] [cxt 0] Pipeline 'egress': start
[20:42:49.672] [bmv2] [D] [thread 15271] [18.0] [cxt 0] Pipeline 'egress': end
[20:42:49.672] [bmv2] [D] [thread 15271] [18.0] [cxt 0] Deparser 'deparser': start
[20:42:49.672] [bmv2] [T] [thread 15271] [18.0] [cxt 0] Skipping checksum 'cksum' update because condition not met
[20:42:49.672] [bmv2] [D] [thread 15271] [18.0] [cxt 0] Deparsing header 'ethernet'
[20:42:49.672] [bmv2] [D] [thread 15271] [18.0] [cxt 0] Deparser 'deparser': end
[20:42:49.672] [bmv2] [D] [thread 15271] [19.0] [cxt 0] Pipeline 'egress': start
[20:42:49.672] [bmv2] [D] [thread 15271] [19.0] [cxt 0] Pipeline 'egress': end
[20:42:49.672] [bmv2] [D] [thread 15271] [19.0] [cxt 0] Deparser 'deparser': start
[20:42:49.672] [bmv2] [T] [thread 15271] [19.0] [cxt 0] Skipping checksum 'cksum' update because condition not met
[20:42:49.672] [bmv2] [D] [thread 15271] [19.0] [cxt 0] Deparsing header 'ethernet'
[20:42:49.672] [bmv2] [D] [thread 15271] [19.0] [cxt 0] Deparser 'deparser': end
[20:42:49.672] [bmv2] [D] [thread 15271] [20.0] [cxt 0] Pipeline 'egress': start
[20:42:49.672] [bmv2] [D] [thread 15271] [20.0] [cxt 0] Pipeline 'egress': end
[20:42:49.672] [bmv2] [D] [thread 15271] [20.0] [cxt 0] Deparser 'deparser': start
[20:42:49.672] [bmv2] [T] [thread 15271] [20.0] [cxt 0] Skipping checksum 'cksum' update because condition not met
[20:42:49.672] [bmv2] [D] [thread 15271] [20.0] [cxt 0] Deparsing header 'ethernet'
[20:42:49.672] [bmv2] [D] [thread 15271] [20.0] [cxt 0] Deparser 'deparser': end
[20:42:49.672] [bmv2] [D] [thread 15275] [8.0] [cxt 0] Transmitting packet of size 70 out of port 0
[20:42:49.672] [bmv2] [D] [thread 15275] [9.0] [cxt 0] Transmitting packet of size 90 out of port 0
[20:42:49.672] [bmv2] [D] [thread 15275] [10.0] [cxt 0] Transmitting packet of size 208 out of port 0
[20:42:49.672] [bmv2] [D] [thread 15275] [11.0] [cxt 0] Transmitting packet of size 90 out of port 0
[20:42:49.672] [bmv2] [D] [thread 15275] [12.0] [cxt 0] Transmitting packet of size 208 out of port 0
[20:42:49.672] [bmv2] [D] [thread 15275] [13.0] [cxt 0] Transmitting packet of size 180 out of port 0
[20:42:49.672] [bmv2] [D] [thread 15275] [14.0] [cxt 0] Transmitting packet of size 180 out of port 0
[20:42:49.672] [bmv2] [D] [thread 15275] [15.0] [cxt 0] Transmitting packet of size 180 out of port 0
[20:42:49.672] [bmv2] [D] [thread 15275] [16.0] [cxt 0] Transmitting packet of size 90 out of port 0
[20:42:49.672] [bmv2] [D] [thread 15275] [17.0] [cxt 0] Transmitting packet of size 208 out of port 0
[20:42:49.672] [bmv2] [D] [thread 15275] [18.0] [cxt 0] Transmitting packet of size 110 out of port 0
[20:42:49.672] [bmv2] [D] [thread 15275] [19.0] [cxt 0] Transmitting packet of size 70 out of port 0
[20:42:49.672] [bmv2] [D] [thread 15275] [20.0] [cxt 0] Transmitting packet of size 90 out of port 0
P4Runtime Write
device_id: 1
election_id {
  low: 1
}
updates {
  type: INSERT
  entity {
    table_entry {
      table_id: 33574068
      match {
        field_id: 1
        lpm {
          value: "\n\000\001\001"
          prefix_len: 32
        }
      }
      action {
        action {
          action_id: 16799317
          params {
            param_id: 1
            value: "\000\000\000\001\002\000"
          }
          params {
            param_id: 2
            value: "\000\002"
          }
        }
      }
    }
  }
}
[20:42:49.673] [bmv2] [D] [thread 15265] Entry 0 added to table 'MyIngress.ipv4_lpm'
[20:42:49.673] [bmv2] [D] [thread 15265] Dumping entry 0
Match key:
* hdr.ipv4.dstAddr    : LPM       0a000101/32
Action entry: MyIngress.ipv4_forward - 10200,2,

P4Runtime Write
device_id: 1
election_id {
  low: 1
}
updates {
  type: INSERT
  entity {
    table_entry {
      table_id: 33574068
      match {
        field_id: 1
        lpm {
          value: "\n\000\002\002"
          prefix_len: 32
        }
      }
      action {
        action {
          action_id: 16799317
          params {
            param_id: 1
            value: "\000\000\000\000\002\002"
          }
          params {
            param_id: 2
            value: "\000\001"
          }
        }
      }
    }
  }
}
[20:42:49.677] [bmv2] [D] [thread 15265] Entry 1 added to table 'MyIngress.ipv4_lpm'
[20:42:49.677] [bmv2] [D] [thread 15265] Dumping entry 1
Match key:
* hdr.ipv4.dstAddr    : LPM       0a000202/32
Action entry: MyIngress.ipv4_forward - 202,1,

P4Runtime Write
device_id: 1
election_id {
  low: 1
}
updates {
  type: INSERT
  entity {
    table_entry {
      table_id: 33574068
      match {
        field_id: 1
        lpm {
          value: "\n\000\003\003"
          prefix_len: 32
        }
      }
      action {
        action {
          action_id: 16799317
          params {
            param_id: 1
            value: "\000\000\000\003\003\000"
          }
          params {
            param_id: 2
            value: "\000\003"
          }
        }
      }
    }
  }
}
[20:42:49.682] [bmv2] [D] [thread 15265] Entry 2 added to table 'MyIngress.ipv4_lpm'
[20:42:49.682] [bmv2] [D] [thread 15265] Dumping entry 2
Match key:
* hdr.ipv4.dstAddr    : LPM       0a000303/32
Action entry: MyIngress.ipv4_forward - 30300,3,

Connection removed
[20:42:49.747] [bmv2] [D] [thread 15270] [21.0] [cxt 0] Processing packet received on port 2
[20:42:49.747] [bmv2] [D] [thread 15270] [21.0] [cxt 0] Parser 'parser': start
[20:42:49.747] [bmv2] [D] [thread 15270] [21.0] [cxt 0] Parser 'parser' entering state 'start'
[20:42:49.747] [bmv2] [D] [thread 15270] [21.0] [cxt 0] Extracting header 'ethernet'
[20:42:49.747] [bmv2] [D] [thread 15270] [21.0] [cxt 0] Parser state 'start': key is 86dd
[20:42:49.747] [bmv2] [T] [thread 15270] [21.0] [cxt 0] Bytes parsed: 14
[20:42:49.747] [bmv2] [T] [thread 15270] [21.0] [cxt 0] Skipping checksum 'cksum' verification because target field invalid
[20:42:49.747] [bmv2] [D] [thread 15270] [21.0] [cxt 0] Parser 'parser': end
[20:42:49.747] [bmv2] [D] [thread 15270] [21.0] [cxt 0] Pipeline 'ingress': start
[20:42:49.747] [bmv2] [T] [thread 15270] [21.0] [cxt 0] basic.p4(114) Condition "hdr.ipv4.isValid()" (node_2) is false
[20:42:49.747] [bmv2] [D] [thread 15270] [21.0] [cxt 0] Pipeline 'ingress': end
[20:42:49.747] [bmv2] [D] [thread 15270] [21.0] [cxt 0] Egress port is 0
[20:42:49.747] [bmv2] [D] [thread 15271] [21.0] [cxt 0] Pipeline 'egress': start
[20:42:49.747] [bmv2] [D] [thread 15271] [21.0] [cxt 0] Pipeline 'egress': end
[20:42:49.747] [bmv2] [D] [thread 15271] [21.0] [cxt 0] Deparser 'deparser': start
[20:42:49.747] [bmv2] [T] [thread 15271] [21.0] [cxt 0] Skipping checksum 'cksum' update because condition not met
[20:42:49.747] [bmv2] [D] [thread 15271] [21.0] [cxt 0] Deparsing header 'ethernet'
[20:42:49.747] [bmv2] [D] [thread 15271] [21.0] [cxt 0] Deparser 'deparser': end
[20:42:49.747] [bmv2] [D] [thread 15275] [21.0] [cxt 0] Transmitting packet of size 196 out of port 0
[20:42:49.997] [bmv2] [D] [thread 15270] [22.0] [cxt 0] Processing packet received on port 3
[20:42:49.998] [bmv2] [D] [thread 15270] [22.0] [cxt 0] Parser 'parser': start
[20:42:49.998] [bmv2] [D] [thread 15270] [22.0] [cxt 0] Parser 'parser' entering state 'start'
[20:42:49.998] [bmv2] [D] [thread 15270] [22.0] [cxt 0] Extracting header 'ethernet'
[20:42:49.998] [bmv2] [D] [thread 15270] [22.0] [cxt 0] Parser state 'start': key is 86dd
[20:42:49.998] [bmv2] [T] [thread 15270] [22.0] [cxt 0] Bytes parsed: 14
[20:42:49.998] [bmv2] [T] [thread 15270] [22.0] [cxt 0] Skipping checksum 'cksum' verification because target field invalid
[20:42:49.998] [bmv2] [D] [thread 15270] [22.0] [cxt 0] Parser 'parser': end
[20:42:49.998] [bmv2] [D] [thread 15270] [22.0] [cxt 0] Pipeline 'ingress': start
[20:42:49.998] [bmv2] [T] [thread 15270] [22.0] [cxt 0] basic.p4(114) Condition "hdr.ipv4.isValid()" (node_2) is false
[20:42:49.998] [bmv2] [D] [thread 15270] [22.0] [cxt 0] Pipeline 'ingress': end
[20:42:49.998] [bmv2] [D] [thread 15270] [22.0] [cxt 0] Egress port is 0
[20:42:49.999] [bmv2] [D] [thread 15271] [22.0] [cxt 0] Pipeline 'egress': start
[20:42:49.999] [bmv2] [D] [thread 15271] [22.0] [cxt 0] Pipeline 'egress': end
[20:42:49.999] [bmv2] [D] [thread 15271] [22.0] [cxt 0] Deparser 'deparser': start
[20:42:49.999] [bmv2] [T] [thread 15271] [22.0] [cxt 0] Skipping checksum 'cksum' update because condition not met
[20:42:49.999] [bmv2] [D] [thread 15271] [22.0] [cxt 0] Deparsing header 'ethernet'
[20:42:49.999] [bmv2] [D] [thread 15271] [22.0] [cxt 0] Deparser 'deparser': end
[20:42:49.999] [bmv2] [D] [thread 15275] [22.0] [cxt 0] Transmitting packet of size 196 out of port 0
[20:42:50.144] [bmv2] [D] [thread 15270] [23.0] [cxt 0] Processing packet received on port 3
[20:42:50.144] [bmv2] [D] [thread 15270] [23.0] [cxt 0] Parser 'parser': start
[20:42:50.144] [bmv2] [D] [thread 15270] [23.0] [cxt 0] Parser 'parser' entering state 'start'
[20:42:50.144] [bmv2] [D] [thread 15270] [23.0] [cxt 0] Extracting header 'ethernet'
[20:42:50.144] [bmv2] [D] [thread 15270] [23.0] [cxt 0] Parser state 'start': key is 86dd
[20:42:50.144] [bmv2] [T] [thread 15270] [23.0] [cxt 0] Bytes parsed: 14
[20:42:50.144] [bmv2] [T] [thread 15270] [23.0] [cxt 0] Skipping checksum 'cksum' verification because target field invalid
[20:42:50.144] [bmv2] [D] [thread 15270] [23.0] [cxt 0] Parser 'parser': end
[20:42:50.144] [bmv2] [D] [thread 15270] [23.0] [cxt 0] Pipeline 'ingress': start
[20:42:50.144] [bmv2] [T] [thread 15270] [23.0] [cxt 0] basic.p4(114) Condition "hdr.ipv4.isValid()" (node_2) is false
[20:42:50.144] [bmv2] [D] [thread 15270] [23.0] [cxt 0] Pipeline 'ingress': end
[20:42:50.144] [bmv2] [D] [thread 15270] [23.0] [cxt 0] Egress port is 0
[20:42:50.144] [bmv2] [D] [thread 15271] [23.0] [cxt 0] Pipeline 'egress': start
[20:42:50.144] [bmv2] [D] [thread 15271] [23.0] [cxt 0] Pipeline 'egress': end
[20:42:50.144] [bmv2] [D] [thread 15271] [23.0] [cxt 0] Deparser 'deparser': start
[20:42:50.144] [bmv2] [T] [thread 15271] [23.0] [cxt 0] Skipping checksum 'cksum' update because condition not met
[20:42:50.144] [bmv2] [D] [thread 15271] [23.0] [cxt 0] Deparsing header 'ethernet'
[20:42:50.144] [bmv2] [D] [thread 15271] [23.0] [cxt 0] Deparser 'deparser': end
[20:42:50.144] [bmv2] [D] [thread 15275] [23.0] [cxt 0] Transmitting packet of size 196 out of port 0
[20:42:50.427] [bmv2] [D] [thread 15270] [24.0] [cxt 0] Processing packet received on port 1
[20:42:50.427] [bmv2] [D] [thread 15270] [24.0] [cxt 0] Parser 'parser': start
[20:42:50.427] [bmv2] [D] [thread 15270] [24.0] [cxt 0] Parser 'parser' entering state 'start'
[20:42:50.427] [bmv2] [D] [thread 15270] [24.0] [cxt 0] Extracting header 'ethernet'
[20:42:50.427] [bmv2] [D] [thread 15270] [24.0] [cxt 0] Parser state 'start': key is 86dd
[20:42:50.427] [bmv2] [T] [thread 15270] [24.0] [cxt 0] Bytes parsed: 14
[20:42:50.427] [bmv2] [T] [thread 15270] [24.0] [cxt 0] Skipping checksum 'cksum' verification because target field invalid
[20:42:50.427] [bmv2] [D] [thread 15270] [24.0] [cxt 0] Parser 'parser': end
[20:42:50.427] [bmv2] [D] [thread 15270] [24.0] [cxt 0] Pipeline 'ingress': start
[20:42:50.427] [bmv2] [T] [thread 15270] [24.0] [cxt 0] basic.p4(114) Condition "hdr.ipv4.isValid()" (node_2) is false
[20:42:50.427] [bmv2] [D] [thread 15270] [24.0] [cxt 0] Pipeline 'ingress': end
[20:42:50.427] [bmv2] [D] [thread 15270] [24.0] [cxt 0] Egress port is 0
[20:42:50.427] [bmv2] [D] [thread 15271] [24.0] [cxt 0] Pipeline 'egress': start
[20:42:50.427] [bmv2] [D] [thread 15271] [24.0] [cxt 0] Pipeline 'egress': end
[20:42:50.427] [bmv2] [D] [thread 15271] [24.0] [cxt 0] Deparser 'deparser': start
[20:42:50.427] [bmv2] [T] [thread 15271] [24.0] [cxt 0] Skipping checksum 'cksum' update because condition not met
[20:42:50.427] [bmv2] [D] [thread 15271] [24.0] [cxt 0] Deparsing header 'ethernet'
[20:42:50.427] [bmv2] [D] [thread 15271] [24.0] [cxt 0] Deparser 'deparser': end
[20:42:50.427] [bmv2] [D] [thread 15275] [24.0] [cxt 0] Transmitting packet of size 180 out of port 0
[20:42:50.493] [bmv2] [D] [thread 15270] [25.0] [cxt 0] Processing packet received on port 1
[20:42:50.494] [bmv2] [D] [thread 15270] [25.0] [cxt 0] Parser 'parser': start
[20:42:50.494] [bmv2] [D] [thread 15270] [25.0] [cxt 0] Parser 'parser' entering state 'start'
[20:42:50.494] [bmv2] [D] [thread 15270] [25.0] [cxt 0] Extracting header 'ethernet'
[20:42:50.494] [bmv2] [D] [thread 15270] [25.0] [cxt 0] Parser state 'start': key is 86dd
[20:42:50.494] [bmv2] [T] [thread 15270] [25.0] [cxt 0] Bytes parsed: 14
[20:42:50.494] [bmv2] [T] [thread 15270] [25.0] [cxt 0] Skipping checksum 'cksum' verification because target field invalid
[20:42:50.494] [bmv2] [D] [thread 15270] [25.0] [cxt 0] Parser 'parser': end
[20:42:50.494] [bmv2] [D] [thread 15270] [25.0] [cxt 0] Pipeline 'ingress': start
[20:42:50.494] [bmv2] [T] [thread 15270] [25.0] [cxt 0] basic.p4(114) Condition "hdr.ipv4.isValid()" (node_2) is false
[20:42:50.494] [bmv2] [D] [thread 15270] [25.0] [cxt 0] Pipeline 'ingress': end
[20:42:50.494] [bmv2] [D] [thread 15270] [25.0] [cxt 0] Egress port is 0
[20:42:50.494] [bmv2] [D] [thread 15271] [25.0] [cxt 0] Pipeline 'egress': start
[20:42:50.494] [bmv2] [D] [thread 15271] [25.0] [cxt 0] Pipeline 'egress': end
[20:42:50.494] [bmv2] [D] [thread 15271] [25.0] [cxt 0] Deparser 'deparser': start
[20:42:50.494] [bmv2] [T] [thread 15271] [25.0] [cxt 0] Skipping checksum 'cksum' update because condition not met
[20:42:50.494] [bmv2] [D] [thread 15271] [25.0] [cxt 0] Deparsing header 'ethernet'
[20:42:50.494] [bmv2] [D] [thread 15271] [25.0] [cxt 0] Deparser 'deparser': end
[20:42:50.494] [bmv2] [D] [thread 15275] [25.0] [cxt 0] Transmitting packet of size 110 out of port 0
[20:42:50.878] [bmv2] [D] [thread 15270] [26.0] [cxt 0] Processing packet received on port 2
[20:42:50.878] [bmv2] [D] [thread 15270] [26.0] [cxt 0] Parser 'parser': start
[20:42:50.878] [bmv2] [D] [thread 15270] [26.0] [cxt 0] Parser 'parser' entering state 'start'
[20:42:50.878] [bmv2] [D] [thread 15270] [26.0] [cxt 0] Extracting header 'ethernet'
[20:42:50.878] [bmv2] [D] [thread 15270] [26.0] [cxt 0] Parser state 'start': key is 86dd
[20:42:50.878] [bmv2] [T] [thread 15270] [26.0] [cxt 0] Bytes parsed: 14
[20:42:50.878] [bmv2] [T] [thread 15270] [26.0] [cxt 0] Skipping checksum 'cksum' verification because target field invalid
[20:42:50.878] [bmv2] [D] [thread 15270] [26.0] [cxt 0] Parser 'parser': end
[20:42:50.878] [bmv2] [D] [thread 15270] [26.0] [cxt 0] Pipeline 'ingress': start
[20:42:50.878] [bmv2] [T] [thread 15270] [26.0] [cxt 0] basic.p4(114) Condition "hdr.ipv4.isValid()" (node_2) is false
[20:42:50.878] [bmv2] [D] [thread 15270] [26.0] [cxt 0] Pipeline 'ingress': end
[20:42:50.878] [bmv2] [D] [thread 15270] [26.0] [cxt 0] Egress port is 0
[20:42:50.878] [bmv2] [D] [thread 15271] [26.0] [cxt 0] Pipeline 'egress': start
[20:42:50.878] [bmv2] [D] [thread 15271] [26.0] [cxt 0] Pipeline 'egress': end
[20:42:50.878] [bmv2] [D] [thread 15271] [26.0] [cxt 0] Deparser 'deparser': start
[20:42:50.878] [bmv2] [T] [thread 15271] [26.0] [cxt 0] Skipping checksum 'cksum' update because condition not met
[20:42:50.878] [bmv2] [D] [thread 15271] [26.0] [cxt 0] Deparsing header 'ethernet'
[20:42:50.878] [bmv2] [D] [thread 15271] [26.0] [cxt 0] Deparser 'deparser': end
[20:42:50.878] [bmv2] [D] [thread 15275] [26.0] [cxt 0] Transmitting packet of size 180 out of port 0
[20:42:51.219] [bmv2] [D] [thread 15270] [27.0] [cxt 0] Processing packet received on port 1
[20:42:51.219] [bmv2] [D] [thread 15270] [27.0] [cxt 0] Parser 'parser': start
[20:42:51.219] [bmv2] [D] [thread 15270] [27.0] [cxt 0] Parser 'parser' entering state 'start'
[20:42:51.219] [bmv2] [D] [thread 15270] [27.0] [cxt 0] Extracting header 'ethernet'
[20:42:51.219] [bmv2] [D] [thread 15270] [27.0] [cxt 0] Parser state 'start': key is 86dd
[20:42:51.219] [bmv2] [T] [thread 15270] [27.0] [cxt 0] Bytes parsed: 14
[20:42:51.219] [bmv2] [T] [thread 15270] [27.0] [cxt 0] Skipping checksum 'cksum' verification because target field invalid
[20:42:51.220] [bmv2] [D] [thread 15270] [27.0] [cxt 0] Parser 'parser': end
[20:42:51.220] [bmv2] [D] [thread 15270] [27.0] [cxt 0] Pipeline 'ingress': start
[20:42:51.220] [bmv2] [T] [thread 15270] [27.0] [cxt 0] basic.p4(114) Condition "hdr.ipv4.isValid()" (node_2) is false
[20:42:51.220] [bmv2] [D] [thread 15270] [27.0] [cxt 0] Pipeline 'ingress': end
[20:42:51.220] [bmv2] [D] [thread 15270] [27.0] [cxt 0] Egress port is 0
[20:42:51.220] [bmv2] [D] [thread 15271] [27.0] [cxt 0] Pipeline 'egress': start
[20:42:51.220] [bmv2] [D] [thread 15271] [27.0] [cxt 0] Pipeline 'egress': end
[20:42:51.220] [bmv2] [D] [thread 15271] [27.0] [cxt 0] Deparser 'deparser': start
[20:42:51.220] [bmv2] [T] [thread 15271] [27.0] [cxt 0] Skipping checksum 'cksum' update because condition not met
[20:42:51.220] [bmv2] [D] [thread 15271] [27.0] [cxt 0] Deparsing header 'ethernet'
[20:42:51.220] [bmv2] [D] [thread 15271] [27.0] [cxt 0] Deparser 'deparser': end
[20:42:51.220] [bmv2] [D] [thread 15275] [27.0] [cxt 0] Transmitting packet of size 196 out of port 0
[20:42:51.245] [bmv2] [D] [thread 15270] [28.0] [cxt 0] Processing packet received on port 3
[20:42:51.245] [bmv2] [D] [thread 15270] [28.0] [cxt 0] Parser 'parser': start
[20:42:51.245] [bmv2] [D] [thread 15270] [28.0] [cxt 0] Parser 'parser' entering state 'start'
[20:42:51.245] [bmv2] [D] [thread 15270] [28.0] [cxt 0] Extracting header 'ethernet'
[20:42:51.245] [bmv2] [D] [thread 15270] [28.0] [cxt 0] Parser state 'start': key is 86dd
[20:42:51.245] [bmv2] [T] [thread 15270] [28.0] [cxt 0] Bytes parsed: 14
[20:42:51.245] [bmv2] [T] [thread 15270] [28.0] [cxt 0] Skipping checksum 'cksum' verification because target field invalid
[20:42:51.245] [bmv2] [D] [thread 15270] [28.0] [cxt 0] Parser 'parser': end
[20:42:51.245] [bmv2] [D] [thread 15270] [28.0] [cxt 0] Pipeline 'ingress': start
[20:42:51.245] [bmv2] [T] [thread 15270] [28.0] [cxt 0] basic.p4(114) Condition "hdr.ipv4.isValid()" (node_2) is false
[20:42:51.245] [bmv2] [D] [thread 15270] [28.0] [cxt 0] Pipeline 'ingress': end
[20:42:51.245] [bmv2] [D] [thread 15270] [28.0] [cxt 0] Egress port is 0
[20:42:51.245] [bmv2] [D] [thread 15271] [28.0] [cxt 0] Pipeline 'egress': start
[20:42:51.245] [bmv2] [D] [thread 15271] [28.0] [cxt 0] Pipeline 'egress': end
[20:42:51.245] [bmv2] [D] [thread 15271] [28.0] [cxt 0] Deparser 'deparser': start
[20:42:51.245] [bmv2] [T] [thread 15271] [28.0] [cxt 0] Skipping checksum 'cksum' update because condition not met
[20:42:51.245] [bmv2] [D] [thread 15271] [28.0] [cxt 0] Deparsing header 'ethernet'
[20:42:51.245] [bmv2] [D] [thread 15271] [28.0] [cxt 0] Deparser 'deparser': end
[20:42:51.245] [bmv2] [D] [thread 15275] [28.0] [cxt 0] Transmitting packet of size 180 out of port 0
[20:42:51.331] [bmv2] [D] [thread 15270] [29.0] [cxt 0] Processing packet received on port 1
[20:42:51.331] [bmv2] [D] [thread 15270] [29.0] [cxt 0] Parser 'parser': start
[20:42:51.331] [bmv2] [D] [thread 15270] [29.0] [cxt 0] Parser 'parser' entering state 'start'
[20:42:51.331] [bmv2] [D] [thread 15270] [29.0] [cxt 0] Extracting header 'ethernet'
[20:42:51.331] [bmv2] [D] [thread 15270] [29.0] [cxt 0] Parser state 'start': key is 86dd
[20:42:51.332] [bmv2] [T] [thread 15270] [29.0] [cxt 0] Bytes parsed: 14
[20:42:51.332] [bmv2] [T] [thread 15270] [29.0] [cxt 0] Skipping checksum 'cksum' verification because target field invalid
[20:42:51.332] [bmv2] [D] [thread 15270] [29.0] [cxt 0] Parser 'parser': end
[20:42:51.332] [bmv2] [D] [thread 15270] [29.0] [cxt 0] Pipeline 'ingress': start
[20:42:51.332] [bmv2] [T] [thread 15270] [29.0] [cxt 0] basic.p4(114) Condition "hdr.ipv4.isValid()" (node_2) is false
[20:42:51.332] [bmv2] [D] [thread 15270] [29.0] [cxt 0] Pipeline 'ingress': end
[20:42:51.332] [bmv2] [D] [thread 15270] [29.0] [cxt 0] Egress port is 0
[20:42:51.332] [bmv2] [D] [thread 15271] [29.0] [cxt 0] Pipeline 'egress': start
[20:42:51.332] [bmv2] [D] [thread 15271] [29.0] [cxt 0] Pipeline 'egress': end
[20:42:51.332] [bmv2] [D] [thread 15271] [29.0] [cxt 0] Deparser 'deparser': start
[20:42:51.332] [bmv2] [T] [thread 15271] [29.0] [cxt 0] Skipping checksum 'cksum' update because condition not met
[20:42:51.332] [bmv2] [D] [thread 15271] [29.0] [cxt 0] Deparsing header 'ethernet'
[20:42:51.332] [bmv2] [D] [thread 15271] [29.0] [cxt 0] Deparser 'deparser': end
[20:42:51.332] [bmv2] [D] [thread 15275] [29.0] [cxt 0] Transmitting packet of size 70 out of port 0
[20:42:51.662] [bmv2] [D] [thread 15270] [30.0] [cxt 0] Processing packet received on port 2
[20:42:51.662] [bmv2] [D] [thread 15270] [30.0] [cxt 0] Parser 'parser': start
[20:42:51.662] [bmv2] [D] [thread 15270] [30.0] [cxt 0] Parser 'parser' entering state 'start'
[20:42:51.662] [bmv2] [D] [thread 15270] [30.0] [cxt 0] Extracting header 'ethernet'
[20:42:51.662] [bmv2] [D] [thread 15270] [30.0] [cxt 0] Parser state 'start': key is 86dd
[20:42:51.662] [bmv2] [T] [thread 15270] [30.0] [cxt 0] Bytes parsed: 14
[20:42:51.662] [bmv2] [T] [thread 15270] [30.0] [cxt 0] Skipping checksum 'cksum' verification because target field invalid
[20:42:51.662] [bmv2] [D] [thread 15270] [30.0] [cxt 0] Parser 'parser': end
[20:42:51.662] [bmv2] [D] [thread 15270] [30.0] [cxt 0] Pipeline 'ingress': start
[20:42:51.662] [bmv2] [T] [thread 15270] [30.0] [cxt 0] basic.p4(114) Condition "hdr.ipv4.isValid()" (node_2) is false
[20:42:51.662] [bmv2] [D] [thread 15270] [30.0] [cxt 0] Pipeline 'ingress': end
[20:42:51.662] [bmv2] [D] [thread 15270] [30.0] [cxt 0] Egress port is 0
[20:42:51.662] [bmv2] [D] [thread 15271] [30.0] [cxt 0] Pipeline 'egress': start
[20:42:51.662] [bmv2] [D] [thread 15271] [30.0] [cxt 0] Pipeline 'egress': end
[20:42:51.662] [bmv2] [D] [thread 15271] [30.0] [cxt 0] Deparser 'deparser': start
[20:42:51.662] [bmv2] [T] [thread 15271] [30.0] [cxt 0] Skipping checksum 'cksum' update because condition not met
[20:42:51.662] [bmv2] [D] [thread 15271] [30.0] [cxt 0] Deparsing header 'ethernet'
[20:42:51.662] [bmv2] [D] [thread 15271] [30.0] [cxt 0] Deparser 'deparser': end
[20:42:51.662] [bmv2] [D] [thread 15275] [30.0] [cxt 0] Transmitting packet of size 196 out of port 0
[20:42:51.780] [bmv2] [D] [thread 15270] [31.0] [cxt 0] Processing packet received on port 2
[20:42:51.780] [bmv2] [D] [thread 15270] [31.0] [cxt 0] Parser 'parser': start
[20:42:51.780] [bmv2] [D] [thread 15270] [31.0] [cxt 0] Parser 'parser' entering state 'start'
[20:42:51.781] [bmv2] [D] [thread 15270] [31.0] [cxt 0] Extracting header 'ethernet'
[20:42:51.781] [bmv2] [D] [thread 15270] [31.0] [cxt 0] Parser state 'start': key is 86dd
[20:42:51.781] [bmv2] [T] [thread 15270] [31.0] [cxt 0] Bytes parsed: 14
[20:42:51.781] [bmv2] [T] [thread 15270] [31.0] [cxt 0] Skipping checksum 'cksum' verification because target field invalid
[20:42:51.781] [bmv2] [D] [thread 15270] [31.0] [cxt 0] Parser 'parser': end
[20:42:51.781] [bmv2] [D] [thread 15270] [31.0] [cxt 0] Pipeline 'ingress': start
[20:42:51.781] [bmv2] [T] [thread 15270] [31.0] [cxt 0] basic.p4(114) Condition "hdr.ipv4.isValid()" (node_2) is false
[20:42:51.781] [bmv2] [D] [thread 15270] [31.0] [cxt 0] Pipeline 'ingress': end
[20:42:51.781] [bmv2] [D] [thread 15270] [31.0] [cxt 0] Egress port is 0
[20:42:51.781] [bmv2] [D] [thread 15271] [31.0] [cxt 0] Pipeline 'egress': start
[20:42:51.781] [bmv2] [D] [thread 15271] [31.0] [cxt 0] Pipeline 'egress': end
[20:42:51.781] [bmv2] [D] [thread 15271] [31.0] [cxt 0] Deparser 'deparser': start
[20:42:51.781] [bmv2] [T] [thread 15271] [31.0] [cxt 0] Skipping checksum 'cksum' update because condition not met
[20:42:51.781] [bmv2] [D] [thread 15271] [31.0] [cxt 0] Deparsing header 'ethernet'
[20:42:51.781] [bmv2] [D] [thread 15271] [31.0] [cxt 0] Deparser 'deparser': end
[20:42:51.781] [bmv2] [D] [thread 15275] [31.0] [cxt 0] Transmitting packet of size 70 out of port 0
[20:42:51.794] [bmv2] [D] [thread 15270] [32.0] [cxt 0] Processing packet received on port 2
[20:42:51.794] [bmv2] [D] [thread 15270] [32.0] [cxt 0] Parser 'parser': start
[20:42:51.794] [bmv2] [D] [thread 15270] [32.0] [cxt 0] Parser 'parser' entering state 'start'
[20:42:51.794] [bmv2] [D] [thread 15270] [32.0] [cxt 0] Extracting header 'ethernet'
[20:42:51.794] [bmv2] [D] [thread 15270] [32.0] [cxt 0] Parser state 'start': key is 86dd
[20:42:51.794] [bmv2] [T] [thread 15270] [32.0] [cxt 0] Bytes parsed: 14
[20:42:51.794] [bmv2] [T] [thread 15270] [32.0] [cxt 0] Skipping checksum 'cksum' verification because target field invalid
[20:42:51.794] [bmv2] [D] [thread 15270] [32.0] [cxt 0] Parser 'parser': end
[20:42:51.794] [bmv2] [D] [thread 15270] [32.0] [cxt 0] Pipeline 'ingress': start
[20:42:51.794] [bmv2] [T] [thread 15270] [32.0] [cxt 0] basic.p4(114) Condition "hdr.ipv4.isValid()" (node_2) is false
[20:42:51.794] [bmv2] [D] [thread 15270] [32.0] [cxt 0] Pipeline 'ingress': end
[20:42:51.794] [bmv2] [D] [thread 15270] [32.0] [cxt 0] Egress port is 0
[20:42:51.794] [bmv2] [D] [thread 15271] [32.0] [cxt 0] Pipeline 'egress': start
[20:42:51.795] [bmv2] [D] [thread 15271] [32.0] [cxt 0] Pipeline 'egress': end
[20:42:51.795] [bmv2] [D] [thread 15271] [32.0] [cxt 0] Deparser 'deparser': start
[20:42:51.795] [bmv2] [T] [thread 15271] [32.0] [cxt 0] Skipping checksum 'cksum' update because condition not met
[20:42:51.795] [bmv2] [D] [thread 15271] [32.0] [cxt 0] Deparsing header 'ethernet'
[20:42:51.795] [bmv2] [D] [thread 15271] [32.0] [cxt 0] Deparser 'deparser': end
[20:42:51.795] [bmv2] [D] [thread 15275] [32.0] [cxt 0] Transmitting packet of size 196 out of port 0
[20:42:51.908] [bmv2] [D] [thread 15270] [33.0] [cxt 0] Processing packet received on port 2
[20:42:51.908] [bmv2] [D] [thread 15270] [33.0] [cxt 0] Parser 'parser': start
[20:42:51.908] [bmv2] [D] [thread 15270] [33.0] [cxt 0] Parser 'parser' entering state 'start'
[20:42:51.908] [bmv2] [D] [thread 15270] [33.0] [cxt 0] Extracting header 'ethernet'
[20:42:51.908] [bmv2] [D] [thread 15270] [33.0] [cxt 0] Parser state 'start': key is 86dd
[20:42:51.908] [bmv2] [T] [thread 15270] [33.0] [cxt 0] Bytes parsed: 14
[20:42:51.908] [bmv2] [T] [thread 15270] [33.0] [cxt 0] Skipping checksum 'cksum' verification because target field invalid
[20:42:51.908] [bmv2] [D] [thread 15270] [33.0] [cxt 0] Parser 'parser': end
[20:42:51.908] [bmv2] [D] [thread 15270] [33.0] [cxt 0] Pipeline 'ingress': start
[20:42:51.908] [bmv2] [T] [thread 15270] [33.0] [cxt 0] basic.p4(114) Condition "hdr.ipv4.isValid()" (node_2) is false
[20:42:51.908] [bmv2] [D] [thread 15270] [33.0] [cxt 0] Pipeline 'ingress': end
[20:42:51.908] [bmv2] [D] [thread 15270] [33.0] [cxt 0] Egress port is 0
[20:42:51.909] [bmv2] [D] [thread 15271] [33.0] [cxt 0] Pipeline 'egress': start
[20:42:51.909] [bmv2] [D] [thread 15271] [33.0] [cxt 0] Pipeline 'egress': end
[20:42:51.909] [bmv2] [D] [thread 15271] [33.0] [cxt 0] Deparser 'deparser': start
[20:42:51.909] [bmv2] [T] [thread 15271] [33.0] [cxt 0] Skipping checksum 'cksum' update because condition not met
[20:42:51.909] [bmv2] [D] [thread 15271] [33.0] [cxt 0] Deparsing header 'ethernet'
[20:42:51.909] [bmv2] [D] [thread 15271] [33.0] [cxt 0] Deparser 'deparser': end
[20:42:51.909] [bmv2] [D] [thread 15275] [33.0] [cxt 0] Transmitting packet of size 70 out of port 0
[20:42:52.049] [bmv2] [D] [thread 15270] [34.0] [cxt 0] Processing packet received on port 3
[20:42:52.049] [bmv2] [D] [thread 15270] [34.0] [cxt 0] Parser 'parser': start
[20:42:52.049] [bmv2] [D] [thread 15270] [34.0] [cxt 0] Parser 'parser' entering state 'start'
[20:42:52.049] [bmv2] [D] [thread 15270] [34.0] [cxt 0] Extracting header 'ethernet'
[20:42:52.049] [bmv2] [D] [thread 15270] [34.0] [cxt 0] Parser state 'start': key is 86dd
[20:42:52.049] [bmv2] [T] [thread 15270] [34.0] [cxt 0] Bytes parsed: 14
[20:42:52.049] [bmv2] [T] [thread 15270] [34.0] [cxt 0] Skipping checksum 'cksum' verification because target field invalid
[20:42:52.049] [bmv2] [D] [thread 15270] [34.0] [cxt 0] Parser 'parser': end
[20:42:52.049] [bmv2] [D] [thread 15270] [34.0] [cxt 0] Pipeline 'ingress': start
[20:42:52.049] [bmv2] [T] [thread 15270] [34.0] [cxt 0] basic.p4(114) Condition "hdr.ipv4.isValid()" (node_2) is false
[20:42:52.049] [bmv2] [D] [thread 15270] [34.0] [cxt 0] Pipeline 'ingress': end
[20:42:52.050] [bmv2] [D] [thread 15270] [34.0] [cxt 0] Egress port is 0
[20:42:52.050] [bmv2] [D] [thread 15271] [34.0] [cxt 0] Pipeline 'egress': start
[20:42:52.050] [bmv2] [D] [thread 15271] [34.0] [cxt 0] Pipeline 'egress': end
[20:42:52.050] [bmv2] [D] [thread 15271] [34.0] [cxt 0] Deparser 'deparser': start
[20:42:52.050] [bmv2] [T] [thread 15271] [34.0] [cxt 0] Skipping checksum 'cksum' update because condition not met
[20:42:52.050] [bmv2] [D] [thread 15271] [34.0] [cxt 0] Deparsing header 'ethernet'
[20:42:52.050] [bmv2] [D] [thread 15271] [34.0] [cxt 0] Deparser 'deparser': end
[20:42:52.050] [bmv2] [D] [thread 15275] [34.0] [cxt 0] Transmitting packet of size 196 out of port 0
[20:42:52.136] [bmv2] [D] [thread 15270] [35.0] [cxt 0] Processing packet received on port 3
[20:42:52.136] [bmv2] [D] [thread 15270] [35.0] [cxt 0] Parser 'parser': start
[20:42:52.136] [bmv2] [D] [thread 15270] [35.0] [cxt 0] Parser 'parser' entering state 'start'
[20:42:52.136] [bmv2] [D] [thread 15270] [35.0] [cxt 0] Extracting header 'ethernet'
[20:42:52.136] [bmv2] [D] [thread 15270] [35.0] [cxt 0] Parser state 'start': key is 86dd
[20:42:52.136] [bmv2] [T] [thread 15270] [35.0] [cxt 0] Bytes parsed: 14
[20:42:52.137] [bmv2] [T] [thread 15270] [35.0] [cxt 0] Skipping checksum 'cksum' verification because target field invalid
[20:42:52.137] [bmv2] [D] [thread 15270] [35.0] [cxt 0] Parser 'parser': end
[20:42:52.137] [bmv2] [D] [thread 15270] [35.0] [cxt 0] Pipeline 'ingress': start
[20:42:52.137] [bmv2] [T] [thread 15270] [35.0] [cxt 0] basic.p4(114) Condition "hdr.ipv4.isValid()" (node_2) is false
[20:42:52.137] [bmv2] [D] [thread 15270] [35.0] [cxt 0] Pipeline 'ingress': end
[20:42:52.137] [bmv2] [D] [thread 15270] [35.0] [cxt 0] Egress port is 0
[20:42:52.137] [bmv2] [D] [thread 15271] [35.0] [cxt 0] Pipeline 'egress': start
[20:42:52.137] [bmv2] [D] [thread 15271] [35.0] [cxt 0] Pipeline 'egress': end
[20:42:52.137] [bmv2] [D] [thread 15271] [35.0] [cxt 0] Deparser 'deparser': start
[20:42:52.137] [bmv2] [T] [thread 15271] [35.0] [cxt 0] Skipping checksum 'cksum' update because condition not met
[20:42:52.137] [bmv2] [D] [thread 15271] [35.0] [cxt 0] Deparsing header 'ethernet'
[20:42:52.137] [bmv2] [D] [thread 15271] [35.0] [cxt 0] Deparser 'deparser': end
[20:42:52.137] [bmv2] [D] [thread 15275] [35.0] [cxt 0] Transmitting packet of size 70 out of port 0
[20:42:52.190] [bmv2] [D] [thread 15270] [36.0] [cxt 0] Processing packet received on port 3
[20:42:52.190] [bmv2] [D] [thread 15270] [36.0] [cxt 0] Parser 'parser': start
[20:42:52.190] [bmv2] [D] [thread 15270] [36.0] [cxt 0] Parser 'parser' entering state 'start'
[20:42:52.190] [bmv2] [D] [thread 15270] [36.0] [cxt 0] Extracting header 'ethernet'
[20:42:52.190] [bmv2] [D] [thread 15270] [36.0] [cxt 0] Parser state 'start': key is 86dd
[20:42:52.190] [bmv2] [T] [thread 15270] [36.0] [cxt 0] Bytes parsed: 14
[20:42:52.190] [bmv2] [T] [thread 15270] [36.0] [cxt 0] Skipping checksum 'cksum' verification because target field invalid
[20:42:52.190] [bmv2] [D] [thread 15270] [36.0] [cxt 0] Parser 'parser': end
[20:42:52.190] [bmv2] [D] [thread 15270] [36.0] [cxt 0] Pipeline 'ingress': start
[20:42:52.190] [bmv2] [T] [thread 15270] [36.0] [cxt 0] basic.p4(114) Condition "hdr.ipv4.isValid()" (node_2) is false
[20:42:52.190] [bmv2] [D] [thread 15270] [36.0] [cxt 0] Pipeline 'ingress': end
[20:42:52.190] [bmv2] [D] [thread 15270] [36.0] [cxt 0] Egress port is 0
[20:42:52.190] [bmv2] [D] [thread 15271] [36.0] [cxt 0] Pipeline 'egress': start
[20:42:52.190] [bmv2] [D] [thread 15271] [36.0] [cxt 0] Pipeline 'egress': end
[20:42:52.190] [bmv2] [D] [thread 15271] [36.0] [cxt 0] Deparser 'deparser': start
[20:42:52.191] [bmv2] [T] [thread 15271] [36.0] [cxt 0] Skipping checksum 'cksum' update because condition not met
[20:42:52.191] [bmv2] [D] [thread 15271] [36.0] [cxt 0] Deparsing header 'ethernet'
[20:42:52.191] [bmv2] [D] [thread 15271] [36.0] [cxt 0] Deparser 'deparser': end
[20:42:52.191] [bmv2] [D] [thread 15275] [36.0] [cxt 0] Transmitting packet of size 196 out of port 0
[20:42:52.292] [bmv2] [D] [thread 15270] [37.0] [cxt 0] Processing packet received on port 3
[20:42:52.292] [bmv2] [D] [thread 15270] [37.0] [cxt 0] Parser 'parser': start
[20:42:52.292] [bmv2] [D] [thread 15270] [37.0] [cxt 0] Parser 'parser' entering state 'start'
[20:42:52.292] [bmv2] [D] [thread 15270] [37.0] [cxt 0] Extracting header 'ethernet'
[20:42:52.292] [bmv2] [D] [thread 15270] [37.0] [cxt 0] Parser state 'start': key is 86dd
[20:42:52.292] [bmv2] [T] [thread 15270] [37.0] [cxt 0] Bytes parsed: 14
[20:42:52.292] [bmv2] [T] [thread 15270] [37.0] [cxt 0] Skipping checksum 'cksum' verification because target field invalid
[20:42:52.292] [bmv2] [D] [thread 15270] [37.0] [cxt 0] Parser 'parser': end
[20:42:52.292] [bmv2] [D] [thread 15270] [37.0] [cxt 0] Pipeline 'ingress': start
[20:42:52.292] [bmv2] [T] [thread 15270] [37.0] [cxt 0] basic.p4(114) Condition "hdr.ipv4.isValid()" (node_2) is false
[20:42:52.292] [bmv2] [D] [thread 15270] [37.0] [cxt 0] Pipeline 'ingress': end
[20:42:52.292] [bmv2] [D] [thread 15270] [37.0] [cxt 0] Egress port is 0
[20:42:52.292] [bmv2] [D] [thread 15271] [37.0] [cxt 0] Pipeline 'egress': start
[20:42:52.292] [bmv2] [D] [thread 15271] [37.0] [cxt 0] Pipeline 'egress': end
[20:42:52.292] [bmv2] [D] [thread 15271] [37.0] [cxt 0] Deparser 'deparser': start
[20:42:52.292] [bmv2] [T] [thread 15271] [37.0] [cxt 0] Skipping checksum 'cksum' update because condition not met
[20:42:52.292] [bmv2] [D] [thread 15271] [37.0] [cxt 0] Deparsing header 'ethernet'
[20:42:52.292] [bmv2] [D] [thread 15271] [37.0] [cxt 0] Deparser 'deparser': end
[20:42:52.292] [bmv2] [D] [thread 15275] [37.0] [cxt 0] Transmitting packet of size 70 out of port 0
[20:42:54.430] [bmv2] [D] [thread 15270] [38.0] [cxt 0] Processing packet received on port 1
[20:42:54.430] [bmv2] [D] [thread 15270] [38.0] [cxt 0] Parser 'parser': start
[20:42:54.430] [bmv2] [D] [thread 15270] [38.0] [cxt 0] Parser 'parser' entering state 'start'
[20:42:54.430] [bmv2] [D] [thread 15270] [38.0] [cxt 0] Extracting header 'ethernet'
[20:42:54.430] [bmv2] [D] [thread 15270] [38.0] [cxt 0] Parser state 'start': key is 86dd
[20:42:54.430] [bmv2] [T] [thread 15270] [38.0] [cxt 0] Bytes parsed: 14
[20:42:54.430] [bmv2] [T] [thread 15270] [38.0] [cxt 0] Skipping checksum 'cksum' verification because target field invalid
[20:42:54.430] [bmv2] [D] [thread 15270] [38.0] [cxt 0] Parser 'parser': end
[20:42:54.430] [bmv2] [D] [thread 15270] [38.0] [cxt 0] Pipeline 'ingress': start
[20:42:54.430] [bmv2] [T] [thread 15270] [38.0] [cxt 0] basic.p4(114) Condition "hdr.ipv4.isValid()" (node_2) is false
[20:42:54.430] [bmv2] [D] [thread 15270] [38.0] [cxt 0] Pipeline 'ingress': end
[20:42:54.430] [bmv2] [D] [thread 15270] [38.0] [cxt 0] Egress port is 0
[20:42:54.431] [bmv2] [D] [thread 15271] [38.0] [cxt 0] Pipeline 'egress': start
[20:42:54.431] [bmv2] [D] [thread 15271] [38.0] [cxt 0] Pipeline 'egress': end
[20:42:54.431] [bmv2] [D] [thread 15271] [38.0] [cxt 0] Deparser 'deparser': start
[20:42:54.431] [bmv2] [T] [thread 15271] [38.0] [cxt 0] Skipping checksum 'cksum' update because condition not met
[20:42:54.431] [bmv2] [D] [thread 15271] [38.0] [cxt 0] Deparsing header 'ethernet'
[20:42:54.431] [bmv2] [D] [thread 15271] [38.0] [cxt 0] Deparser 'deparser': end
[20:42:54.431] [bmv2] [D] [thread 15275] [38.0] [cxt 0] Transmitting packet of size 180 out of port 0
[20:42:54.917] [bmv2] [D] [thread 15270] [39.0] [cxt 0] Processing packet received on port 2
[20:42:54.917] [bmv2] [D] [thread 15270] [39.0] [cxt 0] Parser 'parser': start
[20:42:54.917] [bmv2] [D] [thread 15270] [39.0] [cxt 0] Parser 'parser' entering state 'start'
[20:42:54.917] [bmv2] [D] [thread 15270] [39.0] [cxt 0] Extracting header 'ethernet'
[20:42:54.917] [bmv2] [D] [thread 15270] [39.0] [cxt 0] Parser state 'start': key is 86dd
[20:42:54.917] [bmv2] [T] [thread 15270] [39.0] [cxt 0] Bytes parsed: 14
[20:42:54.917] [bmv2] [T] [thread 15270] [39.0] [cxt 0] Skipping checksum 'cksum' verification because target field invalid
[20:42:54.917] [bmv2] [D] [thread 15270] [39.0] [cxt 0] Parser 'parser': end
[20:42:54.917] [bmv2] [D] [thread 15270] [39.0] [cxt 0] Pipeline 'ingress': start
[20:42:54.917] [bmv2] [T] [thread 15270] [39.0] [cxt 0] basic.p4(114) Condition "hdr.ipv4.isValid()" (node_2) is false
[20:42:54.917] [bmv2] [D] [thread 15270] [39.0] [cxt 0] Pipeline 'ingress': end
[20:42:54.917] [bmv2] [D] [thread 15270] [39.0] [cxt 0] Egress port is 0
[20:42:54.918] [bmv2] [D] [thread 15271] [39.0] [cxt 0] Pipeline 'egress': start
[20:42:54.918] [bmv2] [D] [thread 15271] [39.0] [cxt 0] Pipeline 'egress': end
[20:42:54.918] [bmv2] [D] [thread 15271] [39.0] [cxt 0] Deparser 'deparser': start
[20:42:54.918] [bmv2] [T] [thread 15271] [39.0] [cxt 0] Skipping checksum 'cksum' update because condition not met
[20:42:54.918] [bmv2] [D] [thread 15271] [39.0] [cxt 0] Deparsing header 'ethernet'
[20:42:54.918] [bmv2] [D] [thread 15271] [39.0] [cxt 0] Deparser 'deparser': end
[20:42:54.918] [bmv2] [D] [thread 15275] [39.0] [cxt 0] Transmitting packet of size 180 out of port 0
[20:42:55.247] [bmv2] [D] [thread 15270] [40.0] [cxt 0] Processing packet received on port 3
[20:42:55.247] [bmv2] [D] [thread 15270] [40.0] [cxt 0] Parser 'parser': start
[20:42:55.247] [bmv2] [D] [thread 15270] [40.0] [cxt 0] Parser 'parser' entering state 'start'
[20:42:55.247] [bmv2] [D] [thread 15270] [40.0] [cxt 0] Extracting header 'ethernet'
[20:42:55.247] [bmv2] [D] [thread 15270] [40.0] [cxt 0] Parser state 'start': key is 86dd
[20:42:55.247] [bmv2] [T] [thread 15270] [40.0] [cxt 0] Bytes parsed: 14
[20:42:55.247] [bmv2] [T] [thread 15270] [40.0] [cxt 0] Skipping checksum 'cksum' verification because target field invalid
[20:42:55.247] [bmv2] [D] [thread 15270] [40.0] [cxt 0] Parser 'parser': end
[20:42:55.247] [bmv2] [D] [thread 15270] [40.0] [cxt 0] Pipeline 'ingress': start
[20:42:55.247] [bmv2] [T] [thread 15270] [40.0] [cxt 0] basic.p4(114) Condition "hdr.ipv4.isValid()" (node_2) is false
[20:42:55.247] [bmv2] [D] [thread 15270] [40.0] [cxt 0] Pipeline 'ingress': end
[20:42:55.247] [bmv2] [D] [thread 15270] [40.0] [cxt 0] Egress port is 0
[20:42:55.248] [bmv2] [D] [thread 15271] [40.0] [cxt 0] Pipeline 'egress': start
[20:42:55.248] [bmv2] [D] [thread 15271] [40.0] [cxt 0] Pipeline 'egress': end
[20:42:55.248] [bmv2] [D] [thread 15271] [40.0] [cxt 0] Deparser 'deparser': start
[20:42:55.248] [bmv2] [T] [thread 15271] [40.0] [cxt 0] Skipping checksum 'cksum' update because condition not met
[20:42:55.248] [bmv2] [D] [thread 15271] [40.0] [cxt 0] Deparsing header 'ethernet'
[20:42:55.248] [bmv2] [D] [thread 15271] [40.0] [cxt 0] Deparser 'deparser': end
[20:42:55.248] [bmv2] [D] [thread 15275] [40.0] [cxt 0] Transmitting packet of size 180 out of port 0
[20:42:55.340] [bmv2] [D] [thread 15270] [41.0] [cxt 0] Processing packet received on port 1
[20:42:55.340] [bmv2] [D] [thread 15270] [41.0] [cxt 0] Parser 'parser': start
[20:42:55.340] [bmv2] [D] [thread 15270] [41.0] [cxt 0] Parser 'parser' entering state 'start'
[20:42:55.340] [bmv2] [D] [thread 15270] [41.0] [cxt 0] Extracting header 'ethernet'
[20:42:55.340] [bmv2] [D] [thread 15270] [41.0] [cxt 0] Parser state 'start': key is 86dd
[20:42:55.340] [bmv2] [T] [thread 15270] [41.0] [cxt 0] Bytes parsed: 14
[20:42:55.340] [bmv2] [T] [thread 15270] [41.0] [cxt 0] Skipping checksum 'cksum' verification because target field invalid
[20:42:55.340] [bmv2] [D] [thread 15270] [41.0] [cxt 0] Parser 'parser': end
[20:42:55.340] [bmv2] [D] [thread 15270] [41.0] [cxt 0] Pipeline 'ingress': start
[20:42:55.341] [bmv2] [T] [thread 15270] [41.0] [cxt 0] basic.p4(114) Condition "hdr.ipv4.isValid()" (node_2) is false
[20:42:55.341] [bmv2] [D] [thread 15270] [41.0] [cxt 0] Pipeline 'ingress': end
[20:42:55.341] [bmv2] [D] [thread 15270] [41.0] [cxt 0] Egress port is 0
[20:42:55.341] [bmv2] [D] [thread 15271] [41.0] [cxt 0] Pipeline 'egress': start
[20:42:55.341] [bmv2] [D] [thread 15271] [41.0] [cxt 0] Pipeline 'egress': end
[20:42:55.341] [bmv2] [D] [thread 15271] [41.0] [cxt 0] Deparser 'deparser': start
[20:42:55.341] [bmv2] [T] [thread 15271] [41.0] [cxt 0] Skipping checksum 'cksum' update because condition not met
[20:42:55.341] [bmv2] [D] [thread 15271] [41.0] [cxt 0] Deparsing header 'ethernet'
[20:42:55.341] [bmv2] [D] [thread 15271] [41.0] [cxt 0] Deparser 'deparser': end
[20:42:55.341] [bmv2] [D] [thread 15275] [41.0] [cxt 0] Transmitting packet of size 70 out of port 0
[20:42:55.788] [bmv2] [D] [thread 15270] [42.0] [cxt 0] Processing packet received on port 2
[20:42:55.788] [bmv2] [D] [thread 15270] [42.0] [cxt 0] Parser 'parser': start
[20:42:55.788] [bmv2] [D] [thread 15270] [42.0] [cxt 0] Parser 'parser' entering state 'start'
[20:42:55.788] [bmv2] [D] [thread 15270] [42.0] [cxt 0] Extracting header 'ethernet'
[20:42:55.788] [bmv2] [D] [thread 15270] [42.0] [cxt 0] Parser state 'start': key is 86dd
[20:42:55.788] [bmv2] [T] [thread 15270] [42.0] [cxt 0] Bytes parsed: 14
[20:42:55.789] [bmv2] [T] [thread 15270] [42.0] [cxt 0] Skipping checksum 'cksum' verification because target field invalid
[20:42:55.789] [bmv2] [D] [thread 15270] [42.0] [cxt 0] Parser 'parser': end
[20:42:55.789] [bmv2] [D] [thread 15270] [42.0] [cxt 0] Pipeline 'ingress': start
[20:42:55.789] [bmv2] [T] [thread 15270] [42.0] [cxt 0] basic.p4(114) Condition "hdr.ipv4.isValid()" (node_2) is false
[20:42:55.789] [bmv2] [D] [thread 15270] [42.0] [cxt 0] Pipeline 'ingress': end
[20:42:55.789] [bmv2] [D] [thread 15270] [42.0] [cxt 0] Egress port is 0
[20:42:55.789] [bmv2] [D] [thread 15271] [42.0] [cxt 0] Pipeline 'egress': start
[20:42:55.789] [bmv2] [D] [thread 15271] [42.0] [cxt 0] Pipeline 'egress': end
[20:42:55.789] [bmv2] [D] [thread 15271] [42.0] [cxt 0] Deparser 'deparser': start
[20:42:55.789] [bmv2] [T] [thread 15271] [42.0] [cxt 0] Skipping checksum 'cksum' update because condition not met
[20:42:55.789] [bmv2] [D] [thread 15271] [42.0] [cxt 0] Deparsing header 'ethernet'
[20:42:55.789] [bmv2] [D] [thread 15271] [42.0] [cxt 0] Deparser 'deparser': end
[20:42:55.789] [bmv2] [D] [thread 15275] [42.0] [cxt 0] Transmitting packet of size 70 out of port 0
[20:42:55.916] [bmv2] [D] [thread 15270] [43.0] [cxt 0] Processing packet received on port 2
[20:42:55.916] [bmv2] [D] [thread 15270] [43.0] [cxt 0] Parser 'parser': start
[20:42:55.916] [bmv2] [D] [thread 15270] [43.0] [cxt 0] Parser 'parser' entering state 'start'
[20:42:55.916] [bmv2] [D] [thread 15270] [43.0] [cxt 0] Extracting header 'ethernet'
[20:42:55.917] [bmv2] [D] [thread 15270] [43.0] [cxt 0] Parser state 'start': key is 86dd
[20:42:55.917] [bmv2] [T] [thread 15270] [43.0] [cxt 0] Bytes parsed: 14
[20:42:55.917] [bmv2] [T] [thread 15270] [43.0] [cxt 0] Skipping checksum 'cksum' verification because target field invalid
[20:42:55.917] [bmv2] [D] [thread 15270] [43.0] [cxt 0] Parser 'parser': end
[20:42:55.917] [bmv2] [D] [thread 15270] [43.0] [cxt 0] Pipeline 'ingress': start
[20:42:55.917] [bmv2] [T] [thread 15270] [43.0] [cxt 0] basic.p4(114) Condition "hdr.ipv4.isValid()" (node_2) is false
[20:42:55.917] [bmv2] [D] [thread 15270] [43.0] [cxt 0] Pipeline 'ingress': end
[20:42:55.917] [bmv2] [D] [thread 15270] [43.0] [cxt 0] Egress port is 0
[20:42:55.917] [bmv2] [D] [thread 15271] [43.0] [cxt 0] Pipeline 'egress': start
[20:42:55.917] [bmv2] [D] [thread 15271] [43.0] [cxt 0] Pipeline 'egress': end
[20:42:55.917] [bmv2] [D] [thread 15271] [43.0] [cxt 0] Deparser 'deparser': start
[20:42:55.917] [bmv2] [T] [thread 15271] [43.0] [cxt 0] Skipping checksum 'cksum' update because condition not met
[20:42:55.917] [bmv2] [D] [thread 15271] [43.0] [cxt 0] Deparsing header 'ethernet'
[20:42:55.917] [bmv2] [D] [thread 15271] [43.0] [cxt 0] Deparser 'deparser': end
[20:42:55.917] [bmv2] [D] [thread 15275] [43.0] [cxt 0] Transmitting packet of size 70 out of port 0
[20:42:56.148] [bmv2] [D] [thread 15270] [44.0] [cxt 0] Processing packet received on port 3
[20:42:56.148] [bmv2] [D] [thread 15270] [44.0] [cxt 0] Parser 'parser': start
[20:42:56.148] [bmv2] [D] [thread 15270] [44.0] [cxt 0] Parser 'parser' entering state 'start'
[20:42:56.148] [bmv2] [D] [thread 15270] [44.0] [cxt 0] Extracting header 'ethernet'
[20:42:56.148] [bmv2] [D] [thread 15270] [44.0] [cxt 0] Parser state 'start': key is 86dd
[20:42:56.148] [bmv2] [T] [thread 15270] [44.0] [cxt 0] Bytes parsed: 14
[20:42:56.148] [bmv2] [T] [thread 15270] [44.0] [cxt 0] Skipping checksum 'cksum' verification because target field invalid
[20:42:56.148] [bmv2] [D] [thread 15270] [44.0] [cxt 0] Parser 'parser': end
[20:42:56.148] [bmv2] [D] [thread 15270] [44.0] [cxt 0] Pipeline 'ingress': start
[20:42:56.148] [bmv2] [T] [thread 15270] [44.0] [cxt 0] basic.p4(114) Condition "hdr.ipv4.isValid()" (node_2) is false
[20:42:56.148] [bmv2] [D] [thread 15270] [44.0] [cxt 0] Pipeline 'ingress': end
[20:42:56.148] [bmv2] [D] [thread 15270] [44.0] [cxt 0] Egress port is 0
[20:42:56.148] [bmv2] [D] [thread 15271] [44.0] [cxt 0] Pipeline 'egress': start
[20:42:56.148] [bmv2] [D] [thread 15271] [44.0] [cxt 0] Pipeline 'egress': end
[20:42:56.148] [bmv2] [D] [thread 15271] [44.0] [cxt 0] Deparser 'deparser': start
[20:42:56.148] [bmv2] [T] [thread 15271] [44.0] [cxt 0] Skipping checksum 'cksum' update because condition not met
[20:42:56.148] [bmv2] [D] [thread 15271] [44.0] [cxt 0] Deparsing header 'ethernet'
[20:42:56.148] [bmv2] [D] [thread 15271] [44.0] [cxt 0] Deparser 'deparser': end
[20:42:56.149] [bmv2] [D] [thread 15275] [44.0] [cxt 0] Transmitting packet of size 70 out of port 0
[20:42:56.301] [bmv2] [D] [thread 15270] [45.0] [cxt 0] Processing packet received on port 3
[20:42:56.301] [bmv2] [D] [thread 15270] [45.0] [cxt 0] Parser 'parser': start
[20:42:56.301] [bmv2] [D] [thread 15270] [45.0] [cxt 0] Parser 'parser' entering state 'start'
[20:42:56.301] [bmv2] [D] [thread 15270] [45.0] [cxt 0] Extracting header 'ethernet'
[20:42:56.301] [bmv2] [D] [thread 15270] [45.0] [cxt 0] Parser state 'start': key is 86dd
[20:42:56.301] [bmv2] [T] [thread 15270] [45.0] [cxt 0] Bytes parsed: 14
[20:42:56.301] [bmv2] [T] [thread 15270] [45.0] [cxt 0] Skipping checksum 'cksum' verification because target field invalid
[20:42:56.301] [bmv2] [D] [thread 15270] [45.0] [cxt 0] Parser 'parser': end
[20:42:56.301] [bmv2] [D] [thread 15270] [45.0] [cxt 0] Pipeline 'ingress': start
[20:42:56.301] [bmv2] [T] [thread 15270] [45.0] [cxt 0] basic.p4(114) Condition "hdr.ipv4.isValid()" (node_2) is false
[20:42:56.301] [bmv2] [D] [thread 15270] [45.0] [cxt 0] Pipeline 'ingress': end
[20:42:56.301] [bmv2] [D] [thread 15270] [45.0] [cxt 0] Egress port is 0
[20:42:56.301] [bmv2] [D] [thread 15271] [45.0] [cxt 0] Pipeline 'egress': start
[20:42:56.301] [bmv2] [D] [thread 15271] [45.0] [cxt 0] Pipeline 'egress': end
[20:42:56.301] [bmv2] [D] [thread 15271] [45.0] [cxt 0] Deparser 'deparser': start
[20:42:56.301] [bmv2] [T] [thread 15271] [45.0] [cxt 0] Skipping checksum 'cksum' update because condition not met
[20:42:56.301] [bmv2] [D] [thread 15271] [45.0] [cxt 0] Deparsing header 'ethernet'
[20:42:56.301] [bmv2] [D] [thread 15271] [45.0] [cxt 0] Deparser 'deparser': end
[20:42:56.301] [bmv2] [D] [thread 15275] [45.0] [cxt 0] Transmitting packet of size 70 out of port 0
[20:43:02.443] [bmv2] [D] [thread 15270] [46.0] [cxt 0] Processing packet received on port 1
[20:43:02.443] [bmv2] [D] [thread 15270] [46.0] [cxt 0] Parser 'parser': start
[20:43:02.443] [bmv2] [D] [thread 15270] [46.0] [cxt 0] Parser 'parser' entering state 'start'
[20:43:02.444] [bmv2] [D] [thread 15270] [46.0] [cxt 0] Extracting header 'ethernet'
[20:43:02.444] [bmv2] [D] [thread 15270] [46.0] [cxt 0] Parser state 'start': key is 86dd
[20:43:02.444] [bmv2] [T] [thread 15270] [46.0] [cxt 0] Bytes parsed: 14
[20:43:02.444] [bmv2] [T] [thread 15270] [46.0] [cxt 0] Skipping checksum 'cksum' verification because target field invalid
[20:43:02.444] [bmv2] [D] [thread 15270] [46.0] [cxt 0] Parser 'parser': end
[20:43:02.444] [bmv2] [D] [thread 15270] [46.0] [cxt 0] Pipeline 'ingress': start
[20:43:02.444] [bmv2] [T] [thread 15270] [46.0] [cxt 0] basic.p4(114) Condition "hdr.ipv4.isValid()" (node_2) is false
[20:43:02.444] [bmv2] [D] [thread 15270] [46.0] [cxt 0] Pipeline 'ingress': end
[20:43:02.444] [bmv2] [D] [thread 15270] [46.0] [cxt 0] Egress port is 0
[20:43:02.444] [bmv2] [D] [thread 15271] [46.0] [cxt 0] Pipeline 'egress': start
[20:43:02.444] [bmv2] [D] [thread 15271] [46.0] [cxt 0] Pipeline 'egress': end
[20:43:02.444] [bmv2] [D] [thread 15271] [46.0] [cxt 0] Deparser 'deparser': start
[20:43:02.444] [bmv2] [T] [thread 15271] [46.0] [cxt 0] Skipping checksum 'cksum' update because condition not met
[20:43:02.444] [bmv2] [D] [thread 15271] [46.0] [cxt 0] Deparsing header 'ethernet'
[20:43:02.444] [bmv2] [D] [thread 15271] [46.0] [cxt 0] Deparser 'deparser': end
[20:43:02.444] [bmv2] [D] [thread 15275] [46.0] [cxt 0] Transmitting packet of size 180 out of port 0
[20:43:02.922] [bmv2] [D] [thread 15270] [47.0] [cxt 0] Processing packet received on port 2
[20:43:02.922] [bmv2] [D] [thread 15270] [47.0] [cxt 0] Parser 'parser': start
[20:43:02.922] [bmv2] [D] [thread 15270] [47.0] [cxt 0] Parser 'parser' entering state 'start'
[20:43:02.922] [bmv2] [D] [thread 15270] [47.0] [cxt 0] Extracting header 'ethernet'
[20:43:02.922] [bmv2] [D] [thread 15270] [47.0] [cxt 0] Parser state 'start': key is 86dd
[20:43:02.922] [bmv2] [T] [thread 15270] [47.0] [cxt 0] Bytes parsed: 14
[20:43:02.922] [bmv2] [T] [thread 15270] [47.0] [cxt 0] Skipping checksum 'cksum' verification because target field invalid
[20:43:02.922] [bmv2] [D] [thread 15270] [47.0] [cxt 0] Parser 'parser': end
[20:43:02.922] [bmv2] [D] [thread 15270] [47.0] [cxt 0] Pipeline 'ingress': start
[20:43:02.922] [bmv2] [T] [thread 15270] [47.0] [cxt 0] basic.p4(114) Condition "hdr.ipv4.isValid()" (node_2) is false
[20:43:02.922] [bmv2] [D] [thread 15270] [47.0] [cxt 0] Pipeline 'ingress': end
[20:43:02.922] [bmv2] [D] [thread 15270] [47.0] [cxt 0] Egress port is 0
[20:43:02.922] [bmv2] [D] [thread 15271] [47.0] [cxt 0] Pipeline 'egress': start
[20:43:02.922] [bmv2] [D] [thread 15271] [47.0] [cxt 0] Pipeline 'egress': end
[20:43:02.922] [bmv2] [D] [thread 15271] [47.0] [cxt 0] Deparser 'deparser': start
[20:43:02.922] [bmv2] [T] [thread 15271] [47.0] [cxt 0] Skipping checksum 'cksum' update because condition not met
[20:43:02.922] [bmv2] [D] [thread 15271] [47.0] [cxt 0] Deparsing header 'ethernet'
[20:43:02.922] [bmv2] [D] [thread 15271] [47.0] [cxt 0] Deparser 'deparser': end
[20:43:02.923] [bmv2] [D] [thread 15275] [47.0] [cxt 0] Transmitting packet of size 180 out of port 0
[20:43:03.253] [bmv2] [D] [thread 15270] [48.0] [cxt 0] Processing packet received on port 3
[20:43:03.253] [bmv2] [D] [thread 15270] [48.0] [cxt 0] Parser 'parser': start
[20:43:03.253] [bmv2] [D] [thread 15270] [48.0] [cxt 0] Parser 'parser' entering state 'start'
[20:43:03.253] [bmv2] [D] [thread 15270] [48.0] [cxt 0] Extracting header 'ethernet'
[20:43:03.253] [bmv2] [D] [thread 15270] [48.0] [cxt 0] Parser state 'start': key is 86dd
[20:43:03.253] [bmv2] [T] [thread 15270] [48.0] [cxt 0] Bytes parsed: 14
[20:43:03.253] [bmv2] [T] [thread 15270] [48.0] [cxt 0] Skipping checksum 'cksum' verification because target field invalid
[20:43:03.253] [bmv2] [D] [thread 15270] [48.0] [cxt 0] Parser 'parser': end
[20:43:03.253] [bmv2] [D] [thread 15270] [48.0] [cxt 0] Pipeline 'ingress': start
[20:43:03.253] [bmv2] [T] [thread 15270] [48.0] [cxt 0] basic.p4(114) Condition "hdr.ipv4.isValid()" (node_2) is false
[20:43:03.253] [bmv2] [D] [thread 15270] [48.0] [cxt 0] Pipeline 'ingress': end
[20:43:03.253] [bmv2] [D] [thread 15270] [48.0] [cxt 0] Egress port is 0
[20:43:03.253] [bmv2] [D] [thread 15271] [48.0] [cxt 0] Pipeline 'egress': start
[20:43:03.253] [bmv2] [D] [thread 15271] [48.0] [cxt 0] Pipeline 'egress': end
[20:43:03.253] [bmv2] [D] [thread 15271] [48.0] [cxt 0] Deparser 'deparser': start
[20:43:03.253] [bmv2] [T] [thread 15271] [48.0] [cxt 0] Skipping checksum 'cksum' update because condition not met
[20:43:03.253] [bmv2] [D] [thread 15271] [48.0] [cxt 0] Deparsing header 'ethernet'
[20:43:03.253] [bmv2] [D] [thread 15271] [48.0] [cxt 0] Deparser 'deparser': end
[20:43:03.253] [bmv2] [D] [thread 15275] [48.0] [cxt 0] Transmitting packet of size 180 out of port 0
[20:43:13.389] [bmv2] [D] [thread 15270] [49.0] [cxt 0] Processing packet received on port 2
[20:43:13.389] [bmv2] [D] [thread 15270] [49.0] [cxt 0] Parser 'parser': start
[20:43:13.389] [bmv2] [D] [thread 15270] [49.0] [cxt 0] Parser 'parser' entering state 'start'
[20:43:13.389] [bmv2] [D] [thread 15270] [49.0] [cxt 0] Extracting header 'ethernet'
[20:43:13.389] [bmv2] [D] [thread 15270] [49.0] [cxt 0] Parser state 'start': key is 0800
[20:43:13.389] [bmv2] [T] [thread 15270] [49.0] [cxt 0] Bytes parsed: 14
[20:43:13.389] [bmv2] [D] [thread 15270] [49.0] [cxt 0] Parser 'parser' entering state 'parse_ipv4'
[20:43:13.389] [bmv2] [D] [thread 15270] [49.0] [cxt 0] Extracting header 'ipv4'
[20:43:13.389] [bmv2] [D] [thread 15270] [49.0] [cxt 0] Parser state 'parse_ipv4' has no switch, going to default next state
[20:43:13.389] [bmv2] [T] [thread 15270] [49.0] [cxt 0] Bytes parsed: 34
[20:43:13.389] [bmv2] [D] [thread 15270] [49.0] [cxt 0] Verifying checksum 'cksum': true
[20:43:13.389] [bmv2] [D] [thread 15270] [49.0] [cxt 0] Parser 'parser': end
[20:43:13.389] [bmv2] [D] [thread 15270] [49.0] [cxt 0] Pipeline 'ingress': start
[20:43:13.389] [bmv2] [T] [thread 15270] [49.0] [cxt 0] basic.p4(114) Condition "hdr.ipv4.isValid()" (node_2) is true
[20:43:13.389] [bmv2] [T] [thread 15270] [49.0] [cxt 0] Applying table 'MyIngress.ipv4_lpm'
[20:43:13.389] [bmv2] [D] [thread 15270] [49.0] [cxt 0] Looking up key:
* hdr.ipv4.dstAddr    : 0a000202

[20:43:13.389] [bmv2] [D] [thread 15270] [49.0] [cxt 0] Table 'MyIngress.ipv4_lpm': hit with handle 1
[20:43:13.389] [bmv2] [D] [thread 15270] [49.0] [cxt 0] Dumping entry 1
Match key:
* hdr.ipv4.dstAddr    : LPM       0a000202/32
Action entry: MyIngress.ipv4_forward - 202,1,

[20:43:13.389] [bmv2] [D] [thread 15270] [49.0] [cxt 0] Action entry is MyIngress.ipv4_forward - 202,1,
[20:43:13.389] [bmv2] [T] [thread 15270] [49.0] [cxt 0] Action MyIngress.ipv4_forward
[20:43:13.389] [bmv2] [T] [thread 15270] [49.0] [cxt 0] basic.p4(94) Primitive standard_metadata.egress_spec = port
[20:43:13.389] [bmv2] [T] [thread 15270] [49.0] [cxt 0] basic.p4(95) Primitive hdr.ethernet.srcAddr = hdr.ethernet.dstAddr
[20:43:13.389] [bmv2] [T] [thread 15270] [49.0] [cxt 0] basic.p4(96) Primitive hdr.ethernet.dstAddr = dstAddr
[20:43:13.389] [bmv2] [T] [thread 15270] [49.0] [cxt 0] basic.p4(97) Primitive hdr.ipv4.ttl = hdr.ipv4.ttl - 1
[20:43:13.389] [bmv2] [D] [thread 15270] [49.0] [cxt 0] Pipeline 'ingress': end
[20:43:13.389] [bmv2] [D] [thread 15270] [49.0] [cxt 0] Egress port is 1
[20:43:13.389] [bmv2] [D] [thread 15272] [49.0] [cxt 0] Pipeline 'egress': start
[20:43:13.389] [bmv2] [D] [thread 15272] [49.0] [cxt 0] Pipeline 'egress': end
[20:43:13.389] [bmv2] [D] [thread 15272] [49.0] [cxt 0] Deparser 'deparser': start
[20:43:13.389] [bmv2] [D] [thread 15272] [49.0] [cxt 0] Updating checksum 'cksum'
[20:43:13.389] [bmv2] [D] [thread 15272] [49.0] [cxt 0] Deparsing header 'ethernet'
[20:43:13.389] [bmv2] [D] [thread 15272] [49.0] [cxt 0] Deparsing header 'ipv4'
[20:43:13.389] [bmv2] [D] [thread 15272] [49.0] [cxt 0] Deparser 'deparser': end
[20:43:13.389] [bmv2] [D] [thread 15275] [49.0] [cxt 0] Transmitting packet of size 60 out of port 1
[20:43:13.389] [bmv2] [D] [thread 15270] [50.0] [cxt 0] Processing packet received on port 1
[20:43:13.389] [bmv2] [D] [thread 15270] [50.0] [cxt 0] Parser 'parser': start
[20:43:13.389] [bmv2] [D] [thread 15270] [50.0] [cxt 0] Parser 'parser' entering state 'start'
[20:43:13.389] [bmv2] [D] [thread 15270] [50.0] [cxt 0] Extracting header 'ethernet'
[20:43:13.389] [bmv2] [D] [thread 15270] [50.0] [cxt 0] Parser state 'start': key is 0800
[20:43:13.389] [bmv2] [T] [thread 15270] [50.0] [cxt 0] Bytes parsed: 14
[20:43:13.389] [bmv2] [D] [thread 15270] [50.0] [cxt 0] Parser 'parser' entering state 'parse_ipv4'
[20:43:13.389] [bmv2] [D] [thread 15270] [50.0] [cxt 0] Extracting header 'ipv4'
[20:43:13.389] [bmv2] [D] [thread 15270] [50.0] [cxt 0] Parser state 'parse_ipv4' has no switch, going to default next state
[20:43:13.389] [bmv2] [T] [thread 15270] [50.0] [cxt 0] Bytes parsed: 34
[20:43:13.390] [bmv2] [D] [thread 15270] [50.0] [cxt 0] Verifying checksum 'cksum': true
[20:43:13.390] [bmv2] [D] [thread 15270] [50.0] [cxt 0] Parser 'parser': end
[20:43:13.390] [bmv2] [D] [thread 15270] [50.0] [cxt 0] Pipeline 'ingress': start
[20:43:13.390] [bmv2] [T] [thread 15270] [50.0] [cxt 0] basic.p4(114) Condition "hdr.ipv4.isValid()" (node_2) is true
[20:43:13.390] [bmv2] [T] [thread 15270] [50.0] [cxt 0] Applying table 'MyIngress.ipv4_lpm'
[20:43:13.390] [bmv2] [D] [thread 15270] [50.0] [cxt 0] Looking up key:
* hdr.ipv4.dstAddr    : 0a000101

[20:43:13.390] [bmv2] [D] [thread 15270] [50.0] [cxt 0] Table 'MyIngress.ipv4_lpm': hit with handle 0
[20:43:13.390] [bmv2] [D] [thread 15270] [50.0] [cxt 0] Dumping entry 0
Match key:
* hdr.ipv4.dstAddr    : LPM       0a000101/32
Action entry: MyIngress.ipv4_forward - 10200,2,

[20:43:13.390] [bmv2] [D] [thread 15270] [50.0] [cxt 0] Action entry is MyIngress.ipv4_forward - 10200,2,
[20:43:13.390] [bmv2] [T] [thread 15270] [50.0] [cxt 0] Action MyIngress.ipv4_forward
[20:43:13.390] [bmv2] [T] [thread 15270] [50.0] [cxt 0] basic.p4(94) Primitive standard_metadata.egress_spec = port
[20:43:13.390] [bmv2] [T] [thread 15270] [50.0] [cxt 0] basic.p4(95) Primitive hdr.ethernet.srcAddr = hdr.ethernet.dstAddr
[20:43:13.390] [bmv2] [T] [thread 15270] [50.0] [cxt 0] basic.p4(96) Primitive hdr.ethernet.dstAddr = dstAddr
[20:43:13.390] [bmv2] [T] [thread 15270] [50.0] [cxt 0] basic.p4(97) Primitive hdr.ipv4.ttl = hdr.ipv4.ttl - 1
[20:43:13.390] [bmv2] [D] [thread 15270] [50.0] [cxt 0] Pipeline 'ingress': end
[20:43:13.390] [bmv2] [D] [thread 15270] [50.0] [cxt 0] Egress port is 2
[20:43:13.390] [bmv2] [D] [thread 15273] [50.0] [cxt 0] Pipeline 'egress': start
[20:43:13.390] [bmv2] [D] [thread 15273] [50.0] [cxt 0] Pipeline 'egress': end
[20:43:13.390] [bmv2] [D] [thread 15273] [50.0] [cxt 0] Deparser 'deparser': start
[20:43:13.390] [bmv2] [D] [thread 15273] [50.0] [cxt 0] Updating checksum 'cksum'
[20:43:13.390] [bmv2] [D] [thread 15273] [50.0] [cxt 0] Deparsing header 'ethernet'
[20:43:13.390] [bmv2] [D] [thread 15273] [50.0] [cxt 0] Deparsing header 'ipv4'
[20:43:13.391] [bmv2] [D] [thread 15273] [50.0] [cxt 0] Deparser 'deparser': end
[20:43:13.391] [bmv2] [D] [thread 15275] [50.0] [cxt 0] Transmitting packet of size 54 out of port 2
open: No such file or directory
open: No such file or directory
open: No such file or directory
open: No such file or directory
