Calling target program-options parser
Adding interface s3-eth1 as port 1
[20:42:47.808] [bmv2] [D] [thread 15218] Adding interface s3-eth1 as port 1
Adding interface s3-eth2 as port 2
[20:42:47.828] [bmv2] [D] [thread 15218] Adding interface s3-eth2 as port 2
Adding interface s3-eth3 as port 3
[20:42:47.852] [bmv2] [D] [thread 15218] Adding interface s3-eth3 as port 3
I1115 20:42:47.876885830   15218 server_builder.cc:247]      Synchronous server. Num CQs: 1, Min pollers: 1, Max Pollers: 2147483647, CQ timeout (msec): 1000
Server listening on 0.0.0.0:50053
Thrift server was started
New connection
P4Runtime SetForwardingPipelineConfig
[20:42:49.597] [bmv2] [D] [thread 15252] Set default default entry for table 'MyIngress.ipv4_lpm': MyIngress.drop - 
[20:42:49.599] [bmv2] [D] [thread 15257] [0.0] [cxt 0] Processing packet received on port 1
[20:42:49.599] [bmv2] [D] [thread 15257] [0.0] [cxt 0] Parser 'parser': start
[20:42:49.599] [bmv2] [D] [thread 15257] [0.0] [cxt 0] Parser 'parser' entering state 'start'
[20:42:49.599] [bmv2] [D] [thread 15257] [0.0] [cxt 0] Extracting header 'ethernet'
[20:42:49.599] [bmv2] [D] [thread 15257] [0.0] [cxt 0] Parser state 'start': key is 86dd
[20:42:49.599] [bmv2] [T] [thread 15257] [0.0] [cxt 0] Bytes parsed: 14
[20:42:49.599] [bmv2] [T] [thread 15257] [0.0] [cxt 0] Skipping checksum 'cksum' verification because target field invalid
[20:42:49.599] [bmv2] [D] [thread 15257] [0.0] [cxt 0] Parser 'parser': end
[20:42:49.599] [bmv2] [D] [thread 15257] [0.0] [cxt 0] Pipeline 'ingress': start
[20:42:49.600] [bmv2] [T] [thread 15257] [0.0] [cxt 0] basic.p4(114) Condition "hdr.ipv4.isValid()" (node_2) is false
[20:42:49.600] [bmv2] [D] [thread 15257] [0.0] [cxt 0] Pipeline 'ingress': end
[20:42:49.600] [bmv2] [D] [thread 15257] [0.0] [cxt 0] Egress port is 0
[20:42:49.600] [bmv2] [D] [thread 15257] [1.0] [cxt 0] Processing packet received on port 2
[20:42:49.600] [bmv2] [D] [thread 15257] [1.0] [cxt 0] Parser 'parser': start
[20:42:49.600] [bmv2] [D] [thread 15257] [1.0] [cxt 0] Parser 'parser' entering state 'start'
[20:42:49.600] [bmv2] [D] [thread 15257] [1.0] [cxt 0] Extracting header 'ethernet'
[20:42:49.600] [bmv2] [D] [thread 15257] [1.0] [cxt 0] Parser state 'start': key is 86dd
[20:42:49.600] [bmv2] [T] [thread 15257] [1.0] [cxt 0] Bytes parsed: 14
[20:42:49.600] [bmv2] [T] [thread 15257] [1.0] [cxt 0] Skipping checksum 'cksum' verification because target field invalid
[20:42:49.600] [bmv2] [D] [thread 15257] [1.0] [cxt 0] Parser 'parser': end
[20:42:49.600] [bmv2] [D] [thread 15257] [1.0] [cxt 0] Pipeline 'ingress': start
[20:42:49.600] [bmv2] [T] [thread 15257] [1.0] [cxt 0] basic.p4(114) Condition "hdr.ipv4.isValid()" (node_2) is false
[20:42:49.600] [bmv2] [D] [thread 15257] [1.0] [cxt 0] Pipeline 'ingress': end
[20:42:49.600] [bmv2] [D] [thread 15257] [1.0] [cxt 0] Egress port is 0
[20:42:49.600] [bmv2] [D] [thread 15258] [0.0] [cxt 0] Pipeline 'egress': start
[20:42:49.600] [bmv2] [D] [thread 15258] [0.0] [cxt 0] Pipeline 'egress': end
[20:42:49.600] [bmv2] [D] [thread 15258] [0.0] [cxt 0] Deparser 'deparser': start
[20:42:49.600] [bmv2] [T] [thread 15258] [0.0] [cxt 0] Skipping checksum 'cksum' update because condition not met
[20:42:49.600] [bmv2] [D] [thread 15258] [0.0] [cxt 0] Deparsing header 'ethernet'
[20:42:49.600] [bmv2] [D] [thread 15258] [0.0] [cxt 0] Deparser 'deparser': end
[20:42:49.600] [bmv2] [D] [thread 15258] [1.0] [cxt 0] Pipeline 'egress': start
[20:42:49.600] [bmv2] [D] [thread 15258] [1.0] [cxt 0] Pipeline 'egress': end
[20:42:49.600] [bmv2] [D] [thread 15258] [1.0] [cxt 0] Deparser 'deparser': start
[20:42:49.600] [bmv2] [T] [thread 15258] [1.0] [cxt 0] Skipping checksum 'cksum' update because condition not met
[20:42:49.600] [bmv2] [D] [thread 15258] [1.0] [cxt 0] Deparsing header 'ethernet'
[20:42:49.600] [bmv2] [D] [thread 15258] [1.0] [cxt 0] Deparser 'deparser': end
[20:42:49.600] [bmv2] [D] [thread 15262] [0.0] [cxt 0] Transmitting packet of size 208 out of port 0
[20:42:49.600] [bmv2] [D] [thread 15262] [1.0] [cxt 0] Transmitting packet of size 90 out of port 0
[20:42:49.601] [bmv2] [D] [thread 15257] [2.0] [cxt 0] Processing packet received on port 3
[20:42:49.601] [bmv2] [D] [thread 15257] [2.0] [cxt 0] Parser 'parser': start
[20:42:49.601] [bmv2] [D] [thread 15257] [2.0] [cxt 0] Parser 'parser' entering state 'start'
[20:42:49.601] [bmv2] [D] [thread 15257] [2.0] [cxt 0] Extracting header 'ethernet'
[20:42:49.602] [bmv2] [D] [thread 15257] [2.0] [cxt 0] Parser state 'start': key is 86dd
[20:42:49.602] [bmv2] [T] [thread 15257] [2.0] [cxt 0] Bytes parsed: 14
[20:42:49.602] [bmv2] [T] [thread 15257] [2.0] [cxt 0] Skipping checksum 'cksum' verification because target field invalid
[20:42:49.602] [bmv2] [D] [thread 15257] [2.0] [cxt 0] Parser 'parser': end
[20:42:49.602] [bmv2] [D] [thread 15257] [2.0] [cxt 0] Pipeline 'ingress': start
[20:42:49.602] [bmv2] [T] [thread 15257] [2.0] [cxt 0] basic.p4(114) Condition "hdr.ipv4.isValid()" (node_2) is false
[20:42:49.602] [bmv2] [D] [thread 15257] [2.0] [cxt 0] Pipeline 'ingress': end
[20:42:49.602] [bmv2] [D] [thread 15257] [2.0] [cxt 0] Egress port is 0
[20:42:49.602] [bmv2] [D] [thread 15257] [3.0] [cxt 0] Processing packet received on port 1
[20:42:49.602] [bmv2] [D] [thread 15257] [3.0] [cxt 0] Parser 'parser': start
[20:42:49.602] [bmv2] [D] [thread 15257] [3.0] [cxt 0] Parser 'parser' entering state 'start'
[20:42:49.602] [bmv2] [D] [thread 15257] [3.0] [cxt 0] Extracting header 'ethernet'
[20:42:49.602] [bmv2] [D] [thread 15257] [3.0] [cxt 0] Parser state 'start': key is 86dd
[20:42:49.602] [bmv2] [T] [thread 15257] [3.0] [cxt 0] Bytes parsed: 14
[20:42:49.602] [bmv2] [T] [thread 15257] [3.0] [cxt 0] Skipping checksum 'cksum' verification because target field invalid
[20:42:49.602] [bmv2] [D] [thread 15257] [3.0] [cxt 0] Parser 'parser': end
[20:42:49.602] [bmv2] [D] [thread 15257] [3.0] [cxt 0] Pipeline 'ingress': start
[20:42:49.602] [bmv2] [T] [thread 15257] [3.0] [cxt 0] basic.p4(114) Condition "hdr.ipv4.isValid()" (node_2) is false
[20:42:49.602] [bmv2] [D] [thread 15257] [3.0] [cxt 0] Pipeline 'ingress': end
[20:42:49.602] [bmv2] [D] [thread 15257] [3.0] [cxt 0] Egress port is 0
[20:42:49.602] [bmv2] [D] [thread 15257] [4.0] [cxt 0] Processing packet received on port 2
[20:42:49.602] [bmv2] [D] [thread 15257] [4.0] [cxt 0] Parser 'parser': start
[20:42:49.602] [bmv2] [D] [thread 15257] [4.0] [cxt 0] Parser 'parser' entering state 'start'
[20:42:49.602] [bmv2] [D] [thread 15257] [4.0] [cxt 0] Extracting header 'ethernet'
[20:42:49.602] [bmv2] [D] [thread 15257] [4.0] [cxt 0] Parser state 'start': key is 86dd
[20:42:49.602] [bmv2] [T] [thread 15257] [4.0] [cxt 0] Bytes parsed: 14
[20:42:49.602] [bmv2] [T] [thread 15257] [4.0] [cxt 0] Skipping checksum 'cksum' verification because target field invalid
[20:42:49.602] [bmv2] [D] [thread 15257] [4.0] [cxt 0] Parser 'parser': end
[20:42:49.602] [bmv2] [D] [thread 15257] [4.0] [cxt 0] Pipeline 'ingress': start
[20:42:49.602] [bmv2] [T] [thread 15257] [4.0] [cxt 0] basic.p4(114) Condition "hdr.ipv4.isValid()" (node_2) is false
[20:42:49.602] [bmv2] [D] [thread 15257] [4.0] [cxt 0] Pipeline 'ingress': end
[20:42:49.602] [bmv2] [D] [thread 15257] [4.0] [cxt 0] Egress port is 0
[20:42:49.602] [bmv2] [D] [thread 15257] [5.0] [cxt 0] Processing packet received on port 3
[20:42:49.602] [bmv2] [D] [thread 15257] [5.0] [cxt 0] Parser 'parser': start
[20:42:49.602] [bmv2] [D] [thread 15257] [5.0] [cxt 0] Parser 'parser' entering state 'start'
[20:42:49.602] [bmv2] [D] [thread 15257] [5.0] [cxt 0] Extracting header 'ethernet'
[20:42:49.602] [bmv2] [D] [thread 15257] [5.0] [cxt 0] Parser state 'start': key is 86dd
[20:42:49.602] [bmv2] [T] [thread 15257] [5.0] [cxt 0] Bytes parsed: 14
[20:42:49.602] [bmv2] [T] [thread 15257] [5.0] [cxt 0] Skipping checksum 'cksum' verification because target field invalid
[20:42:49.602] [bmv2] [D] [thread 15257] [5.0] [cxt 0] Parser 'parser': end
[20:42:49.602] [bmv2] [D] [thread 15257] [5.0] [cxt 0] Pipeline 'ingress': start
[20:42:49.602] [bmv2] [T] [thread 15257] [5.0] [cxt 0] basic.p4(114) Condition "hdr.ipv4.isValid()" (node_2) is false
[20:42:49.602] [bmv2] [D] [thread 15257] [5.0] [cxt 0] Pipeline 'ingress': end
[20:42:49.602] [bmv2] [D] [thread 15257] [5.0] [cxt 0] Egress port is 0
[20:42:49.602] [bmv2] [D] [thread 15257] [6.0] [cxt 0] Processing packet received on port 1
[20:42:49.602] [bmv2] [D] [thread 15257] [6.0] [cxt 0] Parser 'parser': start
[20:42:49.602] [bmv2] [D] [thread 15257] [6.0] [cxt 0] Parser 'parser' entering state 'start'
[20:42:49.602] [bmv2] [D] [thread 15257] [6.0] [cxt 0] Extracting header 'ethernet'
[20:42:49.602] [bmv2] [D] [thread 15257] [6.0] [cxt 0] Parser state 'start': key is 86dd
[20:42:49.602] [bmv2] [T] [thread 15257] [6.0] [cxt 0] Bytes parsed: 14
[20:42:49.602] [bmv2] [T] [thread 15257] [6.0] [cxt 0] Skipping checksum 'cksum' verification because target field invalid
[20:42:49.602] [bmv2] [D] [thread 15257] [6.0] [cxt 0] Parser 'parser': end
[20:42:49.602] [bmv2] [D] [thread 15257] [6.0] [cxt 0] Pipeline 'ingress': start
[20:42:49.602] [bmv2] [T] [thread 15257] [6.0] [cxt 0] basic.p4(114) Condition "hdr.ipv4.isValid()" (node_2) is false
[20:42:49.602] [bmv2] [D] [thread 15257] [6.0] [cxt 0] Pipeline 'ingress': end
[20:42:49.602] [bmv2] [D] [thread 15257] [6.0] [cxt 0] Egress port is 0
[20:42:49.602] [bmv2] [D] [thread 15258] [2.0] [cxt 0] Pipeline 'egress': start
[20:42:49.602] [bmv2] [D] [thread 15258] [2.0] [cxt 0] Pipeline 'egress': end
[20:42:49.602] [bmv2] [D] [thread 15258] [2.0] [cxt 0] Deparser 'deparser': start
[20:42:49.602] [bmv2] [T] [thread 15258] [2.0] [cxt 0] Skipping checksum 'cksum' update because condition not met
[20:42:49.602] [bmv2] [D] [thread 15258] [2.0] [cxt 0] Deparsing header 'ethernet'
[20:42:49.602] [bmv2] [D] [thread 15258] [2.0] [cxt 0] Deparser 'deparser': end
[20:42:49.602] [bmv2] [D] [thread 15258] [3.0] [cxt 0] Pipeline 'egress': start
[20:42:49.602] [bmv2] [D] [thread 15258] [3.0] [cxt 0] Pipeline 'egress': end
[20:42:49.602] [bmv2] [D] [thread 15258] [3.0] [cxt 0] Deparser 'deparser': start
[20:42:49.602] [bmv2] [T] [thread 15258] [3.0] [cxt 0] Skipping checksum 'cksum' update because condition not met
[20:42:49.602] [bmv2] [D] [thread 15258] [3.0] [cxt 0] Deparsing header 'ethernet'
[20:42:49.602] [bmv2] [D] [thread 15258] [3.0] [cxt 0] Deparser 'deparser': end
[20:42:49.602] [bmv2] [D] [thread 15258] [4.0] [cxt 0] Pipeline 'egress': start
[20:42:49.603] [bmv2] [D] [thread 15258] [4.0] [cxt 0] Pipeline 'egress': end
[20:42:49.603] [bmv2] [D] [thread 15258] [4.0] [cxt 0] Deparser 'deparser': start
[20:42:49.603] [bmv2] [T] [thread 15258] [4.0] [cxt 0] Skipping checksum 'cksum' update because condition not met
[20:42:49.603] [bmv2] [D] [thread 15258] [4.0] [cxt 0] Deparsing header 'ethernet'
[20:42:49.603] [bmv2] [D] [thread 15258] [4.0] [cxt 0] Deparser 'deparser': end
[20:42:49.603] [bmv2] [D] [thread 15258] [5.0] [cxt 0] Pipeline 'egress': start
[20:42:49.603] [bmv2] [D] [thread 15258] [5.0] [cxt 0] Pipeline 'egress': end
[20:42:49.603] [bmv2] [D] [thread 15258] [5.0] [cxt 0] Deparser 'deparser': start
[20:42:49.603] [bmv2] [T] [thread 15258] [5.0] [cxt 0] Skipping checksum 'cksum' update because condition not met
[20:42:49.603] [bmv2] [D] [thread 15258] [5.0] [cxt 0] Deparsing header 'ethernet'
[20:42:49.603] [bmv2] [D] [thread 15258] [5.0] [cxt 0] Deparser 'deparser': end
[20:42:49.603] [bmv2] [D] [thread 15258] [6.0] [cxt 0] Pipeline 'egress': start
[20:42:49.603] [bmv2] [D] [thread 15258] [6.0] [cxt 0] Pipeline 'egress': end
[20:42:49.603] [bmv2] [D] [thread 15258] [6.0] [cxt 0] Deparser 'deparser': start
[20:42:49.603] [bmv2] [T] [thread 15258] [6.0] [cxt 0] Skipping checksum 'cksum' update because condition not met
[20:42:49.603] [bmv2] [D] [thread 15258] [6.0] [cxt 0] Deparsing header 'ethernet'
[20:42:49.603] [bmv2] [D] [thread 15258] [6.0] [cxt 0] Deparser 'deparser': end
[20:42:49.603] [bmv2] [D] [thread 15262] [2.0] [cxt 0] Transmitting packet of size 90 out of port 0
[20:42:49.603] [bmv2] [D] [thread 15262] [3.0] [cxt 0] Transmitting packet of size 208 out of port 0
[20:42:49.603] [bmv2] [D] [thread 15262] [4.0] [cxt 0] Transmitting packet of size 208 out of port 0
[20:42:49.603] [bmv2] [D] [thread 15262] [5.0] [cxt 0] Transmitting packet of size 70 out of port 0
[20:42:49.603] [bmv2] [D] [thread 15262] [6.0] [cxt 0] Transmitting packet of size 90 out of port 0
[20:42:49.605] [bmv2] [D] [thread 15257] [7.0] [cxt 0] Processing packet received on port 2
[20:42:49.605] [bmv2] [D] [thread 15257] [7.0] [cxt 0] Parser 'parser': start
[20:42:49.605] [bmv2] [D] [thread 15257] [7.0] [cxt 0] Parser 'parser' entering state 'start'
[20:42:49.605] [bmv2] [D] [thread 15257] [7.0] [cxt 0] Extracting header 'ethernet'
[20:42:49.605] [bmv2] [D] [thread 15257] [7.0] [cxt 0] Parser state 'start': key is 86dd
[20:42:49.605] [bmv2] [T] [thread 15257] [7.0] [cxt 0] Bytes parsed: 14
[20:42:49.605] [bmv2] [T] [thread 15257] [7.0] [cxt 0] Skipping checksum 'cksum' verification because target field invalid
[20:42:49.605] [bmv2] [D] [thread 15257] [7.0] [cxt 0] Parser 'parser': end
[20:42:49.605] [bmv2] [D] [thread 15257] [7.0] [cxt 0] Pipeline 'ingress': start
[20:42:49.606] [bmv2] [T] [thread 15257] [7.0] [cxt 0] basic.p4(114) Condition "hdr.ipv4.isValid()" (node_2) is false
[20:42:49.606] [bmv2] [D] [thread 15257] [7.0] [cxt 0] Pipeline 'ingress': end
[20:42:49.606] [bmv2] [D] [thread 15257] [7.0] [cxt 0] Egress port is 0
[20:42:49.606] [bmv2] [D] [thread 15258] [7.0] [cxt 0] Pipeline 'egress': start
[20:42:49.606] [bmv2] [D] [thread 15258] [7.0] [cxt 0] Pipeline 'egress': end
[20:42:49.606] [bmv2] [D] [thread 15258] [7.0] [cxt 0] Deparser 'deparser': start
[20:42:49.606] [bmv2] [T] [thread 15258] [7.0] [cxt 0] Skipping checksum 'cksum' update because condition not met
[20:42:49.606] [bmv2] [D] [thread 15258] [7.0] [cxt 0] Deparsing header 'ethernet'
[20:42:49.606] [bmv2] [D] [thread 15258] [7.0] [cxt 0] Deparser 'deparser': end
[20:42:49.606] [bmv2] [D] [thread 15262] [7.0] [cxt 0] Transmitting packet of size 208 out of port 0
[20:42:49.606] [bmv2] [D] [thread 15257] [8.0] [cxt 0] Processing packet received on port 3
[20:42:49.606] [bmv2] [D] [thread 15257] [8.0] [cxt 0] Parser 'parser': start
[20:42:49.606] [bmv2] [D] [thread 15257] [8.0] [cxt 0] Parser 'parser' entering state 'start'
[20:42:49.606] [bmv2] [D] [thread 15257] [8.0] [cxt 0] Extracting header 'ethernet'
[20:42:49.606] [bmv2] [D] [thread 15257] [8.0] [cxt 0] Parser state 'start': key is 86dd
[20:42:49.606] [bmv2] [T] [thread 15257] [8.0] [cxt 0] Bytes parsed: 14
[20:42:49.606] [bmv2] [T] [thread 15257] [8.0] [cxt 0] Skipping checksum 'cksum' verification because target field invalid
[20:42:49.606] [bmv2] [D] [thread 15257] [8.0] [cxt 0] Parser 'parser': end
[20:42:49.606] [bmv2] [D] [thread 15257] [8.0] [cxt 0] Pipeline 'ingress': start
[20:42:49.606] [bmv2] [T] [thread 15257] [8.0] [cxt 0] basic.p4(114) Condition "hdr.ipv4.isValid()" (node_2) is false
[20:42:49.606] [bmv2] [D] [thread 15257] [8.0] [cxt 0] Pipeline 'ingress': end
[20:42:49.606] [bmv2] [D] [thread 15257] [8.0] [cxt 0] Egress port is 0
[20:42:49.606] [bmv2] [D] [thread 15258] [8.0] [cxt 0] Pipeline 'egress': start
[20:42:49.606] [bmv2] [D] [thread 15258] [8.0] [cxt 0] Pipeline 'egress': end
[20:42:49.606] [bmv2] [D] [thread 15258] [8.0] [cxt 0] Deparser 'deparser': start
[20:42:49.606] [bmv2] [T] [thread 15258] [8.0] [cxt 0] Skipping checksum 'cksum' update because condition not met
[20:42:49.606] [bmv2] [D] [thread 15258] [8.0] [cxt 0] Deparsing header 'ethernet'
[20:42:49.606] [bmv2] [D] [thread 15258] [8.0] [cxt 0] Deparser 'deparser': end
[20:42:49.606] [bmv2] [D] [thread 15262] [8.0] [cxt 0] Transmitting packet of size 90 out of port 0
[20:42:49.606] [bmv2] [D] [thread 15257] [9.0] [cxt 0] Processing packet received on port 1
[20:42:49.606] [bmv2] [D] [thread 15257] [9.0] [cxt 0] Parser 'parser': start
[20:42:49.606] [bmv2] [D] [thread 15257] [9.0] [cxt 0] Parser 'parser' entering state 'start'
[20:42:49.606] [bmv2] [D] [thread 15257] [9.0] [cxt 0] Extracting header 'ethernet'
[20:42:49.606] [bmv2] [D] [thread 15257] [9.0] [cxt 0] Parser state 'start': key is 86dd
[20:42:49.606] [bmv2] [T] [thread 15257] [9.0] [cxt 0] Bytes parsed: 14
[20:42:49.606] [bmv2] [T] [thread 15257] [9.0] [cxt 0] Skipping checksum 'cksum' verification because target field invalid
[20:42:49.606] [bmv2] [D] [thread 15257] [9.0] [cxt 0] Parser 'parser': end
[20:42:49.606] [bmv2] [D] [thread 15257] [9.0] [cxt 0] Pipeline 'ingress': start
[20:42:49.606] [bmv2] [T] [thread 15257] [9.0] [cxt 0] basic.p4(114) Condition "hdr.ipv4.isValid()" (node_2) is false
[20:42:49.606] [bmv2] [D] [thread 15257] [9.0] [cxt 0] Pipeline 'ingress': end
[20:42:49.606] [bmv2] [D] [thread 15257] [9.0] [cxt 0] Egress port is 0
[20:42:49.606] [bmv2] [D] [thread 15258] [9.0] [cxt 0] Pipeline 'egress': start
[20:42:49.606] [bmv2] [D] [thread 15258] [9.0] [cxt 0] Pipeline 'egress': end
[20:42:49.606] [bmv2] [D] [thread 15258] [9.0] [cxt 0] Deparser 'deparser': start
[20:42:49.606] [bmv2] [T] [thread 15258] [9.0] [cxt 0] Skipping checksum 'cksum' update because condition not met
[20:42:49.607] [bmv2] [D] [thread 15258] [9.0] [cxt 0] Deparsing header 'ethernet'
[20:42:49.607] [bmv2] [D] [thread 15258] [9.0] [cxt 0] Deparser 'deparser': end
[20:42:49.607] [bmv2] [D] [thread 15262] [9.0] [cxt 0] Transmitting packet of size 196 out of port 0
[20:42:49.607] [bmv2] [D] [thread 15257] [10.0] [cxt 0] Processing packet received on port 2
[20:42:49.607] [bmv2] [D] [thread 15257] [10.0] [cxt 0] Parser 'parser': start
[20:42:49.607] [bmv2] [D] [thread 15257] [10.0] [cxt 0] Parser 'parser' entering state 'start'
[20:42:49.607] [bmv2] [D] [thread 15257] [10.0] [cxt 0] Extracting header 'ethernet'
[20:42:49.607] [bmv2] [D] [thread 15257] [10.0] [cxt 0] Parser state 'start': key is 86dd
[20:42:49.607] [bmv2] [T] [thread 15257] [10.0] [cxt 0] Bytes parsed: 14
[20:42:49.607] [bmv2] [T] [thread 15257] [10.0] [cxt 0] Skipping checksum 'cksum' verification because target field invalid
[20:42:49.607] [bmv2] [D] [thread 15257] [10.0] [cxt 0] Parser 'parser': end
[20:42:49.607] [bmv2] [D] [thread 15257] [10.0] [cxt 0] Pipeline 'ingress': start
[20:42:49.607] [bmv2] [T] [thread 15257] [10.0] [cxt 0] basic.p4(114) Condition "hdr.ipv4.isValid()" (node_2) is false
[20:42:49.607] [bmv2] [D] [thread 15257] [10.0] [cxt 0] Pipeline 'ingress': end
P4Runtime Write
[20:42:49.611] [bmv2] [D] [thread 15257] [10.0] [cxt 0] Egress port is 0
device_id: 2
election_id {
  low: 1
}
updates {
  type: INSERT
  entity {
    table_entry {
      table_id: 33574068
      action {
        action {
          action_id: 16805608
        }
      }
      is_default_action: true
    }
  }
}
[20:42:49.612] [bmv2] [D] [thread 15253] Set default entry for table 'MyIngress.ipv4_lpm': MyIngress.drop - 
[20:42:49.612] [bmv2] [D] [thread 15258] [10.0] [cxt 0] Pipeline 'egress': start
[20:42:49.612] [bmv2] [D] [thread 15258] [10.0] [cxt 0] Pipeline 'egress': end
[20:42:49.612] [bmv2] [D] [thread 15258] [10.0] [cxt 0] Deparser 'deparser': start
[20:42:49.612] [bmv2] [T] [thread 15258] [10.0] [cxt 0] Skipping checksum 'cksum' update because condition not met
[20:42:49.612] [bmv2] [D] [thread 15258] [10.0] [cxt 0] Deparsing header 'ethernet'
[20:42:49.612] [bmv2] [D] [thread 15258] [10.0] [cxt 0] Deparser 'deparser': end
[20:42:49.612] [bmv2] [D] [thread 15262] [10.0] [cxt 0] Transmitting packet of size 90 out of port 0
[20:42:49.612] [bmv2] [D] [thread 15257] [11.0] [cxt 0] Processing packet received on port 3
[20:42:49.612] [bmv2] [D] [thread 15257] [11.0] [cxt 0] Parser 'parser': start
[20:42:49.612] [bmv2] [D] [thread 15257] [11.0] [cxt 0] Parser 'parser' entering state 'start'
[20:42:49.612] [bmv2] [D] [thread 15257] [11.0] [cxt 0] Extracting header 'ethernet'
[20:42:49.612] [bmv2] [D] [thread 15257] [11.0] [cxt 0] Parser state 'start': key is 86dd
[20:42:49.612] [bmv2] [T] [thread 15257] [11.0] [cxt 0] Bytes parsed: 14
[20:42:49.613] [bmv2] [T] [thread 15257] [11.0] [cxt 0] Skipping checksum 'cksum' verification because target field invalid
[20:42:49.613] [bmv2] [D] [thread 15257] [11.0] [cxt 0] Parser 'parser': end
[20:42:49.613] [bmv2] [D] [thread 15257] [11.0] [cxt 0] Pipeline 'ingress': start
[20:42:49.613] [bmv2] [T] [thread 15257] [11.0] [cxt 0] basic.p4(114) Condition "hdr.ipv4.isValid()" (node_2) is false
[20:42:49.613] [bmv2] [D] [thread 15257] [11.0] [cxt 0] Pipeline 'ingress': end
[20:42:49.613] [bmv2] [D] [thread 15257] [11.0] [cxt 0] Egress port is 0
[20:42:49.613] [bmv2] [D] [thread 15258] [11.0] [cxt 0] Pipeline 'egress': start
[20:42:49.613] [bmv2] [D] [thread 15258] [11.0] [cxt 0] Pipeline 'egress': end
[20:42:49.613] [bmv2] [D] [thread 15258] [11.0] [cxt 0] Deparser 'deparser': start
[20:42:49.613] [bmv2] [T] [thread 15258] [11.0] [cxt 0] Skipping checksum 'cksum' update because condition not met
[20:42:49.613] [bmv2] [D] [thread 15258] [11.0] [cxt 0] Deparsing header 'ethernet'
[20:42:49.613] [bmv2] [D] [thread 15258] [11.0] [cxt 0] Deparser 'deparser': end
[20:42:49.613] [bmv2] [D] [thread 15262] [11.0] [cxt 0] Transmitting packet of size 180 out of port 0
[20:42:49.613] [bmv2] [D] [thread 15257] [12.0] [cxt 0] Processing packet received on port 1
[20:42:49.613] [bmv2] [D] [thread 15257] [12.0] [cxt 0] Parser 'parser': start
[20:42:49.613] [bmv2] [D] [thread 15257] [12.0] [cxt 0] Parser 'parser' entering state 'start'
[20:42:49.613] [bmv2] [D] [thread 15257] [12.0] [cxt 0] Extracting header 'ethernet'
[20:42:49.613] [bmv2] [D] [thread 15257] [12.0] [cxt 0] Parser state 'start': key is 86dd
[20:42:49.613] [bmv2] [T] [thread 15257] [12.0] [cxt 0] Bytes parsed: 14
[20:42:49.613] [bmv2] [T] [thread 15257] [12.0] [cxt 0] Skipping checksum 'cksum' verification because target field invalid
[20:42:49.613] [bmv2] [D] [thread 15257] [12.0] [cxt 0] Parser 'parser': end
[20:42:49.613] [bmv2] [D] [thread 15257] [12.0] [cxt 0] Pipeline 'ingress': start
[20:42:49.613] [bmv2] [T] [thread 15257] [12.0] [cxt 0] basic.p4(114) Condition "hdr.ipv4.isValid()" (node_2) is false
[20:42:49.613] [bmv2] [D] [thread 15257] [12.0] [cxt 0] Pipeline 'ingress': end
[20:42:49.613] [bmv2] [D] [thread 15257] [12.0] [cxt 0] Egress port is 0
[20:42:49.613] [bmv2] [D] [thread 15258] [12.0] [cxt 0] Pipeline 'egress': start
[20:42:49.613] [bmv2] [D] [thread 15258] [12.0] [cxt 0] Pipeline 'egress': end
[20:42:49.613] [bmv2] [D] [thread 15258] [12.0] [cxt 0] Deparser 'deparser': start
[20:42:49.613] [bmv2] [T] [thread 15258] [12.0] [cxt 0] Skipping checksum 'cksum' update because condition not met
[20:42:49.613] [bmv2] [D] [thread 15258] [12.0] [cxt 0] Deparsing header 'ethernet'
[20:42:49.613] [bmv2] [D] [thread 15258] [12.0] [cxt 0] Deparser 'deparser': end
[20:42:49.613] [bmv2] [D] [thread 15262] [12.0] [cxt 0] Transmitting packet of size 180 out of port 0
[20:42:49.613] [bmv2] [D] [thread 15257] [13.0] [cxt 0] Processing packet received on port 2
[20:42:49.613] [bmv2] [D] [thread 15257] [13.0] [cxt 0] Parser 'parser': start
[20:42:49.613] [bmv2] [D] [thread 15257] [13.0] [cxt 0] Parser 'parser' entering state 'start'
[20:42:49.613] [bmv2] [D] [thread 15257] [13.0] [cxt 0] Extracting header 'ethernet'
[20:42:49.613] [bmv2] [D] [thread 15257] [13.0] [cxt 0] Parser state 'start': key is 86dd
[20:42:49.613] [bmv2] [T] [thread 15257] [13.0] [cxt 0] Bytes parsed: 14
[20:42:49.613] [bmv2] [T] [thread 15257] [13.0] [cxt 0] Skipping checksum 'cksum' verification because target field invalid
[20:42:49.613] [bmv2] [D] [thread 15257] [13.0] [cxt 0] Parser 'parser': end
[20:42:49.613] [bmv2] [D] [thread 15257] [13.0] [cxt 0] Pipeline 'ingress': start
[20:42:49.613] [bmv2] [T] [thread 15257] [13.0] [cxt 0] basic.p4(114) Condition "hdr.ipv4.isValid()" (node_2) is false
[20:42:49.613] [bmv2] [D] [thread 15257] [13.0] [cxt 0] Pipeline 'ingress': end
[20:42:49.613] [bmv2] [D] [thread 15257] [13.0] [cxt 0] Egress port is 0
[20:42:49.613] [bmv2] [D] [thread 15258] [13.0] [cxt 0] Pipeline 'egress': start
[20:42:49.613] [bmv2] [D] [thread 15258] [13.0] [cxt 0] Pipeline 'egress': end
[20:42:49.613] [bmv2] [D] [thread 15258] [13.0] [cxt 0] Deparser 'deparser': start
[20:42:49.613] [bmv2] [T] [thread 15258] [13.0] [cxt 0] Skipping checksum 'cksum' update because condition not met
[20:42:49.613] [bmv2] [D] [thread 15258] [13.0] [cxt 0] Deparsing header 'ethernet'
[20:42:49.613] [bmv2] [D] [thread 15258] [13.0] [cxt 0] Deparser 'deparser': end
[20:42:49.613] [bmv2] [D] [thread 15262] [13.0] [cxt 0] Transmitting packet of size 70 out of port 0
[20:42:49.613] [bmv2] [D] [thread 15257] [14.0] [cxt 0] Processing packet received on port 3
[20:42:49.613] [bmv2] [D] [thread 15257] [14.0] [cxt 0] Parser 'parser': start
[20:42:49.613] [bmv2] [D] [thread 15257] [14.0] [cxt 0] Parser 'parser' entering state 'start'
[20:42:49.613] [bmv2] [D] [thread 15257] [14.0] [cxt 0] Extracting header 'ethernet'
[20:42:49.614] [bmv2] [D] [thread 15257] [14.0] [cxt 0] Parser state 'start': key is 86dd
[20:42:49.614] [bmv2] [T] [thread 15257] [14.0] [cxt 0] Bytes parsed: 14
[20:42:49.614] [bmv2] [T] [thread 15257] [14.0] [cxt 0] Skipping checksum 'cksum' verification because target field invalid
[20:42:49.614] [bmv2] [D] [thread 15257] [14.0] [cxt 0] Parser 'parser': end
[20:42:49.614] [bmv2] [D] [thread 15257] [14.0] [cxt 0] Pipeline 'ingress': start
[20:42:49.614] [bmv2] [T] [thread 15257] [14.0] [cxt 0] basic.p4(114) Condition "hdr.ipv4.isValid()" (node_2) is false
[20:42:49.614] [bmv2] [D] [thread 15257] [14.0] [cxt 0] Pipeline 'ingress': end
[20:42:49.614] [bmv2] [D] [thread 15257] [14.0] [cxt 0] Egress port is 0
[20:42:49.614] [bmv2] [D] [thread 15258] [14.0] [cxt 0] Pipeline 'egress': start
[20:42:49.614] [bmv2] [D] [thread 15258] [14.0] [cxt 0] Pipeline 'egress': end
[20:42:49.614] [bmv2] [D] [thread 15258] [14.0] [cxt 0] Deparser 'deparser': start
[20:42:49.614] [bmv2] [T] [thread 15258] [14.0] [cxt 0] Skipping checksum 'cksum' update because condition not met
[20:42:49.614] [bmv2] [D] [thread 15258] [14.0] [cxt 0] Deparsing header 'ethernet'
[20:42:49.614] [bmv2] [D] [thread 15258] [14.0] [cxt 0] Deparser 'deparser': end
[20:42:49.614] [bmv2] [D] [thread 15262] [14.0] [cxt 0] Transmitting packet of size 208 out of port 0
[20:42:49.614] [bmv2] [D] [thread 15257] [15.0] [cxt 0] Processing packet received on port 1
[20:42:49.614] [bmv2] [D] [thread 15257] [15.0] [cxt 0] Parser 'parser': start
[20:42:49.614] [bmv2] [D] [thread 15257] [15.0] [cxt 0] Parser 'parser' entering state 'start'
[20:42:49.614] [bmv2] [D] [thread 15257] [15.0] [cxt 0] Extracting header 'ethernet'
[20:42:49.614] [bmv2] [D] [thread 15257] [15.0] [cxt 0] Parser state 'start': key is 86dd
[20:42:49.614] [bmv2] [T] [thread 15257] [15.0] [cxt 0] Bytes parsed: 14
[20:42:49.614] [bmv2] [T] [thread 15257] [15.0] [cxt 0] Skipping checksum 'cksum' verification because target field invalid
[20:42:49.614] [bmv2] [D] [thread 15257] [15.0] [cxt 0] Parser 'parser': end
[20:42:49.614] [bmv2] [D] [thread 15257] [15.0] [cxt 0] Pipeline 'ingress': start
[20:42:49.614] [bmv2] [T] [thread 15257] [15.0] [cxt 0] basic.p4(114) Condition "hdr.ipv4.isValid()" (node_2) is false
[20:42:49.614] [bmv2] [D] [thread 15257] [15.0] [cxt 0] Pipeline 'ingress': end
[20:42:49.614] [bmv2] [D] [thread 15257] [15.0] [cxt 0] Egress port is 0
[20:42:49.614] [bmv2] [D] [thread 15258] [15.0] [cxt 0] Pipeline 'egress': start
[20:42:49.614] [bmv2] [D] [thread 15258] [15.0] [cxt 0] Pipeline 'egress': end
[20:42:49.614] [bmv2] [D] [thread 15258] [15.0] [cxt 0] Deparser 'deparser': start
[20:42:49.614] [bmv2] [T] [thread 15258] [15.0] [cxt 0] Skipping checksum 'cksum' update because condition not met
[20:42:49.614] [bmv2] [D] [thread 15258] [15.0] [cxt 0] Deparsing header 'ethernet'
[20:42:49.614] [bmv2] [D] [thread 15258] [15.0] [cxt 0] Deparser 'deparser': end
[20:42:49.614] [bmv2] [D] [thread 15262] [15.0] [cxt 0] Transmitting packet of size 196 out of port 0
[20:42:49.614] [bmv2] [D] [thread 15257] [16.0] [cxt 0] Processing packet received on port 2
[20:42:49.614] [bmv2] [D] [thread 15257] [16.0] [cxt 0] Parser 'parser': start
[20:42:49.614] [bmv2] [D] [thread 15257] [16.0] [cxt 0] Parser 'parser' entering state 'start'
[20:42:49.614] [bmv2] [D] [thread 15257] [16.0] [cxt 0] Extracting header 'ethernet'
[20:42:49.614] [bmv2] [D] [thread 15257] [16.0] [cxt 0] Parser state 'start': key is 86dd
[20:42:49.614] [bmv2] [T] [thread 15257] [16.0] [cxt 0] Bytes parsed: 14
[20:42:49.614] [bmv2] [T] [thread 15257] [16.0] [cxt 0] Skipping checksum 'cksum' verification because target field invalid
[20:42:49.614] [bmv2] [D] [thread 15257] [16.0] [cxt 0] Parser 'parser': end
[20:42:49.614] [bmv2] [D] [thread 15257] [16.0] [cxt 0] Pipeline 'ingress': start
[20:42:49.615] [bmv2] [T] [thread 15257] [16.0] [cxt 0] basic.p4(114) Condition "hdr.ipv4.isValid()" (node_2) is false
[20:42:49.615] [bmv2] [D] [thread 15257] [16.0] [cxt 0] Pipeline 'ingress': end
[20:42:49.615] [bmv2] [D] [thread 15257] [16.0] [cxt 0] Egress port is 0
[20:42:49.615] [bmv2] [D] [thread 15258] [16.0] [cxt 0] Pipeline 'egress': start
[20:42:49.615] [bmv2] [D] [thread 15258] [16.0] [cxt 0] Pipeline 'egress': end
[20:42:49.615] [bmv2] [D] [thread 15258] [16.0] [cxt 0] Deparser 'deparser': start
[20:42:49.615] [bmv2] [T] [thread 15258] [16.0] [cxt 0] Skipping checksum 'cksum' update because condition not met
[20:42:49.615] [bmv2] [D] [thread 15258] [16.0] [cxt 0] Deparsing header 'ethernet'
[20:42:49.615] [bmv2] [D] [thread 15258] [16.0] [cxt 0] Deparser 'deparser': end
[20:42:49.615] [bmv2] [D] [thread 15262] [16.0] [cxt 0] Transmitting packet of size 90 out of port 0
[20:42:49.615] [bmv2] [D] [thread 15257] [17.0] [cxt 0] Processing packet received on port 3
[20:42:49.615] [bmv2] [D] [thread 15257] [17.0] [cxt 0] Parser 'parser': start
[20:42:49.615] [bmv2] [D] [thread 15257] [17.0] [cxt 0] Parser 'parser' entering state 'start'
[20:42:49.615] [bmv2] [D] [thread 15257] [17.0] [cxt 0] Extracting header 'ethernet'
[20:42:49.615] [bmv2] [D] [thread 15257] [17.0] [cxt 0] Parser state 'start': key is 86dd
[20:42:49.615] [bmv2] [T] [thread 15257] [17.0] [cxt 0] Bytes parsed: 14
[20:42:49.615] [bmv2] [T] [thread 15257] [17.0] [cxt 0] Skipping checksum 'cksum' verification because target field invalid
[20:42:49.615] [bmv2] [D] [thread 15257] [17.0] [cxt 0] Parser 'parser': end
[20:42:49.615] [bmv2] [D] [thread 15257] [17.0] [cxt 0] Pipeline 'ingress': start
[20:42:49.615] [bmv2] [T] [thread 15257] [17.0] [cxt 0] basic.p4(114) Condition "hdr.ipv4.isValid()" (node_2) is false
[20:42:49.615] [bmv2] [D] [thread 15257] [17.0] [cxt 0] Pipeline 'ingress': end
[20:42:49.615] [bmv2] [D] [thread 15257] [17.0] [cxt 0] Egress port is 0
[20:42:49.615] [bmv2] [D] [thread 15258] [17.0] [cxt 0] Pipeline 'egress': start
[20:42:49.615] [bmv2] [D] [thread 15258] [17.0] [cxt 0] Pipeline 'egress': end
[20:42:49.615] [bmv2] [D] [thread 15258] [17.0] [cxt 0] Deparser 'deparser': start
[20:42:49.615] [bmv2] [T] [thread 15258] [17.0] [cxt 0] Skipping checksum 'cksum' update because condition not met
[20:42:49.615] [bmv2] [D] [thread 15258] [17.0] [cxt 0] Deparsing header 'ethernet'
[20:42:49.615] [bmv2] [D] [thread 15258] [17.0] [cxt 0] Deparser 'deparser': end
[20:42:49.615] [bmv2] [D] [thread 15262] [17.0] [cxt 0] Transmitting packet of size 90 out of port 0
[20:42:49.615] [bmv2] [D] [thread 15257] [18.0] [cxt 0] Processing packet received on port 1
[20:42:49.615] [bmv2] [D] [thread 15257] [18.0] [cxt 0] Parser 'parser': start
[20:42:49.615] [bmv2] [D] [thread 15257] [18.0] [cxt 0] Parser 'parser' entering state 'start'
[20:42:49.615] [bmv2] [D] [thread 15257] [18.0] [cxt 0] Extracting header 'ethernet'
[20:42:49.615] [bmv2] [D] [thread 15257] [18.0] [cxt 0] Parser state 'start': key is 86dd
[20:42:49.615] [bmv2] [T] [thread 15257] [18.0] [cxt 0] Bytes parsed: 14
[20:42:49.615] [bmv2] [T] [thread 15257] [18.0] [cxt 0] Skipping checksum 'cksum' verification because target field invalid
[20:42:49.615] [bmv2] [D] [thread 15257] [18.0] [cxt 0] Parser 'parser': end
[20:42:49.615] [bmv2] [D] [thread 15257] [18.0] [cxt 0] Pipeline 'ingress': start
[20:42:49.615] [bmv2] [T] [thread 15257] [18.0] [cxt 0] basic.p4(114) Condition "hdr.ipv4.isValid()" (node_2) is false
[20:42:49.615] [bmv2] [D] [thread 15257] [18.0] [cxt 0] Pipeline 'ingress': end
[20:42:49.615] [bmv2] [D] [thread 15257] [18.0] [cxt 0] Egress port is 0
[20:42:49.615] [bmv2] [D] [thread 15258] [18.0] [cxt 0] Pipeline 'egress': start
[20:42:49.615] [bmv2] [D] [thread 15258] [18.0] [cxt 0] Pipeline 'egress': end
[20:42:49.615] [bmv2] [D] [thread 15258] [18.0] [cxt 0] Deparser 'deparser': start
[20:42:49.615] [bmv2] [T] [thread 15258] [18.0] [cxt 0] Skipping checksum 'cksum' update because condition not met
[20:42:49.615] [bmv2] [D] [thread 15258] [18.0] [cxt 0] Deparsing header 'ethernet'
[20:42:49.615] [bmv2] [D] [thread 15258] [18.0] [cxt 0] Deparser 'deparser': end
[20:42:49.615] [bmv2] [D] [thread 15262] [18.0] [cxt 0] Transmitting packet of size 110 out of port 0
[20:42:49.615] [bmv2] [D] [thread 15257] [19.0] [cxt 0] Processing packet received on port 2
[20:42:49.615] [bmv2] [D] [thread 15257] [19.0] [cxt 0] Parser 'parser': start
[20:42:49.615] [bmv2] [D] [thread 15257] [19.0] [cxt 0] Parser 'parser' entering state 'start'
[20:42:49.616] [bmv2] [D] [thread 15257] [19.0] [cxt 0] Extracting header 'ethernet'
[20:42:49.616] [bmv2] [D] [thread 15257] [19.0] [cxt 0] Parser state 'start': key is 86dd
[20:42:49.616] [bmv2] [T] [thread 15257] [19.0] [cxt 0] Bytes parsed: 14
[20:42:49.616] [bmv2] [T] [thread 15257] [19.0] [cxt 0] Skipping checksum 'cksum' verification because target field invalid
[20:42:49.616] [bmv2] [D] [thread 15257] [19.0] [cxt 0] Parser 'parser': end
[20:42:49.616] [bmv2] [D] [thread 15257] [19.0] [cxt 0] Pipeline 'ingress': start
[20:42:49.616] [bmv2] [T] [thread 15257] [19.0] [cxt 0] basic.p4(114) Condition "hdr.ipv4.isValid()" (node_2) is false
[20:42:49.616] [bmv2] [D] [thread 15257] [19.0] [cxt 0] Pipeline 'ingress': end
[20:42:49.616] [bmv2] [D] [thread 15257] [19.0] [cxt 0] Egress port is 0
[20:42:49.616] [bmv2] [D] [thread 15258] [19.0] [cxt 0] Pipeline 'egress': start
[20:42:49.616] [bmv2] [D] [thread 15258] [19.0] [cxt 0] Pipeline 'egress': end
[20:42:49.616] [bmv2] [D] [thread 15258] [19.0] [cxt 0] Deparser 'deparser': start
[20:42:49.616] [bmv2] [T] [thread 15258] [19.0] [cxt 0] Skipping checksum 'cksum' update because condition not met
[20:42:49.616] [bmv2] [D] [thread 15258] [19.0] [cxt 0] Deparsing header 'ethernet'
[20:42:49.616] [bmv2] [D] [thread 15258] [19.0] [cxt 0] Deparser 'deparser': end
[20:42:49.616] [bmv2] [D] [thread 15262] [19.0] [cxt 0] Transmitting packet of size 180 out of port 0
[20:42:49.616] [bmv2] [D] [thread 15257] [20.0] [cxt 0] Processing packet received on port 3
[20:42:49.616] [bmv2] [D] [thread 15257] [20.0] [cxt 0] Parser 'parser': start
[20:42:49.616] [bmv2] [D] [thread 15257] [20.0] [cxt 0] Parser 'parser' entering state 'start'
[20:42:49.616] [bmv2] [D] [thread 15257] [20.0] [cxt 0] Extracting header 'ethernet'
[20:42:49.616] [bmv2] [D] [thread 15257] [20.0] [cxt 0] Parser state 'start': key is 86dd
[20:42:49.616] [bmv2] [T] [thread 15257] [20.0] [cxt 0] Bytes parsed: 14
[20:42:49.616] [bmv2] [T] [thread 15257] [20.0] [cxt 0] Skipping checksum 'cksum' verification because target field invalid
[20:42:49.616] [bmv2] [D] [thread 15257] [20.0] [cxt 0] Parser 'parser': end
[20:42:49.616] [bmv2] [D] [thread 15257] [20.0] [cxt 0] Pipeline 'ingress': start
[20:42:49.616] [bmv2] [T] [thread 15257] [20.0] [cxt 0] basic.p4(114) Condition "hdr.ipv4.isValid()" (node_2) is false
[20:42:49.616] [bmv2] [D] [thread 15257] [20.0] [cxt 0] Pipeline 'ingress': end
[20:42:49.616] [bmv2] [D] [thread 15257] [20.0] [cxt 0] Egress port is 0
[20:42:49.616] [bmv2] [D] [thread 15258] [20.0] [cxt 0] Pipeline 'egress': start
[20:42:49.616] [bmv2] [D] [thread 15258] [20.0] [cxt 0] Pipeline 'egress': end
[20:42:49.616] [bmv2] [D] [thread 15258] [20.0] [cxt 0] Deparser 'deparser': start
[20:42:49.616] [bmv2] [T] [thread 15258] [20.0] [cxt 0] Skipping checksum 'cksum' update because condition not met
[20:42:49.616] [bmv2] [D] [thread 15258] [20.0] [cxt 0] Deparsing header 'ethernet'
[20:42:49.616] [bmv2] [D] [thread 15258] [20.0] [cxt 0] Deparser 'deparser': end
[20:42:49.616] [bmv2] [D] [thread 15262] [20.0] [cxt 0] Transmitting packet of size 70 out of port 0
P4Runtime Write
device_id: 2
election_id {
  low: 1
}
updates {
  type: INSERT
  entity {
    table_entry {
      table_id: 33574068
      match {
        field_id: 1
        lpm {
          value: "\n\000\001\001"
          prefix_len: 32
        }
      }
      action {
        action {
          action_id: 16799317
          params {
            param_id: 1
            value: "\000\000\000\001\003\000"
          }
          params {
            param_id: 2
            value: "\000\002"
          }
        }
      }
    }
  }
}
[20:42:49.618] [bmv2] [D] [thread 15253] Entry 0 added to table 'MyIngress.ipv4_lpm'
[20:42:49.618] [bmv2] [D] [thread 15253] Dumping entry 0
Match key:
* hdr.ipv4.dstAddr    : LPM       0a000101/32
Action entry: MyIngress.ipv4_forward - 10300,2,

P4Runtime Write
device_id: 2
election_id {
  low: 1
}
updates {
  type: INSERT
  entity {
    table_entry {
      table_id: 33574068
      match {
        field_id: 1
        lpm {
          value: "\n\000\002\002"
          prefix_len: 32
        }
      }
      action {
        action {
          action_id: 16799317
          params {
            param_id: 1
            value: "\000\000\000\002\003\000"
          }
          params {
            param_id: 2
            value: "\000\003"
          }
        }
      }
    }
  }
}
[20:42:49.622] [bmv2] [D] [thread 15253] Entry 1 added to table 'MyIngress.ipv4_lpm'
[20:42:49.623] [bmv2] [D] [thread 15253] Dumping entry 1
Match key:
* hdr.ipv4.dstAddr    : LPM       0a000202/32
Action entry: MyIngress.ipv4_forward - 20300,3,

P4Runtime Write
device_id: 2
election_id {
  low: 1
}
updates {
  type: INSERT
  entity {
    table_entry {
      table_id: 33574068
      match {
        field_id: 1
        lpm {
          value: "\n\000\003\003"
          prefix_len: 32
        }
      }
      action {
        action {
          action_id: 16799317
          params {
            param_id: 1
            value: "\000\000\000\000\003\003"
          }
          params {
            param_id: 2
            value: "\000\001"
          }
        }
      }
    }
  }
}
[20:42:49.627] [bmv2] [D] [thread 15253] Entry 2 added to table 'MyIngress.ipv4_lpm'
[20:42:49.627] [bmv2] [D] [thread 15253] Dumping entry 2
Match key:
* hdr.ipv4.dstAddr    : LPM       0a000303/32
Action entry: MyIngress.ipv4_forward - 303,1,

Connection removed
[20:42:49.820] [bmv2] [D] [thread 15257] [21.0] [cxt 0] Processing packet received on port 1
[20:42:49.820] [bmv2] [D] [thread 15257] [21.0] [cxt 0] Parser 'parser': start
[20:42:49.820] [bmv2] [D] [thread 15257] [21.0] [cxt 0] Parser 'parser' entering state 'start'
[20:42:49.820] [bmv2] [D] [thread 15257] [21.0] [cxt 0] Extracting header 'ethernet'
[20:42:49.820] [bmv2] [D] [thread 15257] [21.0] [cxt 0] Parser state 'start': key is 86dd
[20:42:49.820] [bmv2] [T] [thread 15257] [21.0] [cxt 0] Bytes parsed: 14
[20:42:49.820] [bmv2] [T] [thread 15257] [21.0] [cxt 0] Skipping checksum 'cksum' verification because target field invalid
[20:42:49.820] [bmv2] [D] [thread 15257] [21.0] [cxt 0] Parser 'parser': end
[20:42:49.820] [bmv2] [D] [thread 15257] [21.0] [cxt 0] Pipeline 'ingress': start
[20:42:49.820] [bmv2] [T] [thread 15257] [21.0] [cxt 0] basic.p4(114) Condition "hdr.ipv4.isValid()" (node_2) is false
[20:42:49.820] [bmv2] [D] [thread 15257] [21.0] [cxt 0] Pipeline 'ingress': end
[20:42:49.820] [bmv2] [D] [thread 15257] [21.0] [cxt 0] Egress port is 0
[20:42:49.820] [bmv2] [D] [thread 15258] [21.0] [cxt 0] Pipeline 'egress': start
[20:42:49.820] [bmv2] [D] [thread 15258] [21.0] [cxt 0] Pipeline 'egress': end
[20:42:49.820] [bmv2] [D] [thread 15258] [21.0] [cxt 0] Deparser 'deparser': start
[20:42:49.820] [bmv2] [T] [thread 15258] [21.0] [cxt 0] Skipping checksum 'cksum' update because condition not met
[20:42:49.820] [bmv2] [D] [thread 15258] [21.0] [cxt 0] Deparsing header 'ethernet'
[20:42:49.820] [bmv2] [D] [thread 15258] [21.0] [cxt 0] Deparser 'deparser': end
[20:42:49.820] [bmv2] [D] [thread 15262] [21.0] [cxt 0] Transmitting packet of size 110 out of port 0
[20:42:49.999] [bmv2] [D] [thread 15257] [22.0] [cxt 0] Processing packet received on port 3
[20:42:49.999] [bmv2] [D] [thread 15257] [22.0] [cxt 0] Parser 'parser': start
[20:42:49.999] [bmv2] [D] [thread 15257] [22.0] [cxt 0] Parser 'parser' entering state 'start'
[20:42:49.999] [bmv2] [D] [thread 15257] [22.0] [cxt 0] Extracting header 'ethernet'
[20:42:49.999] [bmv2] [D] [thread 15257] [22.0] [cxt 0] Parser state 'start': key is 86dd
[20:42:49.999] [bmv2] [T] [thread 15257] [22.0] [cxt 0] Bytes parsed: 14
[20:42:49.999] [bmv2] [T] [thread 15257] [22.0] [cxt 0] Skipping checksum 'cksum' verification because target field invalid
[20:42:49.999] [bmv2] [D] [thread 15257] [22.0] [cxt 0] Parser 'parser': end
[20:42:49.999] [bmv2] [D] [thread 15257] [22.0] [cxt 0] Pipeline 'ingress': start
[20:42:49.999] [bmv2] [T] [thread 15257] [22.0] [cxt 0] basic.p4(114) Condition "hdr.ipv4.isValid()" (node_2) is false
[20:42:49.999] [bmv2] [D] [thread 15257] [22.0] [cxt 0] Pipeline 'ingress': end
[20:42:49.999] [bmv2] [D] [thread 15257] [22.0] [cxt 0] Egress port is 0
[20:42:49.999] [bmv2] [D] [thread 15258] [22.0] [cxt 0] Pipeline 'egress': start
[20:42:49.999] [bmv2] [D] [thread 15258] [22.0] [cxt 0] Pipeline 'egress': end
[20:42:49.999] [bmv2] [D] [thread 15258] [22.0] [cxt 0] Deparser 'deparser': start
[20:42:49.999] [bmv2] [T] [thread 15258] [22.0] [cxt 0] Skipping checksum 'cksum' update because condition not met
[20:42:49.999] [bmv2] [D] [thread 15258] [22.0] [cxt 0] Deparsing header 'ethernet'
[20:42:50.000] [bmv2] [D] [thread 15258] [22.0] [cxt 0] Deparser 'deparser': end
[20:42:50.000] [bmv2] [D] [thread 15262] [22.0] [cxt 0] Transmitting packet of size 196 out of port 0
[20:42:50.144] [bmv2] [D] [thread 15257] [23.0] [cxt 0] Processing packet received on port 3
[20:42:50.144] [bmv2] [D] [thread 15257] [23.0] [cxt 0] Parser 'parser': start
[20:42:50.144] [bmv2] [D] [thread 15257] [23.0] [cxt 0] Parser 'parser' entering state 'start'
[20:42:50.144] [bmv2] [D] [thread 15257] [23.0] [cxt 0] Extracting header 'ethernet'
[20:42:50.144] [bmv2] [D] [thread 15257] [23.0] [cxt 0] Parser state 'start': key is 86dd
[20:42:50.144] [bmv2] [T] [thread 15257] [23.0] [cxt 0] Bytes parsed: 14
[20:42:50.144] [bmv2] [T] [thread 15257] [23.0] [cxt 0] Skipping checksum 'cksum' verification because target field invalid
[20:42:50.144] [bmv2] [D] [thread 15257] [23.0] [cxt 0] Parser 'parser': end
[20:42:50.144] [bmv2] [D] [thread 15257] [23.0] [cxt 0] Pipeline 'ingress': start
[20:42:50.144] [bmv2] [T] [thread 15257] [23.0] [cxt 0] basic.p4(114) Condition "hdr.ipv4.isValid()" (node_2) is false
[20:42:50.144] [bmv2] [D] [thread 15257] [23.0] [cxt 0] Pipeline 'ingress': end
[20:42:50.144] [bmv2] [D] [thread 15257] [23.0] [cxt 0] Egress port is 0
[20:42:50.144] [bmv2] [D] [thread 15258] [23.0] [cxt 0] Pipeline 'egress': start
[20:42:50.144] [bmv2] [D] [thread 15258] [23.0] [cxt 0] Pipeline 'egress': end
[20:42:50.144] [bmv2] [D] [thread 15258] [23.0] [cxt 0] Deparser 'deparser': start
[20:42:50.144] [bmv2] [T] [thread 15258] [23.0] [cxt 0] Skipping checksum 'cksum' update because condition not met
[20:42:50.144] [bmv2] [D] [thread 15258] [23.0] [cxt 0] Deparsing header 'ethernet'
[20:42:50.144] [bmv2] [D] [thread 15258] [23.0] [cxt 0] Deparser 'deparser': end
[20:42:50.144] [bmv2] [D] [thread 15262] [23.0] [cxt 0] Transmitting packet of size 196 out of port 0
[20:42:50.245] [bmv2] [D] [thread 15257] [24.0] [cxt 0] Processing packet received on port 2
[20:42:50.245] [bmv2] [D] [thread 15257] [24.0] [cxt 0] Parser 'parser': start
[20:42:50.246] [bmv2] [D] [thread 15257] [24.0] [cxt 0] Parser 'parser' entering state 'start'
[20:42:50.246] [bmv2] [D] [thread 15257] [24.0] [cxt 0] Extracting header 'ethernet'
[20:42:50.246] [bmv2] [D] [thread 15257] [24.0] [cxt 0] Parser state 'start': key is 86dd
[20:42:50.246] [bmv2] [T] [thread 15257] [24.0] [cxt 0] Bytes parsed: 14
[20:42:50.246] [bmv2] [T] [thread 15257] [24.0] [cxt 0] Skipping checksum 'cksum' verification because target field invalid
[20:42:50.246] [bmv2] [D] [thread 15257] [24.0] [cxt 0] Parser 'parser': end
[20:42:50.246] [bmv2] [D] [thread 15257] [24.0] [cxt 0] Pipeline 'ingress': start
[20:42:50.246] [bmv2] [T] [thread 15257] [24.0] [cxt 0] basic.p4(114) Condition "hdr.ipv4.isValid()" (node_2) is false
[20:42:50.246] [bmv2] [D] [thread 15257] [24.0] [cxt 0] Pipeline 'ingress': end
[20:42:50.246] [bmv2] [D] [thread 15257] [24.0] [cxt 0] Egress port is 0
[20:42:50.246] [bmv2] [D] [thread 15258] [24.0] [cxt 0] Pipeline 'egress': start
[20:42:50.246] [bmv2] [D] [thread 15258] [24.0] [cxt 0] Pipeline 'egress': end
[20:42:50.246] [bmv2] [D] [thread 15258] [24.0] [cxt 0] Deparser 'deparser': start
[20:42:50.246] [bmv2] [T] [thread 15258] [24.0] [cxt 0] Skipping checksum 'cksum' update because condition not met
[20:42:50.246] [bmv2] [D] [thread 15258] [24.0] [cxt 0] Deparsing header 'ethernet'
[20:42:50.246] [bmv2] [D] [thread 15258] [24.0] [cxt 0] Deparser 'deparser': end
[20:42:50.246] [bmv2] [D] [thread 15262] [24.0] [cxt 0] Transmitting packet of size 196 out of port 0
[20:42:50.598] [bmv2] [D] [thread 15257] [25.0] [cxt 0] Processing packet received on port 1
[20:42:50.598] [bmv2] [D] [thread 15257] [25.0] [cxt 0] Parser 'parser': start
[20:42:50.598] [bmv2] [D] [thread 15257] [25.0] [cxt 0] Parser 'parser' entering state 'start'
[20:42:50.598] [bmv2] [D] [thread 15257] [25.0] [cxt 0] Extracting header 'ethernet'
[20:42:50.598] [bmv2] [D] [thread 15257] [25.0] [cxt 0] Parser state 'start': key is 86dd
[20:42:50.598] [bmv2] [T] [thread 15257] [25.0] [cxt 0] Bytes parsed: 14
[20:42:50.598] [bmv2] [T] [thread 15257] [25.0] [cxt 0] Skipping checksum 'cksum' verification because target field invalid
[20:42:50.599] [bmv2] [D] [thread 15257] [25.0] [cxt 0] Parser 'parser': end
[20:42:50.599] [bmv2] [D] [thread 15257] [25.0] [cxt 0] Pipeline 'ingress': start
[20:42:50.599] [bmv2] [T] [thread 15257] [25.0] [cxt 0] basic.p4(114) Condition "hdr.ipv4.isValid()" (node_2) is false
[20:42:50.599] [bmv2] [D] [thread 15257] [25.0] [cxt 0] Pipeline 'ingress': end
[20:42:50.599] [bmv2] [D] [thread 15257] [25.0] [cxt 0] Egress port is 0
[20:42:50.599] [bmv2] [D] [thread 15258] [25.0] [cxt 0] Pipeline 'egress': start
[20:42:50.599] [bmv2] [D] [thread 15258] [25.0] [cxt 0] Pipeline 'egress': end
[20:42:50.599] [bmv2] [D] [thread 15258] [25.0] [cxt 0] Deparser 'deparser': start
[20:42:50.599] [bmv2] [T] [thread 15258] [25.0] [cxt 0] Skipping checksum 'cksum' update because condition not met
[20:42:50.599] [bmv2] [D] [thread 15258] [25.0] [cxt 0] Deparsing header 'ethernet'
[20:42:50.599] [bmv2] [D] [thread 15258] [25.0] [cxt 0] Deparser 'deparser': end
[20:42:50.599] [bmv2] [D] [thread 15262] [25.0] [cxt 0] Transmitting packet of size 180 out of port 0
[20:42:50.816] [bmv2] [D] [thread 15257] [26.0] [cxt 0] Processing packet received on port 2
[20:42:50.816] [bmv2] [D] [thread 15257] [26.0] [cxt 0] Parser 'parser': start
[20:42:50.817] [bmv2] [D] [thread 15257] [26.0] [cxt 0] Parser 'parser' entering state 'start'
[20:42:50.817] [bmv2] [D] [thread 15257] [26.0] [cxt 0] Extracting header 'ethernet'
[20:42:50.817] [bmv2] [D] [thread 15257] [26.0] [cxt 0] Parser state 'start': key is 86dd
[20:42:50.817] [bmv2] [T] [thread 15257] [26.0] [cxt 0] Bytes parsed: 14
[20:42:50.817] [bmv2] [T] [thread 15257] [26.0] [cxt 0] Skipping checksum 'cksum' verification because target field invalid
[20:42:50.817] [bmv2] [D] [thread 15257] [26.0] [cxt 0] Parser 'parser': end
[20:42:50.817] [bmv2] [D] [thread 15257] [26.0] [cxt 0] Pipeline 'ingress': start
[20:42:50.817] [bmv2] [T] [thread 15257] [26.0] [cxt 0] basic.p4(114) Condition "hdr.ipv4.isValid()" (node_2) is false
[20:42:50.817] [bmv2] [D] [thread 15257] [26.0] [cxt 0] Pipeline 'ingress': end
[20:42:50.817] [bmv2] [D] [thread 15257] [26.0] [cxt 0] Egress port is 0
[20:42:50.817] [bmv2] [D] [thread 15258] [26.0] [cxt 0] Pipeline 'egress': start
[20:42:50.817] [bmv2] [D] [thread 15258] [26.0] [cxt 0] Pipeline 'egress': end
[20:42:50.817] [bmv2] [D] [thread 15258] [26.0] [cxt 0] Deparser 'deparser': start
[20:42:50.817] [bmv2] [T] [thread 15258] [26.0] [cxt 0] Skipping checksum 'cksum' update because condition not met
[20:42:50.817] [bmv2] [D] [thread 15258] [26.0] [cxt 0] Deparsing header 'ethernet'
[20:42:50.817] [bmv2] [D] [thread 15258] [26.0] [cxt 0] Deparser 'deparser': end
[20:42:50.817] [bmv2] [D] [thread 15262] [26.0] [cxt 0] Transmitting packet of size 180 out of port 0
[20:42:51.245] [bmv2] [D] [thread 15257] [27.0] [cxt 0] Processing packet received on port 3
[20:42:51.245] [bmv2] [D] [thread 15257] [27.0] [cxt 0] Parser 'parser': start
[20:42:51.245] [bmv2] [D] [thread 15257] [27.0] [cxt 0] Parser 'parser' entering state 'start'
[20:42:51.245] [bmv2] [D] [thread 15257] [27.0] [cxt 0] Extracting header 'ethernet'
[20:42:51.245] [bmv2] [D] [thread 15257] [27.0] [cxt 0] Parser state 'start': key is 86dd
[20:42:51.245] [bmv2] [T] [thread 15257] [27.0] [cxt 0] Bytes parsed: 14
[20:42:51.245] [bmv2] [T] [thread 15257] [27.0] [cxt 0] Skipping checksum 'cksum' verification because target field invalid
[20:42:51.245] [bmv2] [D] [thread 15257] [27.0] [cxt 0] Parser 'parser': end
[20:42:51.245] [bmv2] [D] [thread 15257] [27.0] [cxt 0] Pipeline 'ingress': start
[20:42:51.245] [bmv2] [T] [thread 15257] [27.0] [cxt 0] basic.p4(114) Condition "hdr.ipv4.isValid()" (node_2) is false
[20:42:51.245] [bmv2] [D] [thread 15257] [27.0] [cxt 0] Pipeline 'ingress': end
[20:42:51.245] [bmv2] [D] [thread 15257] [27.0] [cxt 0] Egress port is 0
[20:42:51.245] [bmv2] [D] [thread 15258] [27.0] [cxt 0] Pipeline 'egress': start
[20:42:51.245] [bmv2] [D] [thread 15258] [27.0] [cxt 0] Pipeline 'egress': end
[20:42:51.245] [bmv2] [D] [thread 15258] [27.0] [cxt 0] Deparser 'deparser': start
[20:42:51.245] [bmv2] [T] [thread 15258] [27.0] [cxt 0] Skipping checksum 'cksum' update because condition not met
[20:42:51.245] [bmv2] [D] [thread 15258] [27.0] [cxt 0] Deparsing header 'ethernet'
[20:42:51.245] [bmv2] [D] [thread 15258] [27.0] [cxt 0] Deparser 'deparser': end
[20:42:51.245] [bmv2] [D] [thread 15262] [27.0] [cxt 0] Transmitting packet of size 180 out of port 0
[20:42:51.386] [bmv2] [D] [thread 15257] [28.0] [cxt 0] Processing packet received on port 1
[20:42:51.386] [bmv2] [D] [thread 15257] [28.0] [cxt 0] Parser 'parser': start
[20:42:51.386] [bmv2] [D] [thread 15257] [28.0] [cxt 0] Parser 'parser' entering state 'start'
[20:42:51.386] [bmv2] [D] [thread 15257] [28.0] [cxt 0] Extracting header 'ethernet'
[20:42:51.386] [bmv2] [D] [thread 15257] [28.0] [cxt 0] Parser state 'start': key is 86dd
[20:42:51.386] [bmv2] [T] [thread 15257] [28.0] [cxt 0] Bytes parsed: 14
[20:42:51.386] [bmv2] [T] [thread 15257] [28.0] [cxt 0] Skipping checksum 'cksum' verification because target field invalid
[20:42:51.386] [bmv2] [D] [thread 15257] [28.0] [cxt 0] Parser 'parser': end
[20:42:51.386] [bmv2] [D] [thread 15257] [28.0] [cxt 0] Pipeline 'ingress': start
[20:42:51.386] [bmv2] [T] [thread 15257] [28.0] [cxt 0] basic.p4(114) Condition "hdr.ipv4.isValid()" (node_2) is false
[20:42:51.386] [bmv2] [D] [thread 15257] [28.0] [cxt 0] Pipeline 'ingress': end
[20:42:51.386] [bmv2] [D] [thread 15257] [28.0] [cxt 0] Egress port is 0
[20:42:51.386] [bmv2] [D] [thread 15258] [28.0] [cxt 0] Pipeline 'egress': start
[20:42:51.386] [bmv2] [D] [thread 15258] [28.0] [cxt 0] Pipeline 'egress': end
[20:42:51.386] [bmv2] [D] [thread 15258] [28.0] [cxt 0] Deparser 'deparser': start
[20:42:51.386] [bmv2] [T] [thread 15258] [28.0] [cxt 0] Skipping checksum 'cksum' update because condition not met
[20:42:51.386] [bmv2] [D] [thread 15258] [28.0] [cxt 0] Deparsing header 'ethernet'
[20:42:51.386] [bmv2] [D] [thread 15258] [28.0] [cxt 0] Deparser 'deparser': end
[20:42:51.386] [bmv2] [D] [thread 15262] [28.0] [cxt 0] Transmitting packet of size 196 out of port 0
[20:42:51.493] [bmv2] [D] [thread 15257] [29.0] [cxt 0] Processing packet received on port 1
[20:42:51.493] [bmv2] [D] [thread 15257] [29.0] [cxt 0] Parser 'parser': start
[20:42:51.493] [bmv2] [D] [thread 15257] [29.0] [cxt 0] Parser 'parser' entering state 'start'
[20:42:51.493] [bmv2] [D] [thread 15257] [29.0] [cxt 0] Extracting header 'ethernet'
[20:42:51.493] [bmv2] [D] [thread 15257] [29.0] [cxt 0] Parser state 'start': key is 86dd
[20:42:51.493] [bmv2] [T] [thread 15257] [29.0] [cxt 0] Bytes parsed: 14
[20:42:51.494] [bmv2] [T] [thread 15257] [29.0] [cxt 0] Skipping checksum 'cksum' verification because target field invalid
[20:42:51.494] [bmv2] [D] [thread 15257] [29.0] [cxt 0] Parser 'parser': end
[20:42:51.494] [bmv2] [D] [thread 15257] [29.0] [cxt 0] Pipeline 'ingress': start
[20:42:51.494] [bmv2] [T] [thread 15257] [29.0] [cxt 0] basic.p4(114) Condition "hdr.ipv4.isValid()" (node_2) is false
[20:42:51.494] [bmv2] [D] [thread 15257] [29.0] [cxt 0] Pipeline 'ingress': end
[20:42:51.494] [bmv2] [D] [thread 15257] [29.0] [cxt 0] Egress port is 0
[20:42:51.494] [bmv2] [D] [thread 15258] [29.0] [cxt 0] Pipeline 'egress': start
[20:42:51.494] [bmv2] [D] [thread 15258] [29.0] [cxt 0] Pipeline 'egress': end
[20:42:51.494] [bmv2] [D] [thread 15258] [29.0] [cxt 0] Deparser 'deparser': start
[20:42:51.494] [bmv2] [T] [thread 15258] [29.0] [cxt 0] Skipping checksum 'cksum' update because condition not met
[20:42:51.494] [bmv2] [D] [thread 15258] [29.0] [cxt 0] Deparsing header 'ethernet'
[20:42:51.494] [bmv2] [D] [thread 15258] [29.0] [cxt 0] Deparser 'deparser': end
[20:42:51.494] [bmv2] [D] [thread 15262] [29.0] [cxt 0] Transmitting packet of size 70 out of port 0
[20:42:51.495] [bmv2] [D] [thread 15257] [30.0] [cxt 0] Processing packet received on port 2
[20:42:51.495] [bmv2] [D] [thread 15257] [30.0] [cxt 0] Parser 'parser': start
[20:42:51.495] [bmv2] [D] [thread 15257] [30.0] [cxt 0] Parser 'parser' entering state 'start'
[20:42:51.495] [bmv2] [D] [thread 15257] [30.0] [cxt 0] Extracting header 'ethernet'
[20:42:51.495] [bmv2] [D] [thread 15257] [30.0] [cxt 0] Parser state 'start': key is 86dd
[20:42:51.495] [bmv2] [T] [thread 15257] [30.0] [cxt 0] Bytes parsed: 14
[20:42:51.495] [bmv2] [T] [thread 15257] [30.0] [cxt 0] Skipping checksum 'cksum' verification because target field invalid
[20:42:51.495] [bmv2] [D] [thread 15257] [30.0] [cxt 0] Parser 'parser': end
[20:42:51.495] [bmv2] [D] [thread 15257] [30.0] [cxt 0] Pipeline 'ingress': start
[20:42:51.495] [bmv2] [T] [thread 15257] [30.0] [cxt 0] basic.p4(114) Condition "hdr.ipv4.isValid()" (node_2) is false
[20:42:51.495] [bmv2] [D] [thread 15257] [30.0] [cxt 0] Pipeline 'ingress': end
[20:42:51.495] [bmv2] [D] [thread 15257] [30.0] [cxt 0] Egress port is 0
[20:42:51.495] [bmv2] [D] [thread 15258] [30.0] [cxt 0] Pipeline 'egress': start
[20:42:51.495] [bmv2] [D] [thread 15258] [30.0] [cxt 0] Pipeline 'egress': end
[20:42:51.495] [bmv2] [D] [thread 15258] [30.0] [cxt 0] Deparser 'deparser': start
[20:42:51.495] [bmv2] [T] [thread 15258] [30.0] [cxt 0] Skipping checksum 'cksum' update because condition not met
[20:42:51.495] [bmv2] [D] [thread 15258] [30.0] [cxt 0] Deparsing header 'ethernet'
[20:42:51.495] [bmv2] [D] [thread 15258] [30.0] [cxt 0] Deparser 'deparser': end
[20:42:51.495] [bmv2] [D] [thread 15262] [30.0] [cxt 0] Transmitting packet of size 180 out of port 0
[20:42:51.604] [bmv2] [D] [thread 15257] [31.0] [cxt 0] Processing packet received on port 2
[20:42:51.605] [bmv2] [D] [thread 15257] [31.0] [cxt 0] Parser 'parser': start
[20:42:51.605] [bmv2] [D] [thread 15257] [31.0] [cxt 0] Parser 'parser' entering state 'start'
[20:42:51.605] [bmv2] [D] [thread 15257] [31.0] [cxt 0] Extracting header 'ethernet'
[20:42:51.605] [bmv2] [D] [thread 15257] [31.0] [cxt 0] Parser state 'start': key is 86dd
[20:42:51.605] [bmv2] [T] [thread 15257] [31.0] [cxt 0] Bytes parsed: 14
[20:42:51.605] [bmv2] [T] [thread 15257] [31.0] [cxt 0] Skipping checksum 'cksum' verification because target field invalid
[20:42:51.605] [bmv2] [D] [thread 15257] [31.0] [cxt 0] Parser 'parser': end
[20:42:51.605] [bmv2] [D] [thread 15257] [31.0] [cxt 0] Pipeline 'ingress': start
[20:42:51.605] [bmv2] [T] [thread 15257] [31.0] [cxt 0] basic.p4(114) Condition "hdr.ipv4.isValid()" (node_2) is false
[20:42:51.605] [bmv2] [D] [thread 15257] [31.0] [cxt 0] Pipeline 'ingress': end
[20:42:51.605] [bmv2] [D] [thread 15257] [31.0] [cxt 0] Egress port is 0
[20:42:51.605] [bmv2] [D] [thread 15258] [31.0] [cxt 0] Pipeline 'egress': start
[20:42:51.605] [bmv2] [D] [thread 15258] [31.0] [cxt 0] Pipeline 'egress': end
[20:42:51.605] [bmv2] [D] [thread 15258] [31.0] [cxt 0] Deparser 'deparser': start
[20:42:51.605] [bmv2] [T] [thread 15258] [31.0] [cxt 0] Skipping checksum 'cksum' update because condition not met
[20:42:51.605] [bmv2] [D] [thread 15258] [31.0] [cxt 0] Deparsing header 'ethernet'
[20:42:51.605] [bmv2] [D] [thread 15258] [31.0] [cxt 0] Deparser 'deparser': end
[20:42:51.605] [bmv2] [D] [thread 15262] [31.0] [cxt 0] Transmitting packet of size 196 out of port 0
[20:42:51.716] [bmv2] [D] [thread 15257] [32.0] [cxt 0] Processing packet received on port 2
[20:42:51.716] [bmv2] [D] [thread 15257] [32.0] [cxt 0] Parser 'parser': start
[20:42:51.716] [bmv2] [D] [thread 15257] [32.0] [cxt 0] Parser 'parser' entering state 'start'
[20:42:51.716] [bmv2] [D] [thread 15257] [32.0] [cxt 0] Extracting header 'ethernet'
[20:42:51.716] [bmv2] [D] [thread 15257] [32.0] [cxt 0] Parser state 'start': key is 86dd
[20:42:51.716] [bmv2] [T] [thread 15257] [32.0] [cxt 0] Bytes parsed: 14
[20:42:51.716] [bmv2] [T] [thread 15257] [32.0] [cxt 0] Skipping checksum 'cksum' verification because target field invalid
[20:42:51.716] [bmv2] [D] [thread 15257] [32.0] [cxt 0] Parser 'parser': end
[20:42:51.716] [bmv2] [D] [thread 15257] [32.0] [cxt 0] Pipeline 'ingress': start
[20:42:51.716] [bmv2] [T] [thread 15257] [32.0] [cxt 0] basic.p4(114) Condition "hdr.ipv4.isValid()" (node_2) is false
[20:42:51.717] [bmv2] [D] [thread 15257] [32.0] [cxt 0] Pipeline 'ingress': end
[20:42:51.717] [bmv2] [D] [thread 15257] [32.0] [cxt 0] Egress port is 0
[20:42:51.717] [bmv2] [D] [thread 15258] [32.0] [cxt 0] Pipeline 'egress': start
[20:42:51.717] [bmv2] [D] [thread 15258] [32.0] [cxt 0] Pipeline 'egress': end
[20:42:51.717] [bmv2] [D] [thread 15258] [32.0] [cxt 0] Deparser 'deparser': start
[20:42:51.717] [bmv2] [T] [thread 15258] [32.0] [cxt 0] Skipping checksum 'cksum' update because condition not met
[20:42:51.717] [bmv2] [D] [thread 15258] [32.0] [cxt 0] Deparsing header 'ethernet'
[20:42:51.717] [bmv2] [D] [thread 15258] [32.0] [cxt 0] Deparser 'deparser': end
[20:42:51.717] [bmv2] [D] [thread 15262] [32.0] [cxt 0] Transmitting packet of size 70 out of port 0
[20:42:52.050] [bmv2] [D] [thread 15257] [33.0] [cxt 0] Processing packet received on port 3
[20:42:52.050] [bmv2] [D] [thread 15257] [33.0] [cxt 0] Parser 'parser': start
[20:42:52.050] [bmv2] [D] [thread 15257] [33.0] [cxt 0] Parser 'parser' entering state 'start'
[20:42:52.050] [bmv2] [D] [thread 15257] [33.0] [cxt 0] Extracting header 'ethernet'
[20:42:52.050] [bmv2] [D] [thread 15257] [33.0] [cxt 0] Parser state 'start': key is 86dd
[20:42:52.050] [bmv2] [T] [thread 15257] [33.0] [cxt 0] Bytes parsed: 14
[20:42:52.050] [bmv2] [T] [thread 15257] [33.0] [cxt 0] Skipping checksum 'cksum' verification because target field invalid
[20:42:52.050] [bmv2] [D] [thread 15257] [33.0] [cxt 0] Parser 'parser': end
[20:42:52.050] [bmv2] [D] [thread 15257] [33.0] [cxt 0] Pipeline 'ingress': start
[20:42:52.050] [bmv2] [T] [thread 15257] [33.0] [cxt 0] basic.p4(114) Condition "hdr.ipv4.isValid()" (node_2) is false
[20:42:52.050] [bmv2] [D] [thread 15257] [33.0] [cxt 0] Pipeline 'ingress': end
[20:42:52.050] [bmv2] [D] [thread 15257] [33.0] [cxt 0] Egress port is 0
[20:42:52.050] [bmv2] [D] [thread 15258] [33.0] [cxt 0] Pipeline 'egress': start
[20:42:52.050] [bmv2] [D] [thread 15258] [33.0] [cxt 0] Pipeline 'egress': end
[20:42:52.050] [bmv2] [D] [thread 15258] [33.0] [cxt 0] Deparser 'deparser': start
[20:42:52.050] [bmv2] [T] [thread 15258] [33.0] [cxt 0] Skipping checksum 'cksum' update because condition not met
[20:42:52.050] [bmv2] [D] [thread 15258] [33.0] [cxt 0] Deparsing header 'ethernet'
[20:42:52.050] [bmv2] [D] [thread 15258] [33.0] [cxt 0] Deparser 'deparser': end
[20:42:52.050] [bmv2] [D] [thread 15262] [33.0] [cxt 0] Transmitting packet of size 196 out of port 0
[20:42:52.136] [bmv2] [D] [thread 15257] [34.0] [cxt 0] Processing packet received on port 3
[20:42:52.136] [bmv2] [D] [thread 15257] [34.0] [cxt 0] Parser 'parser': start
[20:42:52.136] [bmv2] [D] [thread 15257] [34.0] [cxt 0] Parser 'parser' entering state 'start'
[20:42:52.136] [bmv2] [D] [thread 15257] [34.0] [cxt 0] Extracting header 'ethernet'
[20:42:52.136] [bmv2] [D] [thread 15257] [34.0] [cxt 0] Parser state 'start': key is 86dd
[20:42:52.136] [bmv2] [T] [thread 15257] [34.0] [cxt 0] Bytes parsed: 14
[20:42:52.136] [bmv2] [T] [thread 15257] [34.0] [cxt 0] Skipping checksum 'cksum' verification because target field invalid
[20:42:52.136] [bmv2] [D] [thread 15257] [34.0] [cxt 0] Parser 'parser': end
[20:42:52.136] [bmv2] [D] [thread 15257] [34.0] [cxt 0] Pipeline 'ingress': start
[20:42:52.136] [bmv2] [T] [thread 15257] [34.0] [cxt 0] basic.p4(114) Condition "hdr.ipv4.isValid()" (node_2) is false
[20:42:52.136] [bmv2] [D] [thread 15257] [34.0] [cxt 0] Pipeline 'ingress': end
[20:42:52.136] [bmv2] [D] [thread 15257] [34.0] [cxt 0] Egress port is 0
[20:42:52.136] [bmv2] [D] [thread 15258] [34.0] [cxt 0] Pipeline 'egress': start
[20:42:52.137] [bmv2] [D] [thread 15258] [34.0] [cxt 0] Pipeline 'egress': end
[20:42:52.137] [bmv2] [D] [thread 15258] [34.0] [cxt 0] Deparser 'deparser': start
[20:42:52.137] [bmv2] [T] [thread 15258] [34.0] [cxt 0] Skipping checksum 'cksum' update because condition not met
[20:42:52.137] [bmv2] [D] [thread 15258] [34.0] [cxt 0] Deparsing header 'ethernet'
[20:42:52.137] [bmv2] [D] [thread 15258] [34.0] [cxt 0] Deparser 'deparser': end
[20:42:52.137] [bmv2] [D] [thread 15262] [34.0] [cxt 0] Transmitting packet of size 70 out of port 0
[20:42:52.190] [bmv2] [D] [thread 15257] [35.0] [cxt 0] Processing packet received on port 3
[20:42:52.190] [bmv2] [D] [thread 15257] [35.0] [cxt 0] Parser 'parser': start
[20:42:52.190] [bmv2] [D] [thread 15257] [35.0] [cxt 0] Parser 'parser' entering state 'start'
[20:42:52.190] [bmv2] [D] [thread 15257] [35.0] [cxt 0] Extracting header 'ethernet'
[20:42:52.190] [bmv2] [D] [thread 15257] [35.0] [cxt 0] Parser state 'start': key is 86dd
[20:42:52.190] [bmv2] [T] [thread 15257] [35.0] [cxt 0] Bytes parsed: 14
[20:42:52.190] [bmv2] [T] [thread 15257] [35.0] [cxt 0] Skipping checksum 'cksum' verification because target field invalid
[20:42:52.190] [bmv2] [D] [thread 15257] [35.0] [cxt 0] Parser 'parser': end
[20:42:52.190] [bmv2] [D] [thread 15257] [35.0] [cxt 0] Pipeline 'ingress': start
[20:42:52.190] [bmv2] [T] [thread 15257] [35.0] [cxt 0] basic.p4(114) Condition "hdr.ipv4.isValid()" (node_2) is false
[20:42:52.190] [bmv2] [D] [thread 15257] [35.0] [cxt 0] Pipeline 'ingress': end
[20:42:52.190] [bmv2] [D] [thread 15257] [35.0] [cxt 0] Egress port is 0
[20:42:52.190] [bmv2] [D] [thread 15258] [35.0] [cxt 0] Pipeline 'egress': start
[20:42:52.190] [bmv2] [D] [thread 15258] [35.0] [cxt 0] Pipeline 'egress': end
[20:42:52.190] [bmv2] [D] [thread 15258] [35.0] [cxt 0] Deparser 'deparser': start
[20:42:52.190] [bmv2] [T] [thread 15258] [35.0] [cxt 0] Skipping checksum 'cksum' update because condition not met
[20:42:52.190] [bmv2] [D] [thread 15258] [35.0] [cxt 0] Deparsing header 'ethernet'
[20:42:52.190] [bmv2] [D] [thread 15258] [35.0] [cxt 0] Deparser 'deparser': end
[20:42:52.190] [bmv2] [D] [thread 15262] [35.0] [cxt 0] Transmitting packet of size 196 out of port 0
[20:42:52.287] [bmv2] [D] [thread 15257] [36.0] [cxt 0] Processing packet received on port 2
[20:42:52.287] [bmv2] [D] [thread 15257] [36.0] [cxt 0] Parser 'parser': start
[20:42:52.287] [bmv2] [D] [thread 15257] [36.0] [cxt 0] Parser 'parser' entering state 'start'
[20:42:52.287] [bmv2] [D] [thread 15257] [36.0] [cxt 0] Extracting header 'ethernet'
[20:42:52.287] [bmv2] [D] [thread 15257] [36.0] [cxt 0] Parser state 'start': key is 86dd
[20:42:52.287] [bmv2] [T] [thread 15257] [36.0] [cxt 0] Bytes parsed: 14
[20:42:52.287] [bmv2] [T] [thread 15257] [36.0] [cxt 0] Skipping checksum 'cksum' verification because target field invalid
[20:42:52.287] [bmv2] [D] [thread 15257] [36.0] [cxt 0] Parser 'parser': end
[20:42:52.287] [bmv2] [D] [thread 15257] [36.0] [cxt 0] Pipeline 'ingress': start
[20:42:52.287] [bmv2] [T] [thread 15257] [36.0] [cxt 0] basic.p4(114) Condition "hdr.ipv4.isValid()" (node_2) is false
[20:42:52.287] [bmv2] [D] [thread 15257] [36.0] [cxt 0] Pipeline 'ingress': end
[20:42:52.287] [bmv2] [D] [thread 15257] [36.0] [cxt 0] Egress port is 0
[20:42:52.287] [bmv2] [D] [thread 15258] [36.0] [cxt 0] Pipeline 'egress': start
[20:42:52.287] [bmv2] [D] [thread 15258] [36.0] [cxt 0] Pipeline 'egress': end
[20:42:52.287] [bmv2] [D] [thread 15258] [36.0] [cxt 0] Deparser 'deparser': start
[20:42:52.287] [bmv2] [T] [thread 15258] [36.0] [cxt 0] Skipping checksum 'cksum' update because condition not met
[20:42:52.288] [bmv2] [D] [thread 15258] [36.0] [cxt 0] Deparsing header 'ethernet'
[20:42:52.288] [bmv2] [D] [thread 15258] [36.0] [cxt 0] Deparser 'deparser': end
[20:42:52.288] [bmv2] [D] [thread 15262] [36.0] [cxt 0] Transmitting packet of size 196 out of port 0
[20:42:52.291] [bmv2] [D] [thread 15257] [37.0] [cxt 0] Processing packet received on port 3
[20:42:52.292] [bmv2] [D] [thread 15257] [37.0] [cxt 0] Parser 'parser': start
[20:42:52.292] [bmv2] [D] [thread 15257] [37.0] [cxt 0] Parser 'parser' entering state 'start'
[20:42:52.292] [bmv2] [D] [thread 15257] [37.0] [cxt 0] Extracting header 'ethernet'
[20:42:52.292] [bmv2] [D] [thread 15257] [37.0] [cxt 0] Parser state 'start': key is 86dd
[20:42:52.292] [bmv2] [T] [thread 15257] [37.0] [cxt 0] Bytes parsed: 14
[20:42:52.292] [bmv2] [T] [thread 15257] [37.0] [cxt 0] Skipping checksum 'cksum' verification because target field invalid
[20:42:52.292] [bmv2] [D] [thread 15257] [37.0] [cxt 0] Parser 'parser': end
[20:42:52.292] [bmv2] [D] [thread 15257] [37.0] [cxt 0] Pipeline 'ingress': start
[20:42:52.292] [bmv2] [T] [thread 15257] [37.0] [cxt 0] basic.p4(114) Condition "hdr.ipv4.isValid()" (node_2) is false
[20:42:52.292] [bmv2] [D] [thread 15257] [37.0] [cxt 0] Pipeline 'ingress': end
[20:42:52.292] [bmv2] [D] [thread 15257] [37.0] [cxt 0] Egress port is 0
[20:42:52.292] [bmv2] [D] [thread 15258] [37.0] [cxt 0] Pipeline 'egress': start
[20:42:52.292] [bmv2] [D] [thread 15258] [37.0] [cxt 0] Pipeline 'egress': end
[20:42:52.292] [bmv2] [D] [thread 15258] [37.0] [cxt 0] Deparser 'deparser': start
[20:42:52.292] [bmv2] [T] [thread 15258] [37.0] [cxt 0] Skipping checksum 'cksum' update because condition not met
[20:42:52.292] [bmv2] [D] [thread 15258] [37.0] [cxt 0] Deparsing header 'ethernet'
[20:42:52.292] [bmv2] [D] [thread 15258] [37.0] [cxt 0] Deparser 'deparser': end
[20:42:52.292] [bmv2] [D] [thread 15262] [37.0] [cxt 0] Transmitting packet of size 70 out of port 0
[20:42:52.388] [bmv2] [D] [thread 15257] [38.0] [cxt 0] Processing packet received on port 2
[20:42:52.388] [bmv2] [D] [thread 15257] [38.0] [cxt 0] Parser 'parser': start
[20:42:52.388] [bmv2] [D] [thread 15257] [38.0] [cxt 0] Parser 'parser' entering state 'start'
[20:42:52.388] [bmv2] [D] [thread 15257] [38.0] [cxt 0] Extracting header 'ethernet'
[20:42:52.388] [bmv2] [D] [thread 15257] [38.0] [cxt 0] Parser state 'start': key is 86dd
[20:42:52.388] [bmv2] [T] [thread 15257] [38.0] [cxt 0] Bytes parsed: 14
[20:42:52.388] [bmv2] [T] [thread 15257] [38.0] [cxt 0] Skipping checksum 'cksum' verification because target field invalid
[20:42:52.388] [bmv2] [D] [thread 15257] [38.0] [cxt 0] Parser 'parser': end
[20:42:52.388] [bmv2] [D] [thread 15257] [38.0] [cxt 0] Pipeline 'ingress': start
[20:42:52.388] [bmv2] [T] [thread 15257] [38.0] [cxt 0] basic.p4(114) Condition "hdr.ipv4.isValid()" (node_2) is false
[20:42:52.388] [bmv2] [D] [thread 15257] [38.0] [cxt 0] Pipeline 'ingress': end
[20:42:52.388] [bmv2] [D] [thread 15257] [38.0] [cxt 0] Egress port is 0
[20:42:52.388] [bmv2] [D] [thread 15258] [38.0] [cxt 0] Pipeline 'egress': start
[20:42:52.388] [bmv2] [D] [thread 15258] [38.0] [cxt 0] Pipeline 'egress': end
[20:42:52.388] [bmv2] [D] [thread 15258] [38.0] [cxt 0] Deparser 'deparser': start
[20:42:52.388] [bmv2] [T] [thread 15258] [38.0] [cxt 0] Skipping checksum 'cksum' update because condition not met
[20:42:52.388] [bmv2] [D] [thread 15258] [38.0] [cxt 0] Deparsing header 'ethernet'
[20:42:52.388] [bmv2] [D] [thread 15258] [38.0] [cxt 0] Deparser 'deparser': end
[20:42:52.388] [bmv2] [D] [thread 15262] [38.0] [cxt 0] Transmitting packet of size 70 out of port 0
[20:42:54.602] [bmv2] [D] [thread 15257] [39.0] [cxt 0] Processing packet received on port 1
[20:42:54.602] [bmv2] [D] [thread 15257] [39.0] [cxt 0] Parser 'parser': start
[20:42:54.602] [bmv2] [D] [thread 15257] [39.0] [cxt 0] Parser 'parser' entering state 'start'
[20:42:54.602] [bmv2] [D] [thread 15257] [39.0] [cxt 0] Extracting header 'ethernet'
[20:42:54.602] [bmv2] [D] [thread 15257] [39.0] [cxt 0] Parser state 'start': key is 86dd
[20:42:54.602] [bmv2] [T] [thread 15257] [39.0] [cxt 0] Bytes parsed: 14
[20:42:54.602] [bmv2] [T] [thread 15257] [39.0] [cxt 0] Skipping checksum 'cksum' verification because target field invalid
[20:42:54.602] [bmv2] [D] [thread 15257] [39.0] [cxt 0] Parser 'parser': end
[20:42:54.602] [bmv2] [D] [thread 15257] [39.0] [cxt 0] Pipeline 'ingress': start
[20:42:54.602] [bmv2] [T] [thread 15257] [39.0] [cxt 0] basic.p4(114) Condition "hdr.ipv4.isValid()" (node_2) is false
[20:42:54.602] [bmv2] [D] [thread 15257] [39.0] [cxt 0] Pipeline 'ingress': end
[20:42:54.602] [bmv2] [D] [thread 15257] [39.0] [cxt 0] Egress port is 0
[20:42:54.602] [bmv2] [D] [thread 15258] [39.0] [cxt 0] Pipeline 'egress': start
[20:42:54.602] [bmv2] [D] [thread 15258] [39.0] [cxt 0] Pipeline 'egress': end
[20:42:54.602] [bmv2] [D] [thread 15258] [39.0] [cxt 0] Deparser 'deparser': start
[20:42:54.602] [bmv2] [T] [thread 15258] [39.0] [cxt 0] Skipping checksum 'cksum' update because condition not met
[20:42:54.602] [bmv2] [D] [thread 15258] [39.0] [cxt 0] Deparsing header 'ethernet'
[20:42:54.602] [bmv2] [D] [thread 15258] [39.0] [cxt 0] Deparser 'deparser': end
[20:42:54.602] [bmv2] [D] [thread 15262] [39.0] [cxt 0] Transmitting packet of size 180 out of port 0
[20:42:54.846] [bmv2] [D] [thread 15257] [40.0] [cxt 0] Processing packet received on port 2
[20:42:54.846] [bmv2] [D] [thread 15257] [40.0] [cxt 0] Parser 'parser': start
[20:42:54.846] [bmv2] [D] [thread 15257] [40.0] [cxt 0] Parser 'parser' entering state 'start'
[20:42:54.846] [bmv2] [D] [thread 15257] [40.0] [cxt 0] Extracting header 'ethernet'
[20:42:54.846] [bmv2] [D] [thread 15257] [40.0] [cxt 0] Parser state 'start': key is 86dd
[20:42:54.846] [bmv2] [T] [thread 15257] [40.0] [cxt 0] Bytes parsed: 14
[20:42:54.846] [bmv2] [T] [thread 15257] [40.0] [cxt 0] Skipping checksum 'cksum' verification because target field invalid
[20:42:54.846] [bmv2] [D] [thread 15257] [40.0] [cxt 0] Parser 'parser': end
[20:42:54.846] [bmv2] [D] [thread 15257] [40.0] [cxt 0] Pipeline 'ingress': start
[20:42:54.846] [bmv2] [T] [thread 15257] [40.0] [cxt 0] basic.p4(114) Condition "hdr.ipv4.isValid()" (node_2) is false
[20:42:54.846] [bmv2] [D] [thread 15257] [40.0] [cxt 0] Pipeline 'ingress': end
[20:42:54.846] [bmv2] [D] [thread 15257] [40.0] [cxt 0] Egress port is 0
[20:42:54.846] [bmv2] [D] [thread 15258] [40.0] [cxt 0] Pipeline 'egress': start
[20:42:54.847] [bmv2] [D] [thread 15258] [40.0] [cxt 0] Pipeline 'egress': end
[20:42:54.847] [bmv2] [D] [thread 15258] [40.0] [cxt 0] Deparser 'deparser': start
[20:42:54.847] [bmv2] [T] [thread 15258] [40.0] [cxt 0] Skipping checksum 'cksum' update because condition not met
[20:42:54.847] [bmv2] [D] [thread 15258] [40.0] [cxt 0] Deparsing header 'ethernet'
[20:42:54.847] [bmv2] [D] [thread 15258] [40.0] [cxt 0] Deparser 'deparser': end
[20:42:54.847] [bmv2] [D] [thread 15262] [40.0] [cxt 0] Transmitting packet of size 180 out of port 0
[20:42:55.247] [bmv2] [D] [thread 15257] [41.0] [cxt 0] Processing packet received on port 3
[20:42:55.247] [bmv2] [D] [thread 15257] [41.0] [cxt 0] Parser 'parser': start
[20:42:55.247] [bmv2] [D] [thread 15257] [41.0] [cxt 0] Parser 'parser' entering state 'start'
[20:42:55.247] [bmv2] [D] [thread 15257] [41.0] [cxt 0] Extracting header 'ethernet'
[20:42:55.247] [bmv2] [D] [thread 15257] [41.0] [cxt 0] Parser state 'start': key is 86dd
[20:42:55.247] [bmv2] [T] [thread 15257] [41.0] [cxt 0] Bytes parsed: 14
[20:42:55.247] [bmv2] [T] [thread 15257] [41.0] [cxt 0] Skipping checksum 'cksum' verification because target field invalid
[20:42:55.247] [bmv2] [D] [thread 15257] [41.0] [cxt 0] Parser 'parser': end
[20:42:55.247] [bmv2] [D] [thread 15257] [41.0] [cxt 0] Pipeline 'ingress': start
[20:42:55.247] [bmv2] [T] [thread 15257] [41.0] [cxt 0] basic.p4(114) Condition "hdr.ipv4.isValid()" (node_2) is false
[20:42:55.247] [bmv2] [D] [thread 15257] [41.0] [cxt 0] Pipeline 'ingress': end
[20:42:55.247] [bmv2] [D] [thread 15257] [41.0] [cxt 0] Egress port is 0
[20:42:55.248] [bmv2] [D] [thread 15258] [41.0] [cxt 0] Pipeline 'egress': start
[20:42:55.248] [bmv2] [D] [thread 15258] [41.0] [cxt 0] Pipeline 'egress': end
[20:42:55.248] [bmv2] [D] [thread 15258] [41.0] [cxt 0] Deparser 'deparser': start
[20:42:55.248] [bmv2] [T] [thread 15258] [41.0] [cxt 0] Skipping checksum 'cksum' update because condition not met
[20:42:55.248] [bmv2] [D] [thread 15258] [41.0] [cxt 0] Deparsing header 'ethernet'
[20:42:55.248] [bmv2] [D] [thread 15258] [41.0] [cxt 0] Deparser 'deparser': end
[20:42:55.248] [bmv2] [D] [thread 15262] [41.0] [cxt 0] Transmitting packet of size 180 out of port 0
[20:42:55.500] [bmv2] [D] [thread 15257] [42.0] [cxt 0] Processing packet received on port 1
[20:42:55.500] [bmv2] [D] [thread 15257] [42.0] [cxt 0] Parser 'parser': start
[20:42:55.500] [bmv2] [D] [thread 15257] [42.0] [cxt 0] Parser 'parser' entering state 'start'
[20:42:55.500] [bmv2] [D] [thread 15257] [42.0] [cxt 0] Extracting header 'ethernet'
[20:42:55.500] [bmv2] [D] [thread 15257] [42.0] [cxt 0] Parser state 'start': key is 86dd
[20:42:55.500] [bmv2] [T] [thread 15257] [42.0] [cxt 0] Bytes parsed: 14
[20:42:55.500] [bmv2] [T] [thread 15257] [42.0] [cxt 0] Skipping checksum 'cksum' verification because target field invalid
[20:42:55.500] [bmv2] [D] [thread 15257] [42.0] [cxt 0] Parser 'parser': end
[20:42:55.500] [bmv2] [D] [thread 15257] [42.0] [cxt 0] Pipeline 'ingress': start
[20:42:55.500] [bmv2] [T] [thread 15257] [42.0] [cxt 0] basic.p4(114) Condition "hdr.ipv4.isValid()" (node_2) is false
[20:42:55.500] [bmv2] [D] [thread 15257] [42.0] [cxt 0] Pipeline 'ingress': end
[20:42:55.500] [bmv2] [D] [thread 15257] [42.0] [cxt 0] Egress port is 0
[20:42:55.501] [bmv2] [D] [thread 15258] [42.0] [cxt 0] Pipeline 'egress': start
[20:42:55.501] [bmv2] [D] [thread 15258] [42.0] [cxt 0] Pipeline 'egress': end
[20:42:55.501] [bmv2] [D] [thread 15258] [42.0] [cxt 0] Deparser 'deparser': start
[20:42:55.501] [bmv2] [T] [thread 15258] [42.0] [cxt 0] Skipping checksum 'cksum' update because condition not met
[20:42:55.501] [bmv2] [D] [thread 15258] [42.0] [cxt 0] Deparsing header 'ethernet'
[20:42:55.501] [bmv2] [D] [thread 15258] [42.0] [cxt 0] Deparser 'deparser': end
[20:42:55.501] [bmv2] [D] [thread 15262] [42.0] [cxt 0] Transmitting packet of size 70 out of port 0
[20:42:55.501] [bmv2] [D] [thread 15257] [43.0] [cxt 0] Processing packet received on port 2
[20:42:55.501] [bmv2] [D] [thread 15257] [43.0] [cxt 0] Parser 'parser': start
[20:42:55.501] [bmv2] [D] [thread 15257] [43.0] [cxt 0] Parser 'parser' entering state 'start'
[20:42:55.501] [bmv2] [D] [thread 15257] [43.0] [cxt 0] Extracting header 'ethernet'
[20:42:55.501] [bmv2] [D] [thread 15257] [43.0] [cxt 0] Parser state 'start': key is 86dd
[20:42:55.501] [bmv2] [T] [thread 15257] [43.0] [cxt 0] Bytes parsed: 14
[20:42:55.501] [bmv2] [T] [thread 15257] [43.0] [cxt 0] Skipping checksum 'cksum' verification because target field invalid
[20:42:55.501] [bmv2] [D] [thread 15257] [43.0] [cxt 0] Parser 'parser': end
[20:42:55.501] [bmv2] [D] [thread 15257] [43.0] [cxt 0] Pipeline 'ingress': start
[20:42:55.501] [bmv2] [T] [thread 15257] [43.0] [cxt 0] basic.p4(114) Condition "hdr.ipv4.isValid()" (node_2) is false
[20:42:55.501] [bmv2] [D] [thread 15257] [43.0] [cxt 0] Pipeline 'ingress': end
[20:42:55.501] [bmv2] [D] [thread 15257] [43.0] [cxt 0] Egress port is 0
[20:42:55.501] [bmv2] [D] [thread 15258] [43.0] [cxt 0] Pipeline 'egress': start
[20:42:55.501] [bmv2] [D] [thread 15258] [43.0] [cxt 0] Pipeline 'egress': end
[20:42:55.501] [bmv2] [D] [thread 15258] [43.0] [cxt 0] Deparser 'deparser': start
[20:42:55.501] [bmv2] [T] [thread 15258] [43.0] [cxt 0] Skipping checksum 'cksum' update because condition not met
[20:42:55.501] [bmv2] [D] [thread 15258] [43.0] [cxt 0] Deparsing header 'ethernet'
[20:42:55.501] [bmv2] [D] [thread 15258] [43.0] [cxt 0] Deparser 'deparser': end
[20:42:55.502] [bmv2] [D] [thread 15262] [43.0] [cxt 0] Transmitting packet of size 180 out of port 0
[20:42:55.723] [bmv2] [D] [thread 15257] [44.0] [cxt 0] Processing packet received on port 2
[20:42:55.723] [bmv2] [D] [thread 15257] [44.0] [cxt 0] Parser 'parser': start
[20:42:55.723] [bmv2] [D] [thread 15257] [44.0] [cxt 0] Parser 'parser' entering state 'start'
[20:42:55.723] [bmv2] [D] [thread 15257] [44.0] [cxt 0] Extracting header 'ethernet'
[20:42:55.723] [bmv2] [D] [thread 15257] [44.0] [cxt 0] Parser state 'start': key is 86dd
[20:42:55.724] [bmv2] [T] [thread 15257] [44.0] [cxt 0] Bytes parsed: 14
[20:42:55.724] [bmv2] [T] [thread 15257] [44.0] [cxt 0] Skipping checksum 'cksum' verification because target field invalid
[20:42:55.724] [bmv2] [D] [thread 15257] [44.0] [cxt 0] Parser 'parser': end
[20:42:55.724] [bmv2] [D] [thread 15257] [44.0] [cxt 0] Pipeline 'ingress': start
[20:42:55.724] [bmv2] [T] [thread 15257] [44.0] [cxt 0] basic.p4(114) Condition "hdr.ipv4.isValid()" (node_2) is false
[20:42:55.724] [bmv2] [D] [thread 15257] [44.0] [cxt 0] Pipeline 'ingress': end
[20:42:55.724] [bmv2] [D] [thread 15257] [44.0] [cxt 0] Egress port is 0
[20:42:55.724] [bmv2] [D] [thread 15258] [44.0] [cxt 0] Pipeline 'egress': start
[20:42:55.724] [bmv2] [D] [thread 15258] [44.0] [cxt 0] Pipeline 'egress': end
[20:42:55.724] [bmv2] [D] [thread 15258] [44.0] [cxt 0] Deparser 'deparser': start
[20:42:55.724] [bmv2] [T] [thread 15258] [44.0] [cxt 0] Skipping checksum 'cksum' update because condition not met
[20:42:55.724] [bmv2] [D] [thread 15258] [44.0] [cxt 0] Deparsing header 'ethernet'
[20:42:55.724] [bmv2] [D] [thread 15258] [44.0] [cxt 0] Deparser 'deparser': end
[20:42:55.724] [bmv2] [D] [thread 15262] [44.0] [cxt 0] Transmitting packet of size 70 out of port 0
[20:42:56.148] [bmv2] [D] [thread 15257] [45.0] [cxt 0] Processing packet received on port 3
[20:42:56.148] [bmv2] [D] [thread 15257] [45.0] [cxt 0] Parser 'parser': start
[20:42:56.148] [bmv2] [D] [thread 15257] [45.0] [cxt 0] Parser 'parser' entering state 'start'
[20:42:56.148] [bmv2] [D] [thread 15257] [45.0] [cxt 0] Extracting header 'ethernet'
[20:42:56.148] [bmv2] [D] [thread 15257] [45.0] [cxt 0] Parser state 'start': key is 86dd
[20:42:56.148] [bmv2] [T] [thread 15257] [45.0] [cxt 0] Bytes parsed: 14
[20:42:56.148] [bmv2] [T] [thread 15257] [45.0] [cxt 0] Skipping checksum 'cksum' verification because target field invalid
[20:42:56.148] [bmv2] [D] [thread 15257] [45.0] [cxt 0] Parser 'parser': end
[20:42:56.148] [bmv2] [D] [thread 15257] [45.0] [cxt 0] Pipeline 'ingress': start
[20:42:56.148] [bmv2] [T] [thread 15257] [45.0] [cxt 0] basic.p4(114) Condition "hdr.ipv4.isValid()" (node_2) is false
[20:42:56.148] [bmv2] [D] [thread 15257] [45.0] [cxt 0] Pipeline 'ingress': end
[20:42:56.148] [bmv2] [D] [thread 15257] [45.0] [cxt 0] Egress port is 0
[20:42:56.149] [bmv2] [D] [thread 15258] [45.0] [cxt 0] Pipeline 'egress': start
[20:42:56.149] [bmv2] [D] [thread 15258] [45.0] [cxt 0] Pipeline 'egress': end
[20:42:56.149] [bmv2] [D] [thread 15258] [45.0] [cxt 0] Deparser 'deparser': start
[20:42:56.149] [bmv2] [T] [thread 15258] [45.0] [cxt 0] Skipping checksum 'cksum' update because condition not met
[20:42:56.149] [bmv2] [D] [thread 15258] [45.0] [cxt 0] Deparsing header 'ethernet'
[20:42:56.149] [bmv2] [D] [thread 15258] [45.0] [cxt 0] Deparser 'deparser': end
[20:42:56.149] [bmv2] [D] [thread 15262] [45.0] [cxt 0] Transmitting packet of size 70 out of port 0
[20:42:56.300] [bmv2] [D] [thread 15257] [46.0] [cxt 0] Processing packet received on port 3
[20:42:56.301] [bmv2] [D] [thread 15257] [46.0] [cxt 0] Parser 'parser': start
[20:42:56.301] [bmv2] [D] [thread 15257] [46.0] [cxt 0] Parser 'parser' entering state 'start'
[20:42:56.301] [bmv2] [D] [thread 15257] [46.0] [cxt 0] Extracting header 'ethernet'
[20:42:56.301] [bmv2] [D] [thread 15257] [46.0] [cxt 0] Parser state 'start': key is 86dd
[20:42:56.301] [bmv2] [T] [thread 15257] [46.0] [cxt 0] Bytes parsed: 14
[20:42:56.301] [bmv2] [T] [thread 15257] [46.0] [cxt 0] Skipping checksum 'cksum' verification because target field invalid
[20:42:56.301] [bmv2] [D] [thread 15257] [46.0] [cxt 0] Parser 'parser': end
[20:42:56.301] [bmv2] [D] [thread 15257] [46.0] [cxt 0] Pipeline 'ingress': start
[20:42:56.301] [bmv2] [T] [thread 15257] [46.0] [cxt 0] basic.p4(114) Condition "hdr.ipv4.isValid()" (node_2) is false
[20:42:56.301] [bmv2] [D] [thread 15257] [46.0] [cxt 0] Pipeline 'ingress': end
[20:42:56.301] [bmv2] [D] [thread 15257] [46.0] [cxt 0] Egress port is 0
[20:42:56.301] [bmv2] [D] [thread 15258] [46.0] [cxt 0] Pipeline 'egress': start
[20:42:56.301] [bmv2] [D] [thread 15258] [46.0] [cxt 0] Pipeline 'egress': end
[20:42:56.301] [bmv2] [D] [thread 15258] [46.0] [cxt 0] Deparser 'deparser': start
[20:42:56.301] [bmv2] [T] [thread 15258] [46.0] [cxt 0] Skipping checksum 'cksum' update because condition not met
[20:42:56.301] [bmv2] [D] [thread 15258] [46.0] [cxt 0] Deparsing header 'ethernet'
[20:42:56.301] [bmv2] [D] [thread 15258] [46.0] [cxt 0] Deparser 'deparser': end
[20:42:56.301] [bmv2] [D] [thread 15262] [46.0] [cxt 0] Transmitting packet of size 70 out of port 0
[20:42:56.400] [bmv2] [D] [thread 15257] [47.0] [cxt 0] Processing packet received on port 2
[20:42:56.401] [bmv2] [D] [thread 15257] [47.0] [cxt 0] Parser 'parser': start
[20:42:56.401] [bmv2] [D] [thread 15257] [47.0] [cxt 0] Parser 'parser' entering state 'start'
[20:42:56.401] [bmv2] [D] [thread 15257] [47.0] [cxt 0] Extracting header 'ethernet'
[20:42:56.401] [bmv2] [D] [thread 15257] [47.0] [cxt 0] Parser state 'start': key is 86dd
[20:42:56.401] [bmv2] [T] [thread 15257] [47.0] [cxt 0] Bytes parsed: 14
[20:42:56.401] [bmv2] [T] [thread 15257] [47.0] [cxt 0] Skipping checksum 'cksum' verification because target field invalid
[20:42:56.401] [bmv2] [D] [thread 15257] [47.0] [cxt 0] Parser 'parser': end
[20:42:56.401] [bmv2] [D] [thread 15257] [47.0] [cxt 0] Pipeline 'ingress': start
[20:42:56.401] [bmv2] [T] [thread 15257] [47.0] [cxt 0] basic.p4(114) Condition "hdr.ipv4.isValid()" (node_2) is false
[20:42:56.401] [bmv2] [D] [thread 15257] [47.0] [cxt 0] Pipeline 'ingress': end
[20:42:56.401] [bmv2] [D] [thread 15257] [47.0] [cxt 0] Egress port is 0
[20:42:56.401] [bmv2] [D] [thread 15258] [47.0] [cxt 0] Pipeline 'egress': start
[20:42:56.401] [bmv2] [D] [thread 15258] [47.0] [cxt 0] Pipeline 'egress': end
[20:42:56.401] [bmv2] [D] [thread 15258] [47.0] [cxt 0] Deparser 'deparser': start
[20:42:56.401] [bmv2] [T] [thread 15258] [47.0] [cxt 0] Skipping checksum 'cksum' update because condition not met
[20:42:56.401] [bmv2] [D] [thread 15258] [47.0] [cxt 0] Deparsing header 'ethernet'
[20:42:56.401] [bmv2] [D] [thread 15258] [47.0] [cxt 0] Deparser 'deparser': end
[20:42:56.401] [bmv2] [D] [thread 15262] [47.0] [cxt 0] Transmitting packet of size 70 out of port 0
[20:43:02.599] [bmv2] [D] [thread 15257] [48.0] [cxt 0] Processing packet received on port 1
[20:43:02.599] [bmv2] [D] [thread 15257] [48.0] [cxt 0] Parser 'parser': start
[20:43:02.599] [bmv2] [D] [thread 15257] [48.0] [cxt 0] Parser 'parser' entering state 'start'
[20:43:02.599] [bmv2] [D] [thread 15257] [48.0] [cxt 0] Extracting header 'ethernet'
[20:43:02.599] [bmv2] [D] [thread 15257] [48.0] [cxt 0] Parser state 'start': key is 86dd
[20:43:02.599] [bmv2] [T] [thread 15257] [48.0] [cxt 0] Bytes parsed: 14
[20:43:02.599] [bmv2] [T] [thread 15257] [48.0] [cxt 0] Skipping checksum 'cksum' verification because target field invalid
[20:43:02.599] [bmv2] [D] [thread 15257] [48.0] [cxt 0] Parser 'parser': end
[20:43:02.599] [bmv2] [D] [thread 15257] [48.0] [cxt 0] Pipeline 'ingress': start
[20:43:02.599] [bmv2] [T] [thread 15257] [48.0] [cxt 0] basic.p4(114) Condition "hdr.ipv4.isValid()" (node_2) is false
[20:43:02.599] [bmv2] [D] [thread 15257] [48.0] [cxt 0] Pipeline 'ingress': end
[20:43:02.599] [bmv2] [D] [thread 15257] [48.0] [cxt 0] Egress port is 0
[20:43:02.600] [bmv2] [D] [thread 15258] [48.0] [cxt 0] Pipeline 'egress': start
[20:43:02.600] [bmv2] [D] [thread 15258] [48.0] [cxt 0] Pipeline 'egress': end
[20:43:02.600] [bmv2] [D] [thread 15258] [48.0] [cxt 0] Deparser 'deparser': start
[20:43:02.600] [bmv2] [T] [thread 15258] [48.0] [cxt 0] Skipping checksum 'cksum' update because condition not met
[20:43:02.600] [bmv2] [D] [thread 15258] [48.0] [cxt 0] Deparsing header 'ethernet'
[20:43:02.600] [bmv2] [D] [thread 15258] [48.0] [cxt 0] Deparser 'deparser': end
[20:43:02.600] [bmv2] [D] [thread 15262] [48.0] [cxt 0] Transmitting packet of size 180 out of port 0
[20:43:02.822] [bmv2] [D] [thread 15257] [49.0] [cxt 0] Processing packet received on port 2
[20:43:02.822] [bmv2] [D] [thread 15257] [49.0] [cxt 0] Parser 'parser': start
[20:43:02.822] [bmv2] [D] [thread 15257] [49.0] [cxt 0] Parser 'parser' entering state 'start'
[20:43:02.822] [bmv2] [D] [thread 15257] [49.0] [cxt 0] Extracting header 'ethernet'
[20:43:02.822] [bmv2] [D] [thread 15257] [49.0] [cxt 0] Parser state 'start': key is 86dd
[20:43:02.822] [bmv2] [T] [thread 15257] [49.0] [cxt 0] Bytes parsed: 14
[20:43:02.822] [bmv2] [T] [thread 15257] [49.0] [cxt 0] Skipping checksum 'cksum' verification because target field invalid
[20:43:02.822] [bmv2] [D] [thread 15257] [49.0] [cxt 0] Parser 'parser': end
[20:43:02.822] [bmv2] [D] [thread 15257] [49.0] [cxt 0] Pipeline 'ingress': start
[20:43:02.822] [bmv2] [T] [thread 15257] [49.0] [cxt 0] basic.p4(114) Condition "hdr.ipv4.isValid()" (node_2) is false
[20:43:02.822] [bmv2] [D] [thread 15257] [49.0] [cxt 0] Pipeline 'ingress': end
[20:43:02.822] [bmv2] [D] [thread 15257] [49.0] [cxt 0] Egress port is 0
[20:43:02.822] [bmv2] [D] [thread 15258] [49.0] [cxt 0] Pipeline 'egress': start
[20:43:02.822] [bmv2] [D] [thread 15258] [49.0] [cxt 0] Pipeline 'egress': end
[20:43:02.822] [bmv2] [D] [thread 15258] [49.0] [cxt 0] Deparser 'deparser': start
[20:43:02.822] [bmv2] [T] [thread 15258] [49.0] [cxt 0] Skipping checksum 'cksum' update because condition not met
[20:43:02.822] [bmv2] [D] [thread 15258] [49.0] [cxt 0] Deparsing header 'ethernet'
[20:43:02.822] [bmv2] [D] [thread 15258] [49.0] [cxt 0] Deparser 'deparser': end
[20:43:02.822] [bmv2] [D] [thread 15262] [49.0] [cxt 0] Transmitting packet of size 180 out of port 0
[20:43:03.253] [bmv2] [D] [thread 15257] [50.0] [cxt 0] Processing packet received on port 3
[20:43:03.253] [bmv2] [D] [thread 15257] [50.0] [cxt 0] Parser 'parser': start
[20:43:03.253] [bmv2] [D] [thread 15257] [50.0] [cxt 0] Parser 'parser' entering state 'start'
[20:43:03.253] [bmv2] [D] [thread 15257] [50.0] [cxt 0] Extracting header 'ethernet'
[20:43:03.253] [bmv2] [D] [thread 15257] [50.0] [cxt 0] Parser state 'start': key is 86dd
[20:43:03.253] [bmv2] [T] [thread 15257] [50.0] [cxt 0] Bytes parsed: 14
[20:43:03.253] [bmv2] [T] [thread 15257] [50.0] [cxt 0] Skipping checksum 'cksum' verification because target field invalid
[20:43:03.253] [bmv2] [D] [thread 15257] [50.0] [cxt 0] Parser 'parser': end
[20:43:03.253] [bmv2] [D] [thread 15257] [50.0] [cxt 0] Pipeline 'ingress': start
[20:43:03.253] [bmv2] [T] [thread 15257] [50.0] [cxt 0] basic.p4(114) Condition "hdr.ipv4.isValid()" (node_2) is false
[20:43:03.254] [bmv2] [D] [thread 15257] [50.0] [cxt 0] Pipeline 'ingress': end
[20:43:03.254] [bmv2] [D] [thread 15257] [50.0] [cxt 0] Egress port is 0
[20:43:03.254] [bmv2] [D] [thread 15258] [50.0] [cxt 0] Pipeline 'egress': start
[20:43:03.254] [bmv2] [D] [thread 15258] [50.0] [cxt 0] Pipeline 'egress': end
[20:43:03.254] [bmv2] [D] [thread 15258] [50.0] [cxt 0] Deparser 'deparser': start
[20:43:03.254] [bmv2] [T] [thread 15258] [50.0] [cxt 0] Skipping checksum 'cksum' update because condition not met
[20:43:03.254] [bmv2] [D] [thread 15258] [50.0] [cxt 0] Deparsing header 'ethernet'
[20:43:03.254] [bmv2] [D] [thread 15258] [50.0] [cxt 0] Deparser 'deparser': end
[20:43:03.254] [bmv2] [D] [thread 15262] [50.0] [cxt 0] Transmitting packet of size 180 out of port 0
[20:43:03.503] [bmv2] [D] [thread 15257] [51.0] [cxt 0] Processing packet received on port 2
[20:43:03.503] [bmv2] [D] [thread 15257] [51.0] [cxt 0] Parser 'parser': start
[20:43:03.503] [bmv2] [D] [thread 15257] [51.0] [cxt 0] Parser 'parser' entering state 'start'
[20:43:03.503] [bmv2] [D] [thread 15257] [51.0] [cxt 0] Extracting header 'ethernet'
[20:43:03.503] [bmv2] [D] [thread 15257] [51.0] [cxt 0] Parser state 'start': key is 86dd
[20:43:03.503] [bmv2] [T] [thread 15257] [51.0] [cxt 0] Bytes parsed: 14
[20:43:03.503] [bmv2] [T] [thread 15257] [51.0] [cxt 0] Skipping checksum 'cksum' verification because target field invalid
[20:43:03.503] [bmv2] [D] [thread 15257] [51.0] [cxt 0] Parser 'parser': end
[20:43:03.503] [bmv2] [D] [thread 15257] [51.0] [cxt 0] Pipeline 'ingress': start
[20:43:03.503] [bmv2] [T] [thread 15257] [51.0] [cxt 0] basic.p4(114) Condition "hdr.ipv4.isValid()" (node_2) is false
[20:43:03.503] [bmv2] [D] [thread 15257] [51.0] [cxt 0] Pipeline 'ingress': end
[20:43:03.503] [bmv2] [D] [thread 15257] [51.0] [cxt 0] Egress port is 0
[20:43:03.503] [bmv2] [D] [thread 15258] [51.0] [cxt 0] Pipeline 'egress': start
[20:43:03.503] [bmv2] [D] [thread 15258] [51.0] [cxt 0] Pipeline 'egress': end
[20:43:03.503] [bmv2] [D] [thread 15258] [51.0] [cxt 0] Deparser 'deparser': start
[20:43:03.503] [bmv2] [T] [thread 15258] [51.0] [cxt 0] Skipping checksum 'cksum' update because condition not met
[20:43:03.503] [bmv2] [D] [thread 15258] [51.0] [cxt 0] Deparsing header 'ethernet'
[20:43:03.503] [bmv2] [D] [thread 15258] [51.0] [cxt 0] Deparser 'deparser': end
[20:43:03.503] [bmv2] [D] [thread 15262] [51.0] [cxt 0] Transmitting packet of size 180 out of port 0
open: No such file or directory
open: No such file or directory
open: No such file or directory
open: No such file or directory
